{"/home/runner/work/agapp/agapp/mobile/src/constants.ts": {"path":"/home/runner/work/agapp/agapp/mobile/src/constants.ts","statementMap":{"0":{"start":{"line":2,"column":40},"end":{"line":2,"column":42}}},"fnMap":{},"branchMap":{},"s":{"0":0},"f":{},"b":{}}
,"/home/runner/work/agapp/agapp/mobile/src/api/auth.ts": {"path":"/home/runner/work/agapp/agapp/mobile/src/api/auth.ts","statementMap":{"0":{"start":{"line":14,"column":2},"end":{"line":42,"column":3}},"1":{"start":{"line":15,"column":19},"end":{"line":18,"column":6}},"2":{"start":{"line":20,"column":4},"end":{"line":22,"column":5}},"3":{"start":{"line":21,"column":6},"end":{"line":21,"column":55}},"4":{"start":{"line":24,"column":25},"end":{"line":24,"column":80}},"5":{"start":{"line":25,"column":4},"end":{"line":27,"column":5}},"6":{"start":{"line":26,"column":6},"end":{"line":26,"column":55}},"7":{"start":{"line":29,"column":21},"end":{"line":31,"column":6}},"8":{"start":{"line":34,"column":4},"end":{"line":37,"column":5}},"9":{"start":{"line":35,"column":19},"end":{"line":35,"column":60}},"10":{"start":{"line":36,"column":6},"end":{"line":36,"column":48}},"11":{"start":{"line":38,"column":4},"end":{"line":38,"column":57}},"12":{"start":{"line":40,"column":23},"end":{"line":40,"column":63}},"13":{"start":{"line":41,"column":4},"end":{"line":41,"column":73}},"14":{"start":{"line":46,"column":2},"end":{"line":52,"column":3}},"15":{"start":{"line":47,"column":21},"end":{"line":47,"column":68}},"16":{"start":{"line":48,"column":4},"end":{"line":48,"column":16}},"17":{"start":{"line":50,"column":23},"end":{"line":50,"column":63}},"18":{"start":{"line":51,"column":4},"end":{"line":51,"column":74}},"19":{"start":{"line":56,"column":2},"end":{"line":65,"column":3}},"20":{"start":{"line":57,"column":21},"end":{"line":57,"column":67}},"21":{"start":{"line":58,"column":4},"end":{"line":58,"column":87}},"22":{"start":{"line":59,"column":4},"end":{"line":59,"column":79}},"23":{"start":{"line":60,"column":4},"end":{"line":60,"column":63}},"24":{"start":{"line":61,"column":4},"end":{"line":61,"column":57}},"25":{"start":{"line":63,"column":23},"end":{"line":63,"column":63}},"26":{"start":{"line":64,"column":4},"end":{"line":64,"column":80}},"27":{"start":{"line":69,"column":2},"end":{"line":76,"column":3}},"28":{"start":{"line":70,"column":21},"end":{"line":72,"column":6}},"29":{"start":{"line":73,"column":4},"end":{"line":73,"column":16}},"30":{"start":{"line":75,"column":4},"end":{"line":75,"column":44}},"31":{"start":{"line":80,"column":2},"end":{"line":90,"column":3}},"32":{"start":{"line":81,"column":21},"end":{"line":85,"column":5}},"33":{"start":{"line":86,"column":4},"end":{"line":86,"column":16}},"34":{"start":{"line":88,"column":23},"end":{"line":88,"column":63}},"35":{"start":{"line":89,"column":4},"end":{"line":89,"column":86}},"36":{"start":{"line":94,"column":2},"end":{"line":106,"column":3}},"37":{"start":{"line":95,"column":21},"end":{"line":99,"column":5}},"38":{"start":{"line":100,"column":4},"end":{"line":100,"column":16}},"39":{"start":{"line":102,"column":23},"end":{"line":102,"column":63}},"40":{"start":{"line":103,"column":25},"end":{"line":104,"column":137}},"41":{"start":{"line":105,"column":4},"end":{"line":105,"column":34}}},"fnMap":{"0":{"name":"loginWithEmail","decl":{"start":{"line":13,"column":22},"end":{"line":13,"column":36}},"loc":{"start":{"line":13,"column":115},"end":{"line":43,"column":1}},"line":13},"1":{"name":"signUpWithEmail","decl":{"start":{"line":45,"column":22},"end":{"line":45,"column":37}},"loc":{"start":{"line":45,"column":62},"end":{"line":53,"column":1}},"line":45},"2":{"name":"loginWithGoogle","decl":{"start":{"line":55,"column":22},"end":{"line":55,"column":37}},"loc":{"start":{"line":55,"column":55},"end":{"line":66,"column":1}},"line":55},"3":{"name":"fetchCurrentUser","decl":{"start":{"line":68,"column":22},"end":{"line":68,"column":38}},"loc":{"start":{"line":68,"column":54},"end":{"line":77,"column":1}},"line":68},"4":{"name":"registerFcmToken","decl":{"start":{"line":79,"column":22},"end":{"line":79,"column":38}},"loc":{"start":{"line":79,"column":112},"end":{"line":91,"column":1}},"line":79},"5":{"name":"completeProfile","decl":{"start":{"line":93,"column":22},"end":{"line":93,"column":37}},"loc":{"start":{"line":93,"column":152},"end":{"line":107,"column":1}},"line":93}},"branchMap":{"0":{"loc":{"start":{"line":20,"column":4},"end":{"line":22,"column":5}},"type":"if","locations":[{"start":{"line":20,"column":4},"end":{"line":22,"column":5}},{"start":{},"end":{}}],"line":20},"1":{"loc":{"start":{"line":25,"column":4},"end":{"line":27,"column":5}},"type":"if","locations":[{"start":{"line":25,"column":4},"end":{"line":27,"column":5}},{"start":{},"end":{}}],"line":25},"2":{"loc":{"start":{"line":34,"column":4},"end":{"line":37,"column":5}},"type":"if","locations":[{"start":{"line":34,"column":4},"end":{"line":37,"column":5}},{"start":{},"end":{}}],"line":34},"3":{"loc":{"start":{"line":41,"column":20},"end":{"line":41,"column":71}},"type":"binary-expr","locations":[{"start":{"line":41,"column":20},"end":{"line":41,"column":53}},{"start":{"line":41,"column":57},"end":{"line":41,"column":71}}],"line":41},"4":{"loc":{"start":{"line":51,"column":20},"end":{"line":51,"column":72}},"type":"binary-expr","locations":[{"start":{"line":51,"column":20},"end":{"line":51,"column":53}},{"start":{"line":51,"column":57},"end":{"line":51,"column":72}}],"line":51},"5":{"loc":{"start":{"line":59,"column":36},"end":{"line":59,"column":77}},"type":"cond-expr","locations":[{"start":{"line":59,"column":56},"end":{"line":59,"column":66}},{"start":{"line":59,"column":69},"end":{"line":59,"column":77}}],"line":59},"6":{"loc":{"start":{"line":60,"column":28},"end":{"line":60,"column":61}},"type":"cond-expr","locations":[{"start":{"line":60,"column":40},"end":{"line":60,"column":50}},{"start":{"line":60,"column":53},"end":{"line":60,"column":61}}],"line":60},"7":{"loc":{"start":{"line":64,"column":20},"end":{"line":64,"column":78}},"type":"binary-expr","locations":[{"start":{"line":64,"column":20},"end":{"line":64,"column":53}},{"start":{"line":64,"column":57},"end":{"line":64,"column":78}}],"line":64},"8":{"loc":{"start":{"line":89,"column":20},"end":{"line":89,"column":84}},"type":"binary-expr","locations":[{"start":{"line":89,"column":20},"end":{"line":89,"column":53}},{"start":{"line":89,"column":57},"end":{"line":89,"column":84}}],"line":89},"9":{"loc":{"start":{"line":103,"column":25},"end":{"line":104,"column":137}},"type":"binary-expr","locations":[{"start":{"line":103,"column":25},"end":{"line":103,"column":58}},{"start":{"line":104,"column":7},"end":{"line":104,"column":136}}],"line":103},"10":{"loc":{"start":{"line":104,"column":7},"end":{"line":104,"column":136}},"type":"cond-expr","locations":[{"start":{"line":104,"column":37},"end":{"line":104,"column":108}},{"start":{"line":104,"column":111},"end":{"line":104,"column":136}}],"line":104}},"s":{"0":3,"1":3,"2":3,"3":1,"4":3,"5":3,"6":0,"7":3,"8":2,"9":0,"10":0,"11":2,"12":1,"13":1,"14":2,"15":2,"16":1,"17":1,"18":1,"19":2,"20":2,"21":1,"22":1,"23":1,"24":1,"25":1,"26":1,"27":2,"28":2,"29":1,"30":1,"31":2,"32":2,"33":1,"34":1,"35":1,"36":2,"37":2,"38":1,"39":1,"40":1,"41":1},"f":{"0":3,"1":2,"2":2,"3":2,"4":2,"5":2},"b":{"0":[1,2],"1":[0,3],"2":[0,2],"3":[1,0],"4":[1,0],"5":[1,0],"6":[1,0],"7":[1,0],"8":[1,0],"9":[1,0],"10":[0,0]},"_coverageSchema":"1a1c01bbd47fc00a2c39e90264f33305004495a9","hash":"902b5bd853b91111677505077daf940a60825998"}
,"/home/runner/work/agapp/agapp/mobile/src/api/axiosClient.ts": {"path":"/home/runner/work/agapp/agapp/mobile/src/api/axiosClient.ts","statementMap":{"0":{"start":{"line":8,"column":21},"end":{"line":39,"column":1}},"1":{"start":{"line":9,"column":19},"end":{"line":9,"column":48}},"2":{"start":{"line":10,"column":2},"end":{"line":10,"column":32}},"3":{"start":{"line":10,"column":16},"end":{"line":10,"column":32}},"4":{"start":{"line":12,"column":2},"end":{"line":38,"column":3}},"5":{"start":{"line":13,"column":16},"end":{"line":13,"column":62}},"6":{"start":{"line":14,"column":4},"end":{"line":14,"column":26}},"7":{"start":{"line":14,"column":14},"end":{"line":14,"column":26}},"8":{"start":{"line":15,"column":22},"end":{"line":15,"column":26}},"9":{"start":{"line":16,"column":4},"end":{"line":24,"column":5}},"10":{"start":{"line":17,"column":6},"end":{"line":17,"column":31}},"11":{"start":{"line":19,"column":6},"end":{"line":23,"column":7}},"12":{"start":{"line":20,"column":8},"end":{"line":20,"column":45}},"13":{"start":{"line":22,"column":8},"end":{"line":22,"column":22}},"14":{"start":{"line":25,"column":18},"end":{"line":25,"column":63}},"15":{"start":{"line":26,"column":4},"end":{"line":34,"column":5}},"16":{"start":{"line":28,"column":6},"end":{"line":32,"column":7}},"17":{"start":{"line":29,"column":8},"end":{"line":29,"column":54}},"18":{"start":{"line":33,"column":6},"end":{"line":33,"column":19}},"19":{"start":{"line":35,"column":4},"end":{"line":35,"column":16}},"20":{"start":{"line":37,"column":4},"end":{"line":37,"column":16}},"21":{"start":{"line":42,"column":17},"end":{"line":42,"column":75}},"22":{"start":{"line":45,"column":15},"end":{"line":51,"column":2}},"23":{"start":{"line":54,"column":0},"end":{"line":64,"column":3}},"24":{"start":{"line":59,"column":4},"end":{"line":62,"column":6}},"25":{"start":{"line":67,"column":0},"end":{"line":90,"column":2}},"26":{"start":{"line":69,"column":4},"end":{"line":83,"column":5}},"27":{"start":{"line":71,"column":20},"end":{"line":71,"column":40}},"28":{"start":{"line":73,"column":6},"end":{"line":80,"column":7}},"29":{"start":{"line":74,"column":8},"end":{"line":74,"column":57}},"30":{"start":{"line":75,"column":8},"end":{"line":79,"column":9}},"31":{"start":{"line":77,"column":25},"end":{"line":77,"column":67}},"32":{"start":{"line":78,"column":10},"end":{"line":78,"column":77}},"33":{"start":{"line":82,"column":6},"end":{"line":82,"column":56}},"34":{"start":{"line":85,"column":4},"end":{"line":85,"column":18}},"35":{"start":{"line":88,"column":4},"end":{"line":88,"column":33}},"36":{"start":{"line":93,"column":0},"end":{"line":135,"column":2}},"37":{"start":{"line":96,"column":21},"end":{"line":96,"column":76}},"38":{"start":{"line":97,"column":4},"end":{"line":100,"column":5}},"39":{"start":{"line":98,"column":6},"end":{"line":98,"column":59}},"40":{"start":{"line":99,"column":6},"end":{"line":99,"column":49}},"41":{"start":{"line":102,"column":4},"end":{"line":102,"column":20}},"42":{"start":{"line":105,"column":28},"end":{"line":105,"column":85}},"43":{"start":{"line":108,"column":4},"end":{"line":131,"column":5}},"44":{"start":{"line":109,"column":6},"end":{"line":109,"column":36}},"45":{"start":{"line":116,"column":25},"end":{"line":116,"column":81}},"46":{"start":{"line":117,"column":8},"end":{"line":130,"column":9}},"47":{"start":{"line":118,"column":10},"end":{"line":125,"column":11}},"48":{"start":{"line":121,"column":12},"end":{"line":121,"column":45}},"49":{"start":{"line":123,"column":12},"end":{"line":123,"column":63}},"50":{"start":{"line":124,"column":12},"end":{"line":124,"column":41}},"51":{"start":{"line":127,"column":10},"end":{"line":129,"column":11}},"52":{"start":{"line":128,"column":12},"end":{"line":128,"column":93}},"53":{"start":{"line":133,"column":4},"end":{"line":133,"column":33}}},"fnMap":{"0":{"name":"(anonymous_0)","decl":{"start":{"line":8,"column":21},"end":{"line":8,"column":22}},"loc":{"start":{"line":8,"column":57},"end":{"line":39,"column":1}},"line":8},"1":{"name":"(anonymous_1)","decl":{"start":{"line":57,"column":18},"end":{"line":57,"column":19}},"loc":{"start":{"line":57,"column":41},"end":{"line":63,"column":3}},"line":57},"2":{"name":"(anonymous_2)","decl":{"start":{"line":68,"column":2},"end":{"line":68,"column":3}},"loc":{"start":{"line":68,"column":48},"end":{"line":86,"column":3}},"line":68},"3":{"name":"(anonymous_3)","decl":{"start":{"line":87,"column":2},"end":{"line":87,"column":3}},"loc":{"start":{"line":87,"column":13},"end":{"line":89,"column":3}},"line":87},"4":{"name":"(anonymous_4)","decl":{"start":{"line":94,"column":2},"end":{"line":94,"column":3}},"loc":{"start":{"line":94,"column":16},"end":{"line":103,"column":3}},"line":94},"5":{"name":"(anonymous_5)","decl":{"start":{"line":104,"column":2},"end":{"line":104,"column":3}},"loc":{"start":{"line":104,"column":31},"end":{"line":134,"column":3}},"line":104}},"branchMap":{"0":{"loc":{"start":{"line":10,"column":2},"end":{"line":10,"column":32}},"type":"if","locations":[{"start":{"line":10,"column":2},"end":{"line":10,"column":32}},{"start":{},"end":{}}],"line":10},"1":{"loc":{"start":{"line":14,"column":4},"end":{"line":14,"column":26}},"type":"if","locations":[{"start":{"line":14,"column":4},"end":{"line":14,"column":26}},{"start":{},"end":{}}],"line":14},"2":{"loc":{"start":{"line":25,"column":18},"end":{"line":25,"column":63}},"type":"binary-expr","locations":[{"start":{"line":25,"column":18},"end":{"line":25,"column":38}},{"start":{"line":25,"column":42},"end":{"line":25,"column":55}},{"start":{"line":25,"column":59},"end":{"line":25,"column":63}}],"line":25},"3":{"loc":{"start":{"line":26,"column":4},"end":{"line":34,"column":5}},"type":"if","locations":[{"start":{"line":26,"column":4},"end":{"line":34,"column":5}},{"start":{},"end":{}}],"line":26},"4":{"loc":{"start":{"line":26,"column":8},"end":{"line":26,"column":42}},"type":"binary-expr","locations":[{"start":{"line":26,"column":8},"end":{"line":26,"column":13}},{"start":{"line":26,"column":17},"end":{"line":26,"column":42}}],"line":26},"5":{"loc":{"start":{"line":42,"column":17},"end":{"line":42,"column":75}},"type":"binary-expr","locations":[{"start":{"line":42,"column":17},"end":{"line":42,"column":48}},{"start":{"line":42,"column":52},"end":{"line":42,"column":75}}],"line":42},"6":{"loc":{"start":{"line":60,"column":6},"end":{"line":61,"column":69}},"type":"binary-expr","locations":[{"start":{"line":60,"column":6},"end":{"line":60,"column":57}},{"start":{"line":61,"column":7},"end":{"line":61,"column":68}}],"line":60},"7":{"loc":{"start":{"line":61,"column":7},"end":{"line":61,"column":68}},"type":"cond-expr","locations":[{"start":{"line":61,"column":32},"end":{"line":61,"column":60}},{"start":{"line":61,"column":63},"end":{"line":61,"column":68}}],"line":61},"8":{"loc":{"start":{"line":73,"column":6},"end":{"line":80,"column":7}},"type":"if","locations":[{"start":{"line":73,"column":6},"end":{"line":80,"column":7}},{"start":{},"end":{}}],"line":73},"9":{"loc":{"start":{"line":73,"column":10},"end":{"line":73,"column":33}},"type":"binary-expr","locations":[{"start":{"line":73,"column":10},"end":{"line":73,"column":15}},{"start":{"line":73,"column":19},"end":{"line":73,"column":33}}],"line":73},"10":{"loc":{"start":{"line":75,"column":8},"end":{"line":79,"column":9}},"type":"if","locations":[{"start":{"line":75,"column":8},"end":{"line":79,"column":9}},{"start":{},"end":{}}],"line":75},"11":{"loc":{"start":{"line":97,"column":4},"end":{"line":100,"column":5}},"type":"if","locations":[{"start":{"line":97,"column":4},"end":{"line":100,"column":5}},{"start":{},"end":{}}],"line":97},"12":{"loc":{"start":{"line":108,"column":4},"end":{"line":131,"column":5}},"type":"if","locations":[{"start":{"line":108,"column":4},"end":{"line":131,"column":5}},{"start":{},"end":{}}],"line":108},"13":{"loc":{"start":{"line":108,"column":8},"end":{"line":108,"column":65}},"type":"binary-expr","locations":[{"start":{"line":108,"column":8},"end":{"line":108,"column":38}},{"start":{"line":108,"column":42},"end":{"line":108,"column":65}}],"line":108},"14":{"loc":{"start":{"line":117,"column":8},"end":{"line":130,"column":9}},"type":"if","locations":[{"start":{"line":117,"column":8},"end":{"line":130,"column":9}},{"start":{"line":126,"column":15},"end":{"line":130,"column":9}}],"line":117},"15":{"loc":{"start":{"line":127,"column":10},"end":{"line":129,"column":11}},"type":"if","locations":[{"start":{"line":127,"column":10},"end":{"line":129,"column":11}},{"start":{},"end":{}}],"line":127}},"s":{"0":3,"1":0,"2":0,"3":0,"4":0,"5":0,"6":0,"7":0,"8":0,"9":0,"10":0,"11":0,"12":0,"13":0,"14":0,"15":0,"16":0,"17":0,"18":0,"19":0,"20":0,"21":3,"22":3,"23":3,"24":0,"25":3,"26":0,"27":0,"28":0,"29":0,"30":0,"31":0,"32":0,"33":0,"34":0,"35":0,"36":3,"37":0,"38":0,"39":0,"40":0,"41":0,"42":0,"43":0,"44":0,"45":0,"46":0,"47":0,"48":0,"49":0,"50":0,"51":0,"52":0,"53":0},"f":{"0":0,"1":0,"2":0,"3":0,"4":0,"5":0},"b":{"0":[0,0],"1":[0,0],"2":[0,0,0],"3":[0,0],"4":[0,0],"5":[3,3],"6":[0,0],"7":[0,0],"8":[0,0],"9":[0,0],"10":[0,0],"11":[0,0],"12":[0,0],"13":[0,0],"14":[0,0],"15":[0,0]},"_coverageSchema":"1a1c01bbd47fc00a2c39e90264f33305004495a9","hash":"edc2210582c627b0d3d4eb19aacb1528568a6939"}
,"/home/runner/work/agapp/agapp/mobile/src/api/categories.ts": {"path":"/home/runner/work/agapp/agapp/mobile/src/api/categories.ts","statementMap":{"0":{"start":{"line":33,"column":14},"end":{"line":33,"column":54}},"1":{"start":{"line":34,"column":2},"end":{"line":34,"column":61}},"2":{"start":{"line":34,"column":15},"end":{"line":34,"column":61}},"3":{"start":{"line":35,"column":2},"end":{"line":35,"column":20}},"4":{"start":{"line":39,"column":21},"end":{"line":39,"column":42}},"5":{"start":{"line":40,"column":43},"end":{"line":40,"column":45}},"6":{"start":{"line":42,"column":2},"end":{"line":56,"column":5}},"7":{"start":{"line":43,"column":21},"end":{"line":43,"column":62}},"8":{"start":{"line":44,"column":26},"end":{"line":44,"column":49}},"9":{"start":{"line":45,"column":4},"end":{"line":55,"column":7}},"10":{"start":{"line":46,"column":6},"end":{"line":54,"column":9}},"11":{"start":{"line":58,"column":2},"end":{"line":58,"column":17}},"12":{"start":{"line":62,"column":2},"end":{"line":64,"column":3}},"13":{"start":{"line":63,"column":4},"end":{"line":63,"column":14}},"14":{"start":{"line":66,"column":17},"end":{"line":69,"column":4}},"15":{"start":{"line":71,"column":14},"end":{"line":71,"column":72}},"16":{"start":{"line":72,"column":2},"end":{"line":75,"column":3}},"17":{"start":{"line":73,"column":4},"end":{"line":73,"column":58}},"18":{"start":{"line":74,"column":4},"end":{"line":74,"column":14}},"19":{"start":{"line":77,"column":2},"end":{"line":77,"column":20}}},"fnMap":{"0":{"name":"getCategories","decl":{"start":{"line":32,"column":22},"end":{"line":32,"column":35}},"loc":{"start":{"line":32,"column":62},"end":{"line":36,"column":1}},"line":32},"1":{"name":"getSubcategoriesWithParent","decl":{"start":{"line":38,"column":22},"end":{"line":38,"column":48}},"loc":{"start":{"line":38,"column":85},"end":{"line":59,"column":1}},"line":38},"2":{"name":"(anonymous_2)","decl":{"start":{"line":42,"column":21},"end":{"line":42,"column":22}},"loc":{"start":{"line":42,"column":30},"end":{"line":56,"column":3}},"line":42},"3":{"name":"(anonymous_3)","decl":{"start":{"line":45,"column":26},"end":{"line":45,"column":27}},"loc":{"start":{"line":45,"column":70},"end":{"line":55,"column":5}},"line":45},"4":{"name":"getSearchSuggestions","decl":{"start":{"line":61,"column":22},"end":{"line":61,"column":42}},"loc":{"start":{"line":61,"column":107},"end":{"line":78,"column":1}},"line":61}},"branchMap":{"0":{"loc":{"start":{"line":34,"column":2},"end":{"line":34,"column":61}},"type":"if","locations":[{"start":{"line":34,"column":2},"end":{"line":34,"column":61}},{"start":{},"end":{}}],"line":34},"1":{"loc":{"start":{"line":43,"column":21},"end":{"line":43,"column":62}},"type":"binary-expr","locations":[{"start":{"line":43,"column":21},"end":{"line":43,"column":36}},{"start":{"line":43,"column":40},"end":{"line":43,"column":56}},{"start":{"line":43,"column":60},"end":{"line":43,"column":62}}],"line":43},"2":{"loc":{"start":{"line":44,"column":26},"end":{"line":44,"column":49}},"type":"binary-expr","locations":[{"start":{"line":44,"column":26},"end":{"line":44,"column":43}},{"start":{"line":44,"column":47},"end":{"line":44,"column":49}}],"line":44},"3":{"loc":{"start":{"line":49,"column":14},"end":{"line":49,"column":28}},"type":"binary-expr","locations":[{"start":{"line":49,"column":14},"end":{"line":49,"column":22}},{"start":{"line":49,"column":26},"end":{"line":49,"column":28}}],"line":49},"4":{"loc":{"start":{"line":61,"column":58},"end":{"line":61,"column":76}},"type":"default-arg","locations":[{"start":{"line":61,"column":74},"end":{"line":61,"column":76}}],"line":61},"5":{"loc":{"start":{"line":62,"column":2},"end":{"line":64,"column":3}},"type":"if","locations":[{"start":{"line":62,"column":2},"end":{"line":64,"column":3}},{"start":{},"end":{}}],"line":62},"6":{"loc":{"start":{"line":62,"column":6},"end":{"line":62,"column":35}},"type":"binary-expr","locations":[{"start":{"line":62,"column":6},"end":{"line":62,"column":12}},{"start":{"line":62,"column":16},"end":{"line":62,"column":35}}],"line":62},"7":{"loc":{"start":{"line":72,"column":2},"end":{"line":75,"column":3}},"type":"if","locations":[{"start":{"line":72,"column":2},"end":{"line":75,"column":3}},{"start":{},"end":{}}],"line":72}},"s":{"0":0,"1":0,"2":0,"3":0,"4":0,"5":0,"6":0,"7":0,"8":0,"9":0,"10":0,"11":0,"12":0,"13":0,"14":0,"15":0,"16":0,"17":0,"18":0,"19":0},"f":{"0":0,"1":0,"2":0,"3":0,"4":0},"b":{"0":[0,0],"1":[0,0,0],"2":[0,0],"3":[0,0],"4":[0],"5":[0,0],"6":[0,0],"7":[0,0]}}
,"/home/runner/work/agapp/agapp/mobile/src/api/config.ts": {"path":"/home/runner/work/agapp/agapp/mobile/src/api/config.ts","statementMap":{"0":{"start":{"line":1,"column":27},"end":{"line":1,"column":88}}},"fnMap":{},"branchMap":{"0":{"loc":{"start":{"line":1,"column":27},"end":{"line":1,"column":88}},"type":"binary-expr","locations":[{"start":{"line":1,"column":27},"end":{"line":1,"column":58}},{"start":{"line":1,"column":62},"end":{"line":1,"column":88}}],"line":1}},"s":{"0":0},"f":{},"b":{"0":[0,0]}}
,"/home/runner/work/agapp/agapp/mobile/src/api/contacts.ts": {"path":"/home/runner/work/agapp/agapp/mobile/src/api/contacts.ts","statementMap":{"0":{"start":{"line":52,"column":16},"end":{"line":52,"column":45}},"1":{"start":{"line":53,"column":17},"end":{"line":55,"column":15}},"2":{"start":{"line":57,"column":19},"end":{"line":57,"column":82}},"3":{"start":{"line":58,"column":2},"end":{"line":58,"column":23}},"4":{"start":{"line":68,"column":16},"end":{"line":68,"column":45}},"5":{"start":{"line":69,"column":17},"end":{"line":71,"column":15}},"6":{"start":{"line":73,"column":19},"end":{"line":73,"column":83}},"7":{"start":{"line":74,"column":2},"end":{"line":74,"column":23}},"8":{"start":{"line":81,"column":16},"end":{"line":81,"column":45}},"9":{"start":{"line":82,"column":17},"end":{"line":84,"column":15}},"10":{"start":{"line":86,"column":19},"end":{"line":89,"column":4}},"11":{"start":{"line":90,"column":2},"end":{"line":90,"column":23}},"12":{"start":{"line":97,"column":16},"end":{"line":97,"column":45}},"13":{"start":{"line":98,"column":17},"end":{"line":100,"column":15}},"14":{"start":{"line":102,"column":19},"end":{"line":102,"column":69}},"15":{"start":{"line":103,"column":2},"end":{"line":103,"column":23}},"16":{"start":{"line":113,"column":16},"end":{"line":113,"column":45}},"17":{"start":{"line":114,"column":17},"end":{"line":116,"column":15}},"18":{"start":{"line":118,"column":19},"end":{"line":122,"column":3}},"19":{"start":{"line":123,"column":2},"end":{"line":123,"column":23}},"20":{"start":{"line":133,"column":16},"end":{"line":133,"column":45}},"21":{"start":{"line":134,"column":17},"end":{"line":136,"column":15}},"22":{"start":{"line":138,"column":19},"end":{"line":142,"column":3}},"23":{"start":{"line":143,"column":2},"end":{"line":143,"column":23}}},"fnMap":{"0":{"name":"getContactCostPreview","decl":{"start":{"line":49,"column":22},"end":{"line":49,"column":43}},"loc":{"start":{"line":51,"column":24},"end":{"line":59,"column":1}},"line":51},"1":{"name":"createContactForProject","decl":{"start":{"line":64,"column":22},"end":{"line":64,"column":45}},"loc":{"start":{"line":67,"column":20},"end":{"line":75,"column":1}},"line":67},"2":{"name":"getContactHistory","decl":{"start":{"line":80,"column":22},"end":{"line":80,"column":39}},"loc":{"start":{"line":80,"column":114},"end":{"line":91,"column":1}},"line":80},"3":{"name":"getContactDetails","decl":{"start":{"line":96,"column":22},"end":{"line":96,"column":39}},"loc":{"start":{"line":96,"column":77},"end":{"line":104,"column":1}},"line":96},"4":{"name":"sendContactMessage","decl":{"start":{"line":109,"column":22},"end":{"line":109,"column":40}},"loc":{"start":{"line":112,"column":52},"end":{"line":124,"column":1}},"line":112},"5":{"name":"updateContactStatus","decl":{"start":{"line":129,"column":22},"end":{"line":129,"column":41}},"loc":{"start":{"line":132,"column":20},"end":{"line":144,"column":1}},"line":132}},"branchMap":{"0":{"loc":{"start":{"line":53,"column":17},"end":{"line":55,"column":15}},"type":"cond-expr","locations":[{"start":{"line":54,"column":6},"end":{"line":54,"column":55}},{"start":{"line":55,"column":6},"end":{"line":55,"column":15}}],"line":53},"1":{"loc":{"start":{"line":69,"column":17},"end":{"line":71,"column":15}},"type":"cond-expr","locations":[{"start":{"line":70,"column":6},"end":{"line":70,"column":55}},{"start":{"line":71,"column":6},"end":{"line":71,"column":15}}],"line":69},"2":{"loc":{"start":{"line":80,"column":40},"end":{"line":80,"column":92}},"type":"default-arg","locations":[{"start":{"line":80,"column":78},"end":{"line":80,"column":92}}],"line":80},"3":{"loc":{"start":{"line":82,"column":17},"end":{"line":84,"column":15}},"type":"cond-expr","locations":[{"start":{"line":83,"column":6},"end":{"line":83,"column":55}},{"start":{"line":84,"column":6},"end":{"line":84,"column":15}}],"line":82},"4":{"loc":{"start":{"line":98,"column":17},"end":{"line":100,"column":15}},"type":"cond-expr","locations":[{"start":{"line":99,"column":6},"end":{"line":99,"column":55}},{"start":{"line":100,"column":6},"end":{"line":100,"column":15}}],"line":98},"5":{"loc":{"start":{"line":114,"column":17},"end":{"line":116,"column":15}},"type":"cond-expr","locations":[{"start":{"line":115,"column":6},"end":{"line":115,"column":55}},{"start":{"line":116,"column":6},"end":{"line":116,"column":15}}],"line":114},"6":{"loc":{"start":{"line":134,"column":17},"end":{"line":136,"column":15}},"type":"cond-expr","locations":[{"start":{"line":135,"column":6},"end":{"line":135,"column":55}},{"start":{"line":136,"column":6},"end":{"line":136,"column":15}}],"line":134}},"s":{"0":3,"1":3,"2":3,"3":3,"4":3,"5":3,"6":3,"7":1,"8":0,"9":0,"10":0,"11":0,"12":0,"13":0,"14":0,"15":0,"16":1,"17":1,"18":1,"19":1,"20":0,"21":0,"22":0,"23":0},"f":{"0":3,"1":3,"2":0,"3":0,"4":1,"5":0},"b":{"0":[3,0],"1":[3,0],"2":[0],"3":[0,0],"4":[0,0],"5":[1,0],"6":[0,0]},"_coverageSchema":"1a1c01bbd47fc00a2c39e90264f33305004495a9","hash":"30a8839fb6723913d79401f517c69f920a76807c"}
,"/home/runner/work/agapp/agapp/mobile/src/api/payments.ts": {"path":"/home/runner/work/agapp/agapp/mobile/src/api/payments.ts","statementMap":{"0":{"start":{"line":28,"column":33},"end":{"line":31,"column":1}},"1":{"start":{"line":29,"column":19},"end":{"line":29,"column":68}},"2":{"start":{"line":30,"column":2},"end":{"line":30,"column":23}},"3":{"start":{"line":33,"column":41},"end":{"line":36,"column":1}},"4":{"start":{"line":34,"column":19},"end":{"line":34,"column":60}},"5":{"start":{"line":35,"column":2},"end":{"line":35,"column":42}},"6":{"start":{"line":38,"column":42},"end":{"line":44,"column":1}},"7":{"start":{"line":39,"column":19},"end":{"line":42,"column":4}},"8":{"start":{"line":43,"column":2},"end":{"line":43,"column":23}}},"fnMap":{"0":{"name":"(anonymous_0)","decl":{"start":{"line":28,"column":33},"end":{"line":28,"column":34}},"loc":{"start":{"line":28,"column":71},"end":{"line":31,"column":1}},"line":28},"1":{"name":"(anonymous_1)","decl":{"start":{"line":33,"column":41},"end":{"line":33,"column":42}},"loc":{"start":{"line":33,"column":83},"end":{"line":36,"column":1}},"line":33},"2":{"name":"(anonymous_2)","decl":{"start":{"line":38,"column":42},"end":{"line":38,"column":43}},"loc":{"start":{"line":38,"column":92},"end":{"line":44,"column":1}},"line":38}},"branchMap":{"0":{"loc":{"start":{"line":35,"column":9},"end":{"line":35,"column":41}},"type":"binary-expr","locations":[{"start":{"line":35,"column":9},"end":{"line":35,"column":35}},{"start":{"line":35,"column":39},"end":{"line":35,"column":41}}],"line":35}},"s":{"0":0,"1":0,"2":0,"3":0,"4":0,"5":0,"6":0,"7":0,"8":0},"f":{"0":0,"1":0,"2":0},"b":{"0":[0,0]}}
,"/home/runner/work/agapp/agapp/mobile/src/api/professional.ts": {"path":"/home/runner/work/agapp/agapp/mobile/src/api/professional.ts","statementMap":{"0":{"start":{"line":11,"column":14},"end":{"line":11,"column":57}},"1":{"start":{"line":12,"column":2},"end":{"line":12,"column":39}},"2":{"start":{"line":15,"column":19},"end":{"line":15,"column":61}},"3":{"start":{"line":16,"column":2},"end":{"line":16,"column":23}},"4":{"start":{"line":20,"column":14},"end":{"line":20,"column":99}},"5":{"start":{"line":21,"column":2},"end":{"line":21,"column":27}}},"fnMap":{"0":{"name":"getProfessionalStats","decl":{"start":{"line":10,"column":22},"end":{"line":10,"column":42}},"loc":{"start":{"line":10,"column":73},"end":{"line":13,"column":1}},"line":10},"1":{"name":"getCreditsByProfessional","decl":{"start":{"line":14,"column":22},"end":{"line":14,"column":46}},"loc":{"start":{"line":14,"column":88},"end":{"line":17,"column":1}},"line":14},"2":{"name":"getContactedProjects","decl":{"start":{"line":19,"column":22},"end":{"line":19,"column":42}},"loc":{"start":{"line":19,"column":65},"end":{"line":22,"column":1}},"line":19}},"branchMap":{"0":{"loc":{"start":{"line":19,"column":43},"end":{"line":19,"column":51}},"type":"default-arg","locations":[{"start":{"line":19,"column":50},"end":{"line":19,"column":51}}],"line":19},"1":{"loc":{"start":{"line":19,"column":53},"end":{"line":19,"column":63}},"type":"default-arg","locations":[{"start":{"line":19,"column":61},"end":{"line":19,"column":63}}],"line":19}},"s":{"0":0,"1":0,"2":0,"3":0,"4":0,"5":0},"f":{"0":0,"1":0,"2":0},"b":{"0":[0],"1":[0]}}
,"/home/runner/work/agapp/agapp/mobile/src/api/projects.ts": {"path":"/home/runner/work/agapp/agapp/mobile/src/api/projects.ts","statementMap":{"0":{"start":{"line":106,"column":16},"end":{"line":106,"column":45}},"1":{"start":{"line":107,"column":17},"end":{"line":109,"column":15}},"2":{"start":{"line":112,"column":23},"end":{"line":112,"column":34}},"3":{"start":{"line":113,"column":2},"end":{"line":118,"column":3}},"4":{"start":{"line":114,"column":4},"end":{"line":117,"column":6}},"5":{"start":{"line":121,"column":2},"end":{"line":129,"column":3}},"6":{"start":{"line":122,"column":19},"end":{"line":122,"column":76}},"7":{"start":{"line":123,"column":4},"end":{"line":128,"column":7}},"8":{"start":{"line":131,"column":19},"end":{"line":131,"column":67}},"9":{"start":{"line":132,"column":2},"end":{"line":132,"column":23}},"10":{"start":{"line":137,"column":16},"end":{"line":137,"column":45}},"11":{"start":{"line":138,"column":17},"end":{"line":140,"column":15}},"12":{"start":{"line":143,"column":23},"end":{"line":143,"column":34}},"13":{"start":{"line":144,"column":2},"end":{"line":149,"column":3}},"14":{"start":{"line":145,"column":4},"end":{"line":148,"column":6}},"15":{"start":{"line":151,"column":2},"end":{"line":158,"column":3}},"16":{"start":{"line":152,"column":19},"end":{"line":152,"column":76}},"17":{"start":{"line":153,"column":4},"end":{"line":157,"column":7}},"18":{"start":{"line":160,"column":19},"end":{"line":160,"column":78}},"19":{"start":{"line":161,"column":2},"end":{"line":161,"column":23}},"20":{"start":{"line":169,"column":16},"end":{"line":169,"column":45}},"21":{"start":{"line":170,"column":17},"end":{"line":172,"column":15}},"22":{"start":{"line":174,"column":2},"end":{"line":177,"column":3}},"23":{"start":{"line":175,"column":19},"end":{"line":175,"column":76}},"24":{"start":{"line":176,"column":4},"end":{"line":176,"column":94}},"25":{"start":{"line":179,"column":2},"end":{"line":179,"column":56}},"26":{"start":{"line":195,"column":19},"end":{"line":195,"column":61}},"27":{"start":{"line":196,"column":2},"end":{"line":196,"column":23}},"28":{"start":{"line":203,"column":38},"end":{"line":203,"column":40}},"29":{"start":{"line":204,"column":2},"end":{"line":206,"column":3}},"30":{"start":{"line":205,"column":4},"end":{"line":205,"column":27}},"31":{"start":{"line":207,"column":19},"end":{"line":207,"column":72}},"32":{"start":{"line":208,"column":2},"end":{"line":208,"column":23}},"33":{"start":{"line":215,"column":19},"end":{"line":215,"column":61}},"34":{"start":{"line":216,"column":2},"end":{"line":216,"column":23}},"35":{"start":{"line":221,"column":19},"end":{"line":221,"column":75}},"36":{"start":{"line":222,"column":2},"end":{"line":222,"column":23}},"37":{"start":{"line":226,"column":19},"end":{"line":226,"column":87}},"38":{"start":{"line":227,"column":2},"end":{"line":227,"column":23}},"39":{"start":{"line":235,"column":19},"end":{"line":235,"column":70}},"40":{"start":{"line":236,"column":2},"end":{"line":236,"column":23}},"41":{"start":{"line":241,"column":17},"end":{"line":243,"column":15}},"42":{"start":{"line":245,"column":19},"end":{"line":248,"column":4}},"43":{"start":{"line":249,"column":2},"end":{"line":249,"column":68}},"44":{"start":{"line":265,"column":16},"end":{"line":265,"column":45}},"45":{"start":{"line":266,"column":17},"end":{"line":268,"column":15}},"46":{"start":{"line":270,"column":19},"end":{"line":274,"column":3}},"47":{"start":{"line":275,"column":2},"end":{"line":275,"column":23}}},"fnMap":{"0":{"name":"createProject","decl":{"start":{"line":104,"column":22},"end":{"line":104,"column":35}},"loc":{"start":{"line":104,"column":79},"end":{"line":133,"column":1}},"line":104},"1":{"name":"updateProject","decl":{"start":{"line":135,"column":22},"end":{"line":135,"column":35}},"loc":{"start":{"line":135,"column":98},"end":{"line":162,"column":1}},"line":135},"2":{"name":"deleteProject","decl":{"start":{"line":167,"column":22},"end":{"line":167,"column":35}},"loc":{"start":{"line":167,"column":70},"end":{"line":180,"column":1}},"line":167},"3":{"name":"getProjects","decl":{"start":{"line":185,"column":22},"end":{"line":185,"column":33}},"loc":{"start":{"line":194,"column":23},"end":{"line":197,"column":1}},"line":194},"4":{"name":"getMyProjects","decl":{"start":{"line":202,"column":22},"end":{"line":202,"column":35}},"loc":{"start":{"line":202,"column":73},"end":{"line":209,"column":1}},"line":202},"5":{"name":"getProject","decl":{"start":{"line":214,"column":22},"end":{"line":214,"column":32}},"loc":{"start":{"line":214,"column":70},"end":{"line":217,"column":1}},"line":214},"6":{"name":"geocodeAddress","decl":{"start":{"line":220,"column":22},"end":{"line":220,"column":36}},"loc":{"start":{"line":220,"column":145},"end":{"line":223,"column":1}},"line":220},"7":{"name":"reverseGeocode","decl":{"start":{"line":225,"column":22},"end":{"line":225,"column":36}},"loc":{"start":{"line":225,"column":104},"end":{"line":228,"column":1}},"line":225},"8":{"name":"getRecommendedCategories","decl":{"start":{"line":234,"column":22},"end":{"line":234,"column":46}},"loc":{"start":{"line":234,"column":68},"end":{"line":237,"column":1}},"line":234},"9":{"name":"getNearbyCombinedProjects","decl":{"start":{"line":240,"column":22},"end":{"line":240,"column":47}},"loc":{"start":{"line":240,"column":214},"end":{"line":250,"column":1}},"line":240},"10":{"name":"evaluateProject","decl":{"start":{"line":261,"column":22},"end":{"line":261,"column":37}},"loc":{"start":{"line":264,"column":55},"end":{"line":276,"column":1}},"line":264}},"branchMap":{"0":{"loc":{"start":{"line":107,"column":17},"end":{"line":109,"column":15}},"type":"cond-expr","locations":[{"start":{"line":108,"column":6},"end":{"line":108,"column":55}},{"start":{"line":109,"column":6},"end":{"line":109,"column":15}}],"line":107},"1":{"loc":{"start":{"line":113,"column":2},"end":{"line":118,"column":3}},"type":"if","locations":[{"start":{"line":113,"column":2},"end":{"line":118,"column":3}},{"start":{},"end":{}}],"line":113},"2":{"loc":{"start":{"line":113,"column":6},"end":{"line":113,"column":78}},"type":"binary-expr","locations":[{"start":{"line":113,"column":6},"end":{"line":113,"column":22}},{"start":{"line":113,"column":26},"end":{"line":113,"column":78}}],"line":113},"3":{"loc":{"start":{"line":121,"column":2},"end":{"line":129,"column":3}},"type":"if","locations":[{"start":{"line":121,"column":2},"end":{"line":129,"column":3}},{"start":{},"end":{}}],"line":121},"4":{"loc":{"start":{"line":122,"column":19},"end":{"line":122,"column":76}},"type":"cond-expr","locations":[{"start":{"line":122,"column":27},"end":{"line":122,"column":69}},{"start":{"line":122,"column":72},"end":{"line":122,"column":76}}],"line":122},"5":{"loc":{"start":{"line":127,"column":16},"end":{"line":127,"column":115}},"type":"cond-expr","locations":[{"start":{"line":127,"column":36},"end":{"line":127,"column":96}},{"start":{"line":127,"column":100},"end":{"line":127,"column":115}}],"line":127},"6":{"loc":{"start":{"line":127,"column":36},"end":{"line":127,"column":96}},"type":"cond-expr","locations":[{"start":{"line":127,"column":67},"end":{"line":127,"column":80}},{"start":{"line":127,"column":83},"end":{"line":127,"column":96}}],"line":127},"7":{"loc":{"start":{"line":138,"column":17},"end":{"line":140,"column":15}},"type":"cond-expr","locations":[{"start":{"line":139,"column":6},"end":{"line":139,"column":55}},{"start":{"line":140,"column":6},"end":{"line":140,"column":15}}],"line":138},"8":{"loc":{"start":{"line":144,"column":2},"end":{"line":149,"column":3}},"type":"if","locations":[{"start":{"line":144,"column":2},"end":{"line":149,"column":3}},{"start":{},"end":{}}],"line":144},"9":{"loc":{"start":{"line":144,"column":6},"end":{"line":144,"column":78}},"type":"binary-expr","locations":[{"start":{"line":144,"column":6},"end":{"line":144,"column":22}},{"start":{"line":144,"column":26},"end":{"line":144,"column":78}}],"line":144},"10":{"loc":{"start":{"line":151,"column":2},"end":{"line":158,"column":3}},"type":"if","locations":[{"start":{"line":151,"column":2},"end":{"line":158,"column":3}},{"start":{},"end":{}}],"line":151},"11":{"loc":{"start":{"line":152,"column":19},"end":{"line":152,"column":76}},"type":"cond-expr","locations":[{"start":{"line":152,"column":27},"end":{"line":152,"column":69}},{"start":{"line":152,"column":72},"end":{"line":152,"column":76}}],"line":152},"12":{"loc":{"start":{"line":156,"column":16},"end":{"line":156,"column":115}},"type":"cond-expr","locations":[{"start":{"line":156,"column":36},"end":{"line":156,"column":96}},{"start":{"line":156,"column":100},"end":{"line":156,"column":115}}],"line":156},"13":{"loc":{"start":{"line":156,"column":36},"end":{"line":156,"column":96}},"type":"cond-expr","locations":[{"start":{"line":156,"column":67},"end":{"line":156,"column":80}},{"start":{"line":156,"column":83},"end":{"line":156,"column":96}}],"line":156},"14":{"loc":{"start":{"line":170,"column":17},"end":{"line":172,"column":15}},"type":"cond-expr","locations":[{"start":{"line":171,"column":6},"end":{"line":171,"column":55}},{"start":{"line":172,"column":6},"end":{"line":172,"column":15}}],"line":170},"15":{"loc":{"start":{"line":174,"column":2},"end":{"line":177,"column":3}},"type":"if","locations":[{"start":{"line":174,"column":2},"end":{"line":177,"column":3}},{"start":{},"end":{}}],"line":174},"16":{"loc":{"start":{"line":175,"column":19},"end":{"line":175,"column":76}},"type":"cond-expr","locations":[{"start":{"line":175,"column":27},"end":{"line":175,"column":69}},{"start":{"line":175,"column":72},"end":{"line":175,"column":76}}],"line":175},"17":{"loc":{"start":{"line":204,"column":2},"end":{"line":206,"column":3}},"type":"if","locations":[{"start":{"line":204,"column":2},"end":{"line":206,"column":3}},{"start":{},"end":{}}],"line":204},"18":{"loc":{"start":{"line":241,"column":17},"end":{"line":243,"column":15}},"type":"cond-expr","locations":[{"start":{"line":242,"column":6},"end":{"line":242,"column":55}},{"start":{"line":243,"column":6},"end":{"line":243,"column":15}}],"line":241},"19":{"loc":{"start":{"line":266,"column":17},"end":{"line":268,"column":15}},"type":"cond-expr","locations":[{"start":{"line":267,"column":6},"end":{"line":267,"column":55}},{"start":{"line":268,"column":6},"end":{"line":268,"column":15}}],"line":266}},"s":{"0":0,"1":0,"2":0,"3":0,"4":0,"5":0,"6":0,"7":0,"8":0,"9":0,"10":0,"11":0,"12":0,"13":0,"14":0,"15":0,"16":0,"17":0,"18":0,"19":0,"20":0,"21":0,"22":0,"23":0,"24":0,"25":0,"26":0,"27":0,"28":0,"29":0,"30":0,"31":0,"32":0,"33":0,"34":0,"35":0,"36":0,"37":0,"38":0,"39":0,"40":0,"41":0,"42":0,"43":0,"44":0,"45":0,"46":0,"47":0},"f":{"0":0,"1":0,"2":0,"3":0,"4":0,"5":0,"6":0,"7":0,"8":0,"9":0,"10":0},"b":{"0":[0,0],"1":[0,0],"2":[0,0],"3":[0,0],"4":[0,0],"5":[0,0],"6":[0,0],"7":[0,0],"8":[0,0],"9":[0,0],"10":[0,0],"11":[0,0],"12":[0,0],"13":[0,0],"14":[0,0],"15":[0,0],"16":[0,0],"17":[0,0],"18":[0,0],"19":[0,0]}}
,"/home/runner/work/agapp/agapp/mobile/src/api/users.ts": {"path":"/home/runner/work/agapp/agapp/mobile/src/api/users.ts","statementMap":{"0":{"start":{"line":27,"column":19},"end":{"line":29,"column":4}},"1":{"start":{"line":30,"column":2},"end":{"line":30,"column":14}},"2":{"start":{"line":37,"column":19},"end":{"line":39,"column":4}},"3":{"start":{"line":40,"column":2},"end":{"line":40,"column":14}},"4":{"start":{"line":44,"column":19},"end":{"line":44,"column":62}},"5":{"start":{"line":45,"column":2},"end":{"line":45,"column":14}}},"fnMap":{"0":{"name":"getProfessionalSettings","decl":{"start":{"line":26,"column":22},"end":{"line":26,"column":45}},"loc":{"start":{"line":26,"column":92},"end":{"line":31,"column":1}},"line":26},"1":{"name":"updateProfessionalSettings","decl":{"start":{"line":33,"column":22},"end":{"line":33,"column":48}},"loc":{"start":{"line":36,"column":16},"end":{"line":41,"column":1}},"line":36},"2":{"name":"getUserPublic","decl":{"start":{"line":43,"column":22},"end":{"line":43,"column":35}},"loc":{"start":{"line":43,"column":134},"end":{"line":46,"column":1}},"line":43}},"branchMap":{},"s":{"0":1,"1":1,"2":2,"3":2,"4":2,"5":2},"f":{"0":1,"1":2,"2":2},"b":{},"_coverageSchema":"1a1c01bbd47fc00a2c39e90264f33305004495a9","hash":"817c280a208ccccdd609198c68a5f29866352b86"}
,"/home/runner/work/agapp/agapp/mobile/src/components/AdBanner.tsx": {"path":"/home/runner/work/agapp/agapp/mobile/src/components/AdBanner.tsx","statementMap":{"0":{"start":{"line":22,"column":36},"end":{"line":22,"column":68}},"1":{"start":{"line":23,"column":32},"end":{"line":23,"column":46}},"2":{"start":{"line":24,"column":30},"end":{"line":24,"column":43}},"3":{"start":{"line":25,"column":16},"end":{"line":25,"column":52}},"4":{"start":{"line":25,"column":40},"end":{"line":25,"column":51}},"5":{"start":{"line":27,"column":2},"end":{"line":29,"column":17}},"6":{"start":{"line":28,"column":4},"end":{"line":28,"column":21}},"7":{"start":{"line":31,"column":25},"end":{"line":47,"column":3}},"8":{"start":{"line":32,"column":4},"end":{"line":46,"column":5}},"9":{"start":{"line":33,"column":23},"end":{"line":37,"column":8}},"10":{"start":{"line":39,"column":6},"end":{"line":41,"column":7}},"11":{"start":{"line":40,"column":8},"end":{"line":40,"column":27}},"12":{"start":{"line":43,"column":6},"end":{"line":43,"column":61}},"13":{"start":{"line":45,"column":6},"end":{"line":45,"column":24}},"14":{"start":{"line":49,"column":21},"end":{"line":61,"column":3}},"15":{"start":{"line":50,"column":4},"end":{"line":50,"column":27}},"16":{"start":{"line":50,"column":20},"end":{"line":50,"column":27}},"17":{"start":{"line":52,"column":4},"end":{"line":60,"column":5}},"18":{"start":{"line":53,"column":6},"end":{"line":57,"column":9}},"19":{"start":{"line":59,"column":6},"end":{"line":59,"column":52}},"20":{"start":{"line":63,"column":24},"end":{"line":75,"column":3}},"21":{"start":{"line":64,"column":20},"end":{"line":64,"column":42}},"22":{"start":{"line":67,"column":4},"end":{"line":74,"column":5}},"23":{"start":{"line":68,"column":24},"end":{"line":68,"column":68}},"24":{"start":{"line":69,"column":6},"end":{"line":71,"column":7}},"25":{"start":{"line":70,"column":8},"end":{"line":70,"column":29}},"26":{"start":{"line":72,"column":11},"end":{"line":74,"column":5}},"27":{"start":{"line":73,"column":6},"end":{"line":73,"column":19}},"28":{"start":{"line":77,"column":2},"end":{"line":83,"column":3}},"29":{"start":{"line":78,"column":4},"end":{"line":82,"column":6}},"30":{"start":{"line":85,"column":2},"end":{"line":87,"column":3}},"31":{"start":{"line":86,"column":4},"end":{"line":86,"column":16}},"32":{"start":{"line":90,"column":19},"end":{"line":127,"column":3}},"33":{"start":{"line":106,"column":22},"end":{"line":106,"column":47}},"34":{"start":{"line":107,"column":24},"end":{"line":107,"column":51}},"35":{"start":{"line":108,"column":4},"end":{"line":108,"column":56}},"36":{"start":{"line":129,"column":2},"end":{"line":142,"column":4}},"37":{"start":{"line":145,"column":15},"end":{"line":158,"column":2}}},"fnMap":{"0":{"name":"AdBanner","decl":{"start":{"line":21,"column":24},"end":{"line":21,"column":32}},"loc":{"start":{"line":21,"column":62},"end":{"line":143,"column":1}},"line":21},"1":{"name":"(anonymous_1)","decl":{"start":{"line":25,"column":29},"end":{"line":25,"column":30}},"loc":{"start":{"line":25,"column":40},"end":{"line":25,"column":51}},"line":25},"2":{"name":"(anonymous_2)","decl":{"start":{"line":27,"column":12},"end":{"line":27,"column":13}},"loc":{"start":{"line":27,"column":18},"end":{"line":29,"column":3}},"line":27},"3":{"name":"(anonymous_3)","decl":{"start":{"line":31,"column":25},"end":{"line":31,"column":26}},"loc":{"start":{"line":31,"column":37},"end":{"line":47,"column":3}},"line":31},"4":{"name":"(anonymous_4)","decl":{"start":{"line":49,"column":21},"end":{"line":49,"column":22}},"loc":{"start":{"line":49,"column":33},"end":{"line":61,"column":3}},"line":49},"5":{"name":"(anonymous_5)","decl":{"start":{"line":63,"column":24},"end":{"line":63,"column":25}},"loc":{"start":{"line":63,"column":40},"end":{"line":75,"column":3}},"line":63},"6":{"name":"(anonymous_6)","decl":{"start":{"line":105,"column":45},"end":{"line":105,"column":46}},"loc":{"start":{"line":105,"column":66},"end":{"line":109,"column":3}},"line":105}},"branchMap":{"0":{"loc":{"start":{"line":39,"column":6},"end":{"line":41,"column":7}},"type":"if","locations":[{"start":{"line":39,"column":6},"end":{"line":41,"column":7}},{"start":{},"end":{}}],"line":39},"1":{"loc":{"start":{"line":50,"column":4},"end":{"line":50,"column":27}},"type":"if","locations":[{"start":{"line":50,"column":4},"end":{"line":50,"column":27}},{"start":{},"end":{}}],"line":50},"2":{"loc":{"start":{"line":67,"column":4},"end":{"line":74,"column":5}},"type":"if","locations":[{"start":{"line":67,"column":4},"end":{"line":74,"column":5}},{"start":{"line":72,"column":11},"end":{"line":74,"column":5}}],"line":67},"3":{"loc":{"start":{"line":69,"column":6},"end":{"line":71,"column":7}},"type":"if","locations":[{"start":{"line":69,"column":6},"end":{"line":71,"column":7}},{"start":{},"end":{}}],"line":69},"4":{"loc":{"start":{"line":72,"column":11},"end":{"line":74,"column":5}},"type":"if","locations":[{"start":{"line":72,"column":11},"end":{"line":74,"column":5}},{"start":{},"end":{}}],"line":72},"5":{"loc":{"start":{"line":72,"column":15},"end":{"line":72,"column":64}},"type":"binary-expr","locations":[{"start":{"line":72,"column":15},"end":{"line":72,"column":34}},{"start":{"line":72,"column":38},"end":{"line":72,"column":64}}],"line":72},"6":{"loc":{"start":{"line":77,"column":2},"end":{"line":83,"column":3}},"type":"if","locations":[{"start":{"line":77,"column":2},"end":{"line":83,"column":3}},{"start":{},"end":{}}],"line":77},"7":{"loc":{"start":{"line":85,"column":2},"end":{"line":87,"column":3}},"type":"if","locations":[{"start":{"line":85,"column":2},"end":{"line":87,"column":3}},{"start":{},"end":{}}],"line":85},"8":{"loc":{"start":{"line":108,"column":11},"end":{"line":108,"column":55}},"type":"cond-expr","locations":[{"start":{"line":108,"column":25},"end":{"line":108,"column":47}},{"start":{"line":108,"column":50},"end":{"line":108,"column":55}}],"line":108}},"s":{"0":0,"1":0,"2":0,"3":0,"4":0,"5":0,"6":0,"7":0,"8":0,"9":0,"10":0,"11":0,"12":0,"13":0,"14":0,"15":0,"16":0,"17":0,"18":0,"19":0,"20":0,"21":0,"22":0,"23":0,"24":0,"25":0,"26":0,"27":0,"28":0,"29":0,"30":0,"31":0,"32":0,"33":0,"34":0,"35":0,"36":0,"37":0},"f":{"0":0,"1":0,"2":0,"3":0,"4":0,"5":0,"6":0},"b":{"0":[0,0],"1":[0,0],"2":[0,0],"3":[0,0],"4":[0,0],"5":[0,0],"6":[0,0],"7":[0,0],"8":[0,0]}}
,"/home/runner/work/agapp/agapp/mobile/src/components/AddressAutocomplete.tsx": {"path":"/home/runner/work/agapp/agapp/mobile/src/components/AddressAutocomplete.tsx","statementMap":{"0":{"start":{"line":27,"column":16},"end":{"line":27,"column":26}},"1":{"start":{"line":28,"column":28},"end":{"line":28,"column":49}},"2":{"start":{"line":29,"column":40},"end":{"line":29,"column":66}},"3":{"start":{"line":30,"column":28},"end":{"line":30,"column":67}},"4":{"start":{"line":31,"column":19},"end":{"line":31,"column":36}},"5":{"start":{"line":32,"column":21},"end":{"line":32,"column":30}},"6":{"start":{"line":34,"column":2},"end":{"line":34,"column":50}},"7":{"start":{"line":34,"column":18},"end":{"line":34,"column":39}},"8":{"start":{"line":36,"column":2},"end":{"line":46,"column":14}},"9":{"start":{"line":37,"column":4},"end":{"line":37,"column":57}},"10":{"start":{"line":37,"column":26},"end":{"line":37,"column":57}},"11":{"start":{"line":38,"column":4},"end":{"line":41,"column":5}},"12":{"start":{"line":39,"column":6},"end":{"line":39,"column":25}},"13":{"start":{"line":40,"column":6},"end":{"line":40,"column":13}},"14":{"start":{"line":42,"column":4},"end":{"line":44,"column":12}},"15":{"start":{"line":43,"column":6},"end":{"line":43,"column":30}},"16":{"start":{"line":45,"column":4},"end":{"line":45,"column":48}},"17":{"start":{"line":45,"column":17},"end":{"line":45,"column":47}},"18":{"start":{"line":49,"column":17},"end":{"line":49,"column":37}},"19":{"start":{"line":50,"column":4},"end":{"line":87,"column":5}},"20":{"start":{"line":51,"column":6},"end":{"line":51,"column":26}},"21":{"start":{"line":53,"column":22},"end":{"line":53,"column":43}},"22":{"start":{"line":54,"column":6},"end":{"line":69,"column":7}},"23":{"start":{"line":55,"column":8},"end":{"line":68,"column":9}},"24":{"start":{"line":56,"column":23},"end":{"line":56,"column":79}},"25":{"start":{"line":57,"column":23},"end":{"line":57,"column":40}},"26":{"start":{"line":58,"column":10},"end":{"line":65,"column":11}},"27":{"start":{"line":59,"column":29},"end":{"line":59,"column":103}},"28":{"start":{"line":60,"column":28},"end":{"line":60,"column":90}},"29":{"start":{"line":61,"column":28},"end":{"line":61,"column":57}},"30":{"start":{"line":62,"column":36},"end":{"line":62,"column":241}},"31":{"start":{"line":62,"column":68},"end":{"line":62,"column":239}},"32":{"start":{"line":63,"column":12},"end":{"line":63,"column":63}},"33":{"start":{"line":63,"column":45},"end":{"line":63,"column":63}},"34":{"start":{"line":64,"column":12},"end":{"line":64,"column":19}},"35":{"start":{"line":71,"column":22},"end":{"line":71,"column":45}},"36":{"start":{"line":73,"column":21},"end":{"line":73,"column":40}},"37":{"start":{"line":74,"column":26},"end":{"line":76,"column":7}},"38":{"start":{"line":75,"column":8},"end":{"line":75,"column":129}},"39":{"start":{"line":75,"column":112},"end":{"line":75,"column":127}},"40":{"start":{"line":77,"column":23},"end":{"line":77,"column":53}},"41":{"start":{"line":78,"column":40},"end":{"line":81,"column":8}},"42":{"start":{"line":79,"column":33},"end":{"line":79,"column":213}},"43":{"start":{"line":80,"column":8},"end":{"line":80,"column":379}},"44":{"start":{"line":82,"column":6},"end":{"line":82,"column":67}},"45":{"start":{"line":82,"column":39},"end":{"line":82,"column":67}},"46":{"start":{"line":84,"column":6},"end":{"line":84,"column":44}},"47":{"start":{"line":85,"column":6},"end":{"line":85,"column":25}},"48":{"start":{"line":86,"column":6},"end":{"line":86,"column":66}},"49":{"start":{"line":91,"column":4},"end":{"line":91,"column":32}},"50":{"start":{"line":92,"column":4},"end":{"line":92,"column":23}},"51":{"start":{"line":93,"column":37},"end":{"line":93,"column":81}},"52":{"start":{"line":94,"column":4},"end":{"line":94,"column":173}},"53":{"start":{"line":97,"column":2},"end":{"line":130,"column":4}},"54":{"start":{"line":103,"column":10},"end":{"line":103,"column":22}},"55":{"start":{"line":104,"column":10},"end":{"line":104,"column":42}},"56":{"start":{"line":118,"column":14},"end":{"line":125,"column":33}},"57":{"start":{"line":118,"column":79},"end":{"line":118,"column":97}},"58":{"start":{"line":133,"column":15},"end":{"line":140,"column":2}}},"fnMap":{"0":{"name":"AddressAutocomplete","decl":{"start":{"line":26,"column":24},"end":{"line":26,"column":43}},"loc":{"start":{"line":26,"column":99},"end":{"line":131,"column":1}},"line":26},"1":{"name":"(anonymous_1)","decl":{"start":{"line":34,"column":12},"end":{"line":34,"column":13}},"loc":{"start":{"line":34,"column":18},"end":{"line":34,"column":39}},"line":34},"2":{"name":"(anonymous_2)","decl":{"start":{"line":36,"column":12},"end":{"line":36,"column":13}},"loc":{"start":{"line":36,"column":18},"end":{"line":46,"column":3}},"line":36},"3":{"name":"(anonymous_3)","decl":{"start":{"line":42,"column":34},"end":{"line":42,"column":35}},"loc":{"start":{"line":42,"column":40},"end":{"line":44,"column":5}},"line":42},"4":{"name":"(anonymous_4)","decl":{"start":{"line":45,"column":11},"end":{"line":45,"column":12}},"loc":{"start":{"line":45,"column":17},"end":{"line":45,"column":47}},"line":45},"5":{"name":"fetchSuggestions","decl":{"start":{"line":48,"column":17},"end":{"line":48,"column":33}},"loc":{"start":{"line":48,"column":45},"end":{"line":88,"column":3}},"line":48},"6":{"name":"(anonymous_6)","decl":{"start":{"line":62,"column":60},"end":{"line":62,"column":61}},"loc":{"start":{"line":62,"column":68},"end":{"line":62,"column":239}},"line":62},"7":{"name":"(anonymous_7)","decl":{"start":{"line":74,"column":37},"end":{"line":74,"column":38}},"loc":{"start":{"line":75,"column":8},"end":{"line":75,"column":129}},"line":75},"8":{"name":"(anonymous_8)","decl":{"start":{"line":75,"column":102},"end":{"line":75,"column":103}},"loc":{"start":{"line":75,"column":112},"end":{"line":75,"column":127}},"line":75},"9":{"name":"(anonymous_9)","decl":{"start":{"line":78,"column":53},"end":{"line":78,"column":54}},"loc":{"start":{"line":78,"column":74},"end":{"line":81,"column":7}},"line":78},"10":{"name":"handleSelect","decl":{"start":{"line":90,"column":11},"end":{"line":90,"column":23}},"loc":{"start":{"line":90,"column":42},"end":{"line":95,"column":3}},"line":90},"11":{"name":"(anonymous_11)","decl":{"start":{"line":102,"column":22},"end":{"line":102,"column":23}},"loc":{"start":{"line":102,"column":29},"end":{"line":105,"column":9}},"line":102},"12":{"name":"(anonymous_12)","decl":{"start":{"line":117,"column":29},"end":{"line":117,"column":30}},"loc":{"start":{"line":118,"column":14},"end":{"line":125,"column":33}},"line":118},"13":{"name":"(anonymous_13)","decl":{"start":{"line":118,"column":73},"end":{"line":118,"column":74}},"loc":{"start":{"line":118,"column":79},"end":{"line":118,"column":97}},"line":118}},"branchMap":{"0":{"loc":{"start":{"line":28,"column":37},"end":{"line":28,"column":48}},"type":"binary-expr","locations":[{"start":{"line":28,"column":37},"end":{"line":28,"column":42}},{"start":{"line":28,"column":46},"end":{"line":28,"column":48}}],"line":28},"1":{"loc":{"start":{"line":34,"column":27},"end":{"line":34,"column":38}},"type":"binary-expr","locations":[{"start":{"line":34,"column":27},"end":{"line":34,"column":32}},{"start":{"line":34,"column":36},"end":{"line":34,"column":38}}],"line":34},"2":{"loc":{"start":{"line":37,"column":4},"end":{"line":37,"column":57}},"type":"if","locations":[{"start":{"line":37,"column":4},"end":{"line":37,"column":57}},{"start":{},"end":{}}],"line":37},"3":{"loc":{"start":{"line":38,"column":4},"end":{"line":41,"column":5}},"type":"if","locations":[{"start":{"line":38,"column":4},"end":{"line":41,"column":5}},{"start":{},"end":{}}],"line":38},"4":{"loc":{"start":{"line":38,"column":8},"end":{"line":38,"column":34}},"type":"binary-expr","locations":[{"start":{"line":38,"column":8},"end":{"line":38,"column":14}},{"start":{"line":38,"column":18},"end":{"line":38,"column":34}}],"line":38},"5":{"loc":{"start":{"line":54,"column":6},"end":{"line":69,"column":7}},"type":"if","locations":[{"start":{"line":54,"column":6},"end":{"line":69,"column":7}},{"start":{},"end":{}}],"line":54},"6":{"loc":{"start":{"line":58,"column":10},"end":{"line":65,"column":11}},"type":"if","locations":[{"start":{"line":58,"column":10},"end":{"line":65,"column":11}},{"start":{},"end":{}}],"line":58},"7":{"loc":{"start":{"line":59,"column":32},"end":{"line":59,"column":53}},"type":"binary-expr","locations":[{"start":{"line":59,"column":32},"end":{"line":59,"column":47}},{"start":{"line":59,"column":51},"end":{"line":59,"column":53}}],"line":59},"8":{"loc":{"start":{"line":59,"column":56},"end":{"line":59,"column":94}},"type":"cond-expr","locations":[{"start":{"line":59,"column":70},"end":{"line":59,"column":89}},{"start":{"line":59,"column":92},"end":{"line":59,"column":94}}],"line":59},"9":{"loc":{"start":{"line":60,"column":43},"end":{"line":60,"column":64}},"type":"binary-expr","locations":[{"start":{"line":60,"column":43},"end":{"line":60,"column":58}},{"start":{"line":60,"column":62},"end":{"line":60,"column":64}}],"line":60},"10":{"loc":{"start":{"line":60,"column":68},"end":{"line":60,"column":81}},"type":"binary-expr","locations":[{"start":{"line":60,"column":68},"end":{"line":60,"column":75}},{"start":{"line":60,"column":79},"end":{"line":60,"column":81}}],"line":60},"11":{"loc":{"start":{"line":63,"column":12},"end":{"line":63,"column":63}},"type":"if","locations":[{"start":{"line":63,"column":12},"end":{"line":63,"column":63}},{"start":{},"end":{}}],"line":63},"12":{"loc":{"start":{"line":79,"column":33},"end":{"line":79,"column":213}},"type":"cond-expr","locations":[{"start":{"line":79,"column":57},"end":{"line":79,"column":147}},{"start":{"line":79,"column":150},"end":{"line":79,"column":213}}],"line":79},"13":{"loc":{"start":{"line":79,"column":33},"end":{"line":79,"column":54}},"type":"binary-expr","locations":[{"start":{"line":79,"column":33},"end":{"line":79,"column":36}},{"start":{"line":79,"column":40},"end":{"line":79,"column":54}}],"line":79},"14":{"loc":{"start":{"line":79,"column":57},"end":{"line":79,"column":147}},"type":"binary-expr","locations":[{"start":{"line":79,"column":57},"end":{"line":79,"column":80}},{"start":{"line":79,"column":84},"end":{"line":79,"column":147}}],"line":79},"15":{"loc":{"start":{"line":80,"column":162},"end":{"line":80,"column":236}},"type":"cond-expr","locations":[{"start":{"line":80,"column":179},"end":{"line":80,"column":223}},{"start":{"line":80,"column":227},"end":{"line":80,"column":236}}],"line":80},"16":{"loc":{"start":{"line":80,"column":162},"end":{"line":80,"column":175}},"type":"binary-expr","locations":[{"start":{"line":80,"column":162},"end":{"line":80,"column":165}},{"start":{"line":80,"column":169},"end":{"line":80,"column":175}}],"line":80},"17":{"loc":{"start":{"line":80,"column":179},"end":{"line":80,"column":223}},"type":"binary-expr","locations":[{"start":{"line":80,"column":179},"end":{"line":80,"column":190}},{"start":{"line":80,"column":194},"end":{"line":80,"column":210}},{"start":{"line":80,"column":214},"end":{"line":80,"column":223}}],"line":80},"18":{"loc":{"start":{"line":80,"column":246},"end":{"line":80,"column":302}},"type":"cond-expr","locations":[{"start":{"line":80,"column":263},"end":{"line":80,"column":289}},{"start":{"line":80,"column":293},"end":{"line":80,"column":302}}],"line":80},"19":{"loc":{"start":{"line":80,"column":246},"end":{"line":80,"column":259}},"type":"binary-expr","locations":[{"start":{"line":80,"column":246},"end":{"line":80,"column":249}},{"start":{"line":80,"column":253},"end":{"line":80,"column":259}}],"line":80},"20":{"loc":{"start":{"line":80,"column":263},"end":{"line":80,"column":289}},"type":"binary-expr","locations":[{"start":{"line":80,"column":263},"end":{"line":80,"column":276}},{"start":{"line":80,"column":280},"end":{"line":80,"column":289}}],"line":80},"21":{"loc":{"start":{"line":80,"column":316},"end":{"line":80,"column":376}},"type":"cond-expr","locations":[{"start":{"line":80,"column":333},"end":{"line":80,"column":363}},{"start":{"line":80,"column":367},"end":{"line":80,"column":376}}],"line":80},"22":{"loc":{"start":{"line":80,"column":316},"end":{"line":80,"column":329}},"type":"binary-expr","locations":[{"start":{"line":80,"column":316},"end":{"line":80,"column":319}},{"start":{"line":80,"column":323},"end":{"line":80,"column":329}}],"line":80},"23":{"loc":{"start":{"line":80,"column":333},"end":{"line":80,"column":363}},"type":"binary-expr","locations":[{"start":{"line":80,"column":333},"end":{"line":80,"column":350}},{"start":{"line":80,"column":354},"end":{"line":80,"column":363}}],"line":80},"24":{"loc":{"start":{"line":82,"column":6},"end":{"line":82,"column":67}},"type":"if","locations":[{"start":{"line":82,"column":6},"end":{"line":82,"column":67}},{"start":{},"end":{}}],"line":82},"25":{"loc":{"start":{"line":100,"column":15},"end":{"line":100,"column":40}},"type":"binary-expr","locations":[{"start":{"line":100,"column":15},"end":{"line":100,"column":26}},{"start":{"line":100,"column":30},"end":{"line":100,"column":40}}],"line":100},"26":{"loc":{"start":{"line":104,"column":10},"end":{"line":104,"column":41}},"type":"binary-expr","locations":[{"start":{"line":104,"column":10},"end":{"line":104,"column":22}},{"start":{"line":104,"column":26},"end":{"line":104,"column":41}}],"line":104},"27":{"loc":{"start":{"line":112,"column":7},"end":{"line":114,"column":14}},"type":"cond-expr","locations":[{"start":{"line":113,"column":8},"end":{"line":113,"column":69}},{"start":{"line":114,"column":10},"end":{"line":114,"column":14}}],"line":112},"28":{"loc":{"start":{"line":115,"column":7},"end":{"line":128,"column":7}},"type":"binary-expr","locations":[{"start":{"line":115,"column":7},"end":{"line":115,"column":29}},{"start":{"line":116,"column":8},"end":{"line":127,"column":15}}],"line":115},"29":{"loc":{"start":{"line":122,"column":17},"end":{"line":124,"column":24}},"type":"cond-expr","locations":[{"start":{"line":123,"column":18},"end":{"line":123,"column":90}},{"start":{"line":124,"column":20},"end":{"line":124,"column":24}}],"line":122}},"s":{"0":0,"1":0,"2":0,"3":0,"4":0,"5":0,"6":0,"7":0,"8":0,"9":0,"10":0,"11":0,"12":0,"13":0,"14":0,"15":0,"16":0,"17":0,"18":0,"19":0,"20":0,"21":0,"22":0,"23":0,"24":0,"25":0,"26":0,"27":0,"28":0,"29":0,"30":0,"31":0,"32":0,"33":0,"34":0,"35":0,"36":0,"37":0,"38":0,"39":0,"40":0,"41":0,"42":0,"43":0,"44":0,"45":0,"46":0,"47":0,"48":0,"49":0,"50":0,"51":0,"52":0,"53":0,"54":0,"55":0,"56":0,"57":0,"58":0},"f":{"0":0,"1":0,"2":0,"3":0,"4":0,"5":0,"6":0,"7":0,"8":0,"9":0,"10":0,"11":0,"12":0,"13":0},"b":{"0":[0,0],"1":[0,0],"2":[0,0],"3":[0,0],"4":[0,0],"5":[0,0],"6":[0,0],"7":[0,0],"8":[0,0],"9":[0,0],"10":[0,0],"11":[0,0],"12":[0,0],"13":[0,0],"14":[0,0],"15":[0,0],"16":[0,0],"17":[0,0,0],"18":[0,0],"19":[0,0],"20":[0,0],"21":[0,0],"22":[0,0],"23":[0,0],"24":[0,0],"25":[0,0],"26":[0,0],"27":[0,0],"28":[0,0],"29":[0,0]}}
,"/home/runner/work/agapp/agapp/mobile/src/components/AddressSearch.tsx": {"path":"/home/runner/work/agapp/agapp/mobile/src/components/AddressSearch.tsx","statementMap":{"0":{"start":{"line":17,"column":22},"end":{"line":17,"column":41}},"1":{"start":{"line":18,"column":30},"end":{"line":18,"column":51}},"2":{"start":{"line":19,"column":38},"end":{"line":19,"column":50}},"3":{"start":{"line":20,"column":32},"end":{"line":20,"column":47}},"4":{"start":{"line":21,"column":32},"end":{"line":21,"column":51}},"5":{"start":{"line":24,"column":4},"end":{"line":24,"column":46}},"6":{"start":{"line":24,"column":39},"end":{"line":24,"column":46}},"7":{"start":{"line":25,"column":4},"end":{"line":25,"column":21}},"8":{"start":{"line":26,"column":4},"end":{"line":33,"column":5}},"9":{"start":{"line":27,"column":20},"end":{"line":27,"column":104}},"10":{"start":{"line":28,"column":6},"end":{"line":28,"column":30}},"11":{"start":{"line":30,"column":6},"end":{"line":30,"column":49}},"12":{"start":{"line":32,"column":6},"end":{"line":32,"column":24}},"13":{"start":{"line":38,"column":22},"end":{"line":38,"column":226}},"14":{"start":{"line":39,"column":4},"end":{"line":60,"column":5}},"15":{"start":{"line":41,"column":20},"end":{"line":41,"column":70}},"16":{"start":{"line":42,"column":23},"end":{"line":42,"column":57}},"17":{"start":{"line":43,"column":6},"end":{"line":53,"column":7}},"18":{"start":{"line":44,"column":18},"end":{"line":44,"column":29}},"19":{"start":{"line":45,"column":24},"end":{"line":45,"column":108}},"20":{"start":{"line":46,"column":20},"end":{"line":46,"column":36}},"21":{"start":{"line":47,"column":26},"end":{"line":47,"column":147}},"22":{"start":{"line":48,"column":8},"end":{"line":48,"column":30}},"23":{"start":{"line":51,"column":26},"end":{"line":51,"column":79}},"24":{"start":{"line":52,"column":8},"end":{"line":52,"column":30}},"25":{"start":{"line":55,"column":6},"end":{"line":55,"column":58}},"26":{"start":{"line":56,"column":24},"end":{"line":56,"column":77}},"27":{"start":{"line":57,"column":6},"end":{"line":57,"column":28}},"28":{"start":{"line":59,"column":6},"end":{"line":59,"column":18}},"29":{"start":{"line":63,"column":2},"end":{"line":102,"column":4}},"30":{"start":{"line":84,"column":34},"end":{"line":84,"column":89}},"31":{"start":{"line":86,"column":14},"end":{"line":91,"column":16}},"32":{"start":{"line":89,"column":31},"end":{"line":89,"column":49}},"33":{"start":{"line":90,"column":33},"end":{"line":90,"column":75}},"34":{"start":{"line":105,"column":15},"end":{"line":109,"column":2}}},"fnMap":{"0":{"name":"AddressSearch","decl":{"start":{"line":16,"column":24},"end":{"line":16,"column":37}},"loc":{"start":{"line":16,"column":113},"end":{"line":103,"column":1}},"line":16},"1":{"name":"handleSearch","decl":{"start":{"line":23,"column":17},"end":{"line":23,"column":29}},"loc":{"start":{"line":23,"column":32},"end":{"line":34,"column":3}},"line":23},"2":{"name":"handleSelect","decl":{"start":{"line":36,"column":17},"end":{"line":36,"column":29}},"loc":{"start":{"line":36,"column":41},"end":{"line":61,"column":3}},"line":36},"3":{"name":"(anonymous_3)","decl":{"start":{"line":84,"column":26},"end":{"line":84,"column":27}},"loc":{"start":{"line":84,"column":34},"end":{"line":84,"column":89}},"line":84},"4":{"name":"(anonymous_4)","decl":{"start":{"line":85,"column":24},"end":{"line":85,"column":25}},"loc":{"start":{"line":86,"column":14},"end":{"line":91,"column":16}},"line":86},"5":{"name":"(anonymous_5)","decl":{"start":{"line":89,"column":25},"end":{"line":89,"column":26}},"loc":{"start":{"line":89,"column":31},"end":{"line":89,"column":49}},"line":89},"6":{"name":"(anonymous_6)","decl":{"start":{"line":90,"column":22},"end":{"line":90,"column":23}},"loc":{"start":{"line":90,"column":33},"end":{"line":90,"column":75}},"line":90}},"branchMap":{"0":{"loc":{"start":{"line":16,"column":49},"end":{"line":16,"column":65}},"type":"default-arg","locations":[{"start":{"line":16,"column":63},"end":{"line":16,"column":65}}],"line":16},"1":{"loc":{"start":{"line":16,"column":67},"end":{"line":16,"column":81}},"type":"default-arg","locations":[{"start":{"line":16,"column":79},"end":{"line":16,"column":81}}],"line":16},"2":{"loc":{"start":{"line":24,"column":4},"end":{"line":24,"column":46}},"type":"if","locations":[{"start":{"line":24,"column":4},"end":{"line":24,"column":46}},{"start":{},"end":{}}],"line":24},"3":{"loc":{"start":{"line":24,"column":8},"end":{"line":24,"column":37}},"type":"binary-expr","locations":[{"start":{"line":24,"column":8},"end":{"line":24,"column":11}},{"start":{"line":24,"column":15},"end":{"line":24,"column":22}},{"start":{"line":24,"column":26},"end":{"line":24,"column":37}}],"line":24},"4":{"loc":{"start":{"line":28,"column":17},"end":{"line":28,"column":28}},"type":"binary-expr","locations":[{"start":{"line":28,"column":17},"end":{"line":28,"column":22}},{"start":{"line":28,"column":26},"end":{"line":28,"column":28}}],"line":28},"5":{"loc":{"start":{"line":38,"column":25},"end":{"line":38,"column":46}},"type":"binary-expr","locations":[{"start":{"line":38,"column":25},"end":{"line":38,"column":40}},{"start":{"line":38,"column":44},"end":{"line":38,"column":46}}],"line":38},"6":{"loc":{"start":{"line":38,"column":49},"end":{"line":38,"column":86}},"type":"cond-expr","locations":[{"start":{"line":38,"column":63},"end":{"line":38,"column":81}},{"start":{"line":38,"column":84},"end":{"line":38,"column":86}}],"line":38},"7":{"loc":{"start":{"line":38,"column":91},"end":{"line":38,"column":116}},"type":"binary-expr","locations":[{"start":{"line":38,"column":91},"end":{"line":38,"column":106}},{"start":{"line":38,"column":110},"end":{"line":38,"column":116}}],"line":38},"8":{"loc":{"start":{"line":38,"column":122},"end":{"line":38,"column":135}},"type":"binary-expr","locations":[{"start":{"line":38,"column":122},"end":{"line":38,"column":129}},{"start":{"line":38,"column":133},"end":{"line":38,"column":135}}],"line":38},"9":{"loc":{"start":{"line":38,"column":138},"end":{"line":38,"column":174}},"type":"cond-expr","locations":[{"start":{"line":38,"column":149},"end":{"line":38,"column":169}},{"start":{"line":38,"column":172},"end":{"line":38,"column":174}}],"line":38},"10":{"loc":{"start":{"line":43,"column":6},"end":{"line":53,"column":7}},"type":"if","locations":[{"start":{"line":43,"column":6},"end":{"line":53,"column":7}},{"start":{"line":49,"column":13},"end":{"line":53,"column":7}}],"line":43},"11":{"loc":{"start":{"line":43,"column":10},"end":{"line":43,"column":41}},"type":"binary-expr","locations":[{"start":{"line":43,"column":10},"end":{"line":43,"column":18}},{"start":{"line":43,"column":22},"end":{"line":43,"column":41}}],"line":43},"12":{"loc":{"start":{"line":46,"column":20},"end":{"line":46,"column":36}},"type":"binary-expr","locations":[{"start":{"line":46,"column":20},"end":{"line":46,"column":30}},{"start":{"line":46,"column":34},"end":{"line":46,"column":36}}],"line":46},"13":{"loc":{"start":{"line":47,"column":53},"end":{"line":47,"column":74}},"type":"binary-expr","locations":[{"start":{"line":47,"column":53},"end":{"line":47,"column":61}},{"start":{"line":47,"column":65},"end":{"line":47,"column":74}}],"line":47},"14":{"loc":{"start":{"line":72,"column":68},"end":{"line":72,"column":108}},"type":"binary-expr","locations":[{"start":{"line":72,"column":68},"end":{"line":72,"column":75}},{"start":{"line":72,"column":79},"end":{"line":72,"column":82}},{"start":{"line":72,"column":86},"end":{"line":72,"column":93}},{"start":{"line":72,"column":97},"end":{"line":72,"column":108}}],"line":72},"15":{"loc":{"start":{"line":76,"column":11},"end":{"line":76,"column":75}},"type":"cond-expr","locations":[{"start":{"line":76,"column":21},"end":{"line":76,"column":68}},{"start":{"line":76,"column":71},"end":{"line":76,"column":75}}],"line":76},"16":{"loc":{"start":{"line":78,"column":11},"end":{"line":80,"column":18}},"type":"cond-expr","locations":[{"start":{"line":79,"column":12},"end":{"line":79,"column":89}},{"start":{"line":80,"column":14},"end":{"line":80,"column":18}}],"line":78},"17":{"loc":{"start":{"line":78,"column":11},"end":{"line":78,"column":43}},"type":"binary-expr","locations":[{"start":{"line":78,"column":11},"end":{"line":78,"column":19}},{"start":{"line":78,"column":23},"end":{"line":78,"column":43}}],"line":78},"18":{"loc":{"start":{"line":84,"column":34},"end":{"line":84,"column":89}},"type":"binary-expr","locations":[{"start":{"line":84,"column":34},"end":{"line":84,"column":40}},{"start":{"line":84,"column":44},"end":{"line":84,"column":89}}],"line":84},"19":{"loc":{"start":{"line":87,"column":26},"end":{"line":87,"column":47}},"type":"binary-expr","locations":[{"start":{"line":87,"column":26},"end":{"line":87,"column":41}},{"start":{"line":87,"column":45},"end":{"line":87,"column":47}}],"line":87},"20":{"loc":{"start":{"line":87,"column":50},"end":{"line":87,"column":88}},"type":"cond-expr","locations":[{"start":{"line":87,"column":64},"end":{"line":87,"column":83}},{"start":{"line":87,"column":86},"end":{"line":87,"column":88}}],"line":87},"21":{"loc":{"start":{"line":88,"column":32},"end":{"line":88,"column":53}},"type":"binary-expr","locations":[{"start":{"line":88,"column":32},"end":{"line":88,"column":47}},{"start":{"line":88,"column":51},"end":{"line":88,"column":53}}],"line":88},"22":{"loc":{"start":{"line":88,"column":59},"end":{"line":88,"column":72}},"type":"binary-expr","locations":[{"start":{"line":88,"column":59},"end":{"line":88,"column":66}},{"start":{"line":88,"column":70},"end":{"line":88,"column":72}}],"line":88},"23":{"loc":{"start":{"line":88,"column":75},"end":{"line":88,"column":107}},"type":"cond-expr","locations":[{"start":{"line":88,"column":86},"end":{"line":88,"column":102}},{"start":{"line":88,"column":105},"end":{"line":88,"column":107}}],"line":88}},"s":{"0":0,"1":0,"2":0,"3":0,"4":0,"5":0,"6":0,"7":0,"8":0,"9":0,"10":0,"11":0,"12":0,"13":0,"14":0,"15":0,"16":0,"17":0,"18":0,"19":0,"20":0,"21":0,"22":0,"23":0,"24":0,"25":0,"26":0,"27":0,"28":0,"29":0,"30":0,"31":0,"32":0,"33":0,"34":0},"f":{"0":0,"1":0,"2":0,"3":0,"4":0,"5":0,"6":0},"b":{"0":[0],"1":[0],"2":[0,0],"3":[0,0,0],"4":[0,0],"5":[0,0],"6":[0,0],"7":[0,0],"8":[0,0],"9":[0,0],"10":[0,0],"11":[0,0],"12":[0,0],"13":[0,0],"14":[0,0,0,0],"15":[0,0],"16":[0,0],"17":[0,0],"18":[0,0],"19":[0,0],"20":[0,0],"21":[0,0],"22":[0,0],"23":[0,0]}}
,"/home/runner/work/agapp/agapp/mobile/src/components/BannerAd.tsx": {"path":"/home/runner/work/agapp/agapp/mobile/src/components/BannerAd.tsx","statementMap":{"0":{"start":{"line":26,"column":46},"end":{"line":26,"column":59}},"1":{"start":{"line":27,"column":33},"end":{"line":27,"column":54}},"2":{"start":{"line":28,"column":22},"end":{"line":28,"column":56}},"3":{"start":{"line":29,"column":28},"end":{"line":29,"column":39}},"4":{"start":{"line":30,"column":42},"end":{"line":30,"column":69}},"5":{"start":{"line":31,"column":50},"end":{"line":31,"column":65}},"6":{"start":{"line":32,"column":50},"end":{"line":32,"column":79}},"7":{"start":{"line":35,"column":25},"end":{"line":35,"column":42}},"8":{"start":{"line":42,"column":26},"end":{"line":46,"column":3}},"9":{"start":{"line":43,"column":18},"end":{"line":43,"column":38}},"10":{"start":{"line":44,"column":29},"end":{"line":44,"column":51}},"11":{"start":{"line":45,"column":4},"end":{"line":45,"column":70}},"12":{"start":{"line":48,"column":24},"end":{"line":56,"column":3}},"13":{"start":{"line":49,"column":20},"end":{"line":49,"column":42}},"14":{"start":{"line":52,"column":4},"end":{"line":55,"column":5}},"15":{"start":{"line":53,"column":6},"end":{"line":53,"column":18}},"16":{"start":{"line":59,"column":2},"end":{"line":61,"column":3}},"17":{"start":{"line":60,"column":4},"end":{"line":60,"column":16}},"18":{"start":{"line":64,"column":2},"end":{"line":70,"column":3}},"19":{"start":{"line":65,"column":4},"end":{"line":69,"column":6}},"20":{"start":{"line":72,"column":2},"end":{"line":151,"column":4}},"21":{"start":{"line":80,"column":41},"end":{"line":84,"column":11}},"22":{"start":{"line":86,"column":39},"end":{"line":86,"column":59}},"23":{"start":{"line":88,"column":28},"end":{"line":88,"column":58}},"24":{"start":{"line":89,"column":33},"end":{"line":89,"column":90}},"25":{"start":{"line":90,"column":29},"end":{"line":90,"column":63}},"26":{"start":{"line":91,"column":12},"end":{"line":91,"column":31}},"27":{"start":{"line":94,"column":12},"end":{"line":132,"column":14}},"28":{"start":{"line":99,"column":18},"end":{"line":101,"column":19}},"29":{"start":{"line":100,"column":20},"end":{"line":100,"column":63}},"30":{"start":{"line":102,"column":18},"end":{"line":102,"column":30}},"31":{"start":{"line":118,"column":20},"end":{"line":125,"column":21}},"32":{"start":{"line":119,"column":60},"end":{"line":119,"column":80}},"33":{"start":{"line":120,"column":37},"end":{"line":120,"column":70}},"34":{"start":{"line":121,"column":40},"end":{"line":121,"column":67}},"35":{"start":{"line":122,"column":22},"end":{"line":122,"column":49}},"36":{"start":{"line":123,"column":22},"end":{"line":123,"column":62}},"37":{"start":{"line":123,"column":34},"end":{"line":123,"column":62}},"38":{"start":{"line":124,"column":22},"end":{"line":124,"column":48}},"39":{"start":{"line":154,"column":15},"end":{"line":207,"column":2}}},"fnMap":{"0":{"name":"BannerAd","decl":{"start":{"line":25,"column":16},"end":{"line":25,"column":24}},"loc":{"start":{"line":25,"column":95},"end":{"line":152,"column":1}},"line":25},"1":{"name":"(anonymous_1)","decl":{"start":{"line":42,"column":26},"end":{"line":42,"column":27}},"loc":{"start":{"line":42,"column":75},"end":{"line":46,"column":3}},"line":42},"2":{"name":"(anonymous_2)","decl":{"start":{"line":48,"column":24},"end":{"line":48,"column":25}},"loc":{"start":{"line":48,"column":40},"end":{"line":56,"column":3}},"line":48},"3":{"name":"(anonymous_3)","decl":{"start":{"line":80,"column":25},"end":{"line":80,"column":26}},"loc":{"start":{"line":80,"column":41},"end":{"line":84,"column":11}},"line":80},"4":{"name":"(anonymous_4)","decl":{"start":{"line":86,"column":24},"end":{"line":86,"column":25}},"loc":{"start":{"line":86,"column":39},"end":{"line":86,"column":59}},"line":86},"5":{"name":"(anonymous_5)","decl":{"start":{"line":87,"column":31},"end":{"line":87,"column":32}},"loc":{"start":{"line":87,"column":39},"end":{"line":92,"column":11}},"line":87},"6":{"name":"(anonymous_6)","decl":{"start":{"line":93,"column":22},"end":{"line":93,"column":23}},"loc":{"start":{"line":93,"column":54},"end":{"line":133,"column":11}},"line":93},"7":{"name":"(anonymous_7)","decl":{"start":{"line":98,"column":25},"end":{"line":98,"column":26}},"loc":{"start":{"line":98,"column":31},"end":{"line":103,"column":17}},"line":98},"8":{"name":"(anonymous_8)","decl":{"start":{"line":100,"column":53},"end":{"line":100,"column":54}},"loc":{"start":{"line":100,"column":59},"end":{"line":100,"column":61}},"line":100},"9":{"name":"(anonymous_9)","decl":{"start":{"line":116,"column":26},"end":{"line":116,"column":27}},"loc":{"start":{"line":116,"column":33},"end":{"line":126,"column":19}},"line":116},"10":{"name":"(anonymous_10)","decl":{"start":{"line":127,"column":27},"end":{"line":127,"column":28}},"loc":{"start":{"line":127,"column":34},"end":{"line":129,"column":19}},"line":127}},"branchMap":{"0":{"loc":{"start":{"line":25,"column":35},"end":{"line":25,"column":50}},"type":"default-arg","locations":[{"start":{"line":25,"column":47},"end":{"line":25,"column":50}}],"line":25},"1":{"loc":{"start":{"line":25,"column":52},"end":{"line":25,"column":67}},"type":"default-arg","locations":[{"start":{"line":25,"column":64},"end":{"line":25,"column":67}}],"line":25},"2":{"loc":{"start":{"line":52,"column":4},"end":{"line":55,"column":5}},"type":"if","locations":[{"start":{"line":52,"column":4},"end":{"line":55,"column":5}},{"start":{},"end":{}}],"line":52},"3":{"loc":{"start":{"line":59,"column":2},"end":{"line":61,"column":3}},"type":"if","locations":[{"start":{"line":59,"column":2},"end":{"line":61,"column":3}},{"start":{},"end":{}}],"line":59},"4":{"loc":{"start":{"line":64,"column":2},"end":{"line":70,"column":3}},"type":"if","locations":[{"start":{"line":64,"column":2},"end":{"line":70,"column":3}},{"start":{},"end":{}}],"line":64},"5":{"loc":{"start":{"line":74,"column":7},"end":{"line":148,"column":7}}
[...]
,"/home/runner/work/agapp/agapp/mobile/src/utils/formatters.ts": {"path":"/home/runner/work/agapp/agapp/mobile/src/utils/formatters.ts","statementMap":{"0":{"start":{"line":6,"column":2},"end":{"line":9,"column":19}},"1":{"start":{"line":13,"column":18},"end":{"line":13,"column":66}},"2":{"start":{"line":15,"column":2},"end":{"line":15,"column":58}},"3":{"start":{"line":19,"column":2},"end":{"line":19,"column":54}},"4":{"start":{"line":23,"column":18},"end":{"line":23,"column":66}},"5":{"start":{"line":24,"column":14},"end":{"line":24,"column":24}},"6":{"start":{"line":25,"column":15},"end":{"line":25,"column":48}},"7":{"start":{"line":27,"column":18},"end":{"line":27,"column":42}},"8":{"start":{"line":28,"column":16},"end":{"line":28,"column":42}},"9":{"start":{"line":29,"column":15},"end":{"line":29,"column":42}},"10":{"start":{"line":31,"column":2},"end":{"line":37,"column":3}},"11":{"start":{"line":32,"column":4},"end":{"line":32,"column":34}},"12":{"start":{"line":33,"column":9},"end":{"line":37,"column":3}},"13":{"start":{"line":34,"column":4},"end":{"line":34,"column":29}},"14":{"start":{"line":36,"column":4},"end":{"line":36,"column":28}}},"fnMap":{"0":{"name":"formatCurrency","decl":{"start":{"line":5,"column":16},"end":{"line":5,"column":30}},"loc":{"start":{"line":5,"column":54},"end":{"line":10,"column":1}},"line":5},"1":{"name":"formatDate","decl":{"start":{"line":12,"column":16},"end":{"line":12,"column":26}},"loc":{"start":{"line":12,"column":56},"end":{"line":16,"column":1}},"line":12},"2":{"name":"formatNumber","decl":{"start":{"line":18,"column":16},"end":{"line":18,"column":28}},"loc":{"start":{"line":18,"column":52},"end":{"line":20,"column":1}},"line":18},"3":{"name":"formatRelativeTime","decl":{"start":{"line":22,"column":16},"end":{"line":22,"column":34}},"loc":{"start":{"line":22,"column":64},"end":{"line":38,"column":1}},"line":22}},"branchMap":{"0":{"loc":{"start":{"line":13,"column":18},"end":{"line":13,"column":66}},"type":"cond-expr","locations":[{"start":{"line":13,"column":45},"end":{"line":13,"column":59}},{"start":{"line":13,"column":62},"end":{"line":13,"column":66}}],"line":13},"1":{"loc":{"start":{"line":23,"column":18},"end":{"line":23,"column":66}},"type":"cond-expr","locations":[{"start":{"line":23,"column":45},"end":{"line":23,"column":59}},{"start":{"line":23,"column":62},"end":{"line":23,"column":66}}],"line":23},"2":{"loc":{"start":{"line":31,"column":2},"end":{"line":37,"column":3}},"type":"if","locations":[{"start":{"line":31,"column":2},"end":{"line":37,"column":3}},{"start":{"line":33,"column":9},"end":{"line":37,"column":3}}],"line":31},"3":{"loc":{"start":{"line":33,"column":9},"end":{"line":37,"column":3}},"type":"if","locations":[{"start":{"line":33,"column":9},"end":{"line":37,"column":3}},{"start":{"line":35,"column":9},"end":{"line":37,"column":3}}],"line":33}},"s":{"0":6,"1":2,"2":2,"3":3,"4":4,"5":4,"6":4,"7":4,"8":4,"9":4,"10":4,"11":2,"12":2,"13":1,"14":1},"f":{"0":6,"1":2,"2":3,"3":4},"b":{"0":[1,1],"1":[1,3],"2":[2,2],"3":[1,1]},"_coverageSchema":"1a1c01bbd47fc00a2c39e90264f33305004495a9","hash":"fcf41e732112208a9b52d73154bcaa84ac9a3e99"}
,"/home/runner/work/agapp/agapp/mobile/src/utils/geo.ts": {"path":"/home/runner/work/agapp/agapp/mobile/src/utils/geo.ts","statementMap":{"0":{"start":{"line":18,"column":12},"end":{"line":18,"column":16}},"1":{"start":{"line":20,"column":15},"end":{"line":20,"column":55}},"2":{"start":{"line":21,"column":15},"end":{"line":21,"column":57}},"3":{"start":{"line":23,"column":15},"end":{"line":23,"column":37}},"4":{"start":{"line":24,"column":15},"end":{"line":24,"column":37}},"5":{"start":{"line":27,"column":4},"end":{"line":28,"column":77}},"6":{"start":{"line":30,"column":12},"end":{"line":30,"column":58}},"7":{"start":{"line":32,"column":2},"end":{"line":32,"column":15}},"8":{"start":{"line":36,"column":2},"end":{"line":36,"column":35}},"9":{"start":{"line":40,"column":2},"end":{"line":42,"column":3}},"10":{"start":{"line":41,"column":4},"end":{"line":41,"column":49}},"11":{"start":{"line":43,"column":2},"end":{"line":43,"column":40}}},"fnMap":{"0":{"name":"calculateDistance","decl":{"start":{"line":14,"column":16},"end":{"line":14,"column":33}},"loc":{"start":{"line":17,"column":10},"end":{"line":33,"column":1}},"line":17},"1":{"name":"toRad","decl":{"start":{"line":35,"column":9},"end":{"line":35,"column":14}},"loc":{"start":{"line":35,"column":40},"end":{"line":37,"column":1}},"line":35},"2":{"name":"formatDistance","decl":{"start":{"line":39,"column":16},"end":{"line":39,"column":30}},"loc":{"start":{"line":39,"column":61},"end":{"line":44,"column":1}},"line":39}},"branchMap":{"0":{"loc":{"start":{"line":40,"column":2},"end":{"line":42,"column":3}},"type":"if","locations":[{"start":{"line":40,"column":2},"end":{"line":42,"column":3}},{"start":{},"end":{}}],"line":40}},"s":{"0":6,"1":6,"2":6,"3":6,"4":6,"5":6,"6":6,"7":6,"8":24,"9":9,"10":5,"11":4},"f":{"0":6,"1":24,"2":9},"b":{"0":[5,4]},"_coverageSchema":"1a1c01bbd47fc00a2c39e90264f33305004495a9","hash":"9cb70428e24c147e5476547360958ac39916d6a6"}
,"/home/runner/work/agapp/agapp/mobile/src/utils/helpers.ts": {"path":"/home/runner/work/agapp/agapp/mobile/src/utils/helpers.ts","statementMap":{"0":{"start":{"line":9,"column":39},"end":{"line":9,"column":43}},"1":{"start":{"line":11,"column":2},"end":{"line":21,"column":4}},"2":{"start":{"line":12,"column":18},"end":{"line":15,"column":5}},"3":{"start":{"line":13,"column":6},"end":{"line":13,"column":21}},"4":{"start":{"line":14,"column":6},"end":{"line":14,"column":20}},"5":{"start":{"line":17,"column":4},"end":{"line":19,"column":5}},"6":{"start":{"line":18,"column":6},"end":{"line":18,"column":28}},"7":{"start":{"line":20,"column":4},"end":{"line":20,"column":38}},"8":{"start":{"line":30,"column":2},"end":{"line":36,"column":4}},"9":{"start":{"line":31,"column":4},"end":{"line":35,"column":5}},"10":{"start":{"line":32,"column":6},"end":{"line":32,"column":20}},"11":{"start":{"line":33,"column":6},"end":{"line":33,"column":24}},"12":{"start":{"line":34,"column":6},"end":{"line":34,"column":52}},"13":{"start":{"line":34,"column":24},"end":{"line":34,"column":42}},"14":{"start":{"line":40,"column":2},"end":{"line":40,"column":59}},"15":{"start":{"line":40,"column":34},"end":{"line":40,"column":57}},"16":{"start":{"line":48,"column":2},"end":{"line":53,"column":5}},"17":{"start":{"line":49,"column":4},"end":{"line":51,"column":5}},"18":{"start":{"line":50,"column":6},"end":{"line":50,"column":18}},"19":{"start":{"line":52,"column":4},"end":{"line":52,"column":70}},"20":{"start":{"line":52,"column":35},"end":{"line":52,"column":68}}},"fnMap":{"0":{"name":"debounce","decl":{"start":{"line":5,"column":16},"end":{"line":5,"column":24}},"loc":{"start":{"line":8,"column":36},"end":{"line":22,"column":1}},"line":8},"1":{"name":"executedFunction","decl":{"start":{"line":11,"column":18},"end":{"line":11,"column":34}},"loc":{"start":{"line":11,"column":59},"end":{"line":21,"column":3}},"line":11},"2":{"name":"(anonymous_2)","decl":{"start":{"line":12,"column":18},"end":{"line":12,"column":19}},"loc":{"start":{"line":12,"column":24},"end":{"line":15,"column":5}},"line":12},"3":{"name":"throttle","decl":{"start":{"line":24,"column":16},"end":{"line":24,"column":24}},"loc":{"start":{"line":27,"column":36},"end":{"line":37,"column":1}},"line":27},"4":{"name":"executedFunction","decl":{"start":{"line":30,"column":18},"end":{"line":30,"column":34}},"loc":{"start":{"line":30,"column":59},"end":{"line":36,"column":3}},"line":30},"5":{"name":"(anonymous_5)","decl":{"start":{"line":34,"column":17},"end":{"line":34,"column":18}},"loc":{"start":{"line":34,"column":24},"end":{"line":34,"column":42}},"line":34},"6":{"name":"sleep","decl":{"start":{"line":39,"column":16},"end":{"line":39,"column":21}},"loc":{"start":{"line":39,"column":49},"end":{"line":41,"column":1}},"line":39},"7":{"name":"(anonymous_7)","decl":{"start":{"line":40,"column":21},"end":{"line":40,"column":22}},"loc":{"start":{"line":40,"column":34},"end":{"line":40,"column":57}},"line":40},"8":{"name":"retry","decl":{"start":{"line":43,"column":16},"end":{"line":43,"column":21}},"loc":{"start":{"line":47,"column":14},"end":{"line":54,"column":1}},"line":47},"9":{"name":"(anonymous_9)","decl":{"start":{"line":48,"column":20},"end":{"line":48,"column":21}},"loc":{"start":{"line":48,"column":31},"end":{"line":53,"column":3}},"line":48},"10":{"name":"(anonymous_10)","decl":{"start":{"line":52,"column":29},"end":{"line":52,"column":30}},"loc":{"start":{"line":52,"column":35},"end":{"line":52,"column":68}},"line":52}},"branchMap":{"0":{"loc":{"start":{"line":17,"column":4},"end":{"line":19,"column":5}},"type":"if","locations":[{"start":{"line":17,"column":4},"end":{"line":19,"column":5}},{"start":{},"end":{}}],"line":17},"1":{"loc":{"start":{"line":31,"column":4},"end":{"line":35,"column":5}},"type":"if","locations":[{"start":{"line":31,"column":4},"end":{"line":35,"column":5}},{"start":{},"end":{}}],"line":31},"2":{"loc":{"start":{"line":45,"column":2},"end":{"line":45,"column":25}},"type":"default-arg","locations":[{"start":{"line":45,"column":24},"end":{"line":45,"column":25}}],"line":45},"3":{"loc":{"start":{"line":46,"column":2},"end":{"line":46,"column":22}},"type":"default-arg","locations":[{"start":{"line":46,"column":18},"end":{"line":46,"column":22}}],"line":46},"4":{"loc":{"start":{"line":49,"column":4},"end":{"line":51,"column":5}},"type":"if","locations":[{"start":{"line":49,"column":4},"end":{"line":51,"column":5}},{"start":{},"end":{}}],"line":49}},"s":{"0":4,"1":4,"2":9,"3":4,"4":4,"5":9,"6":5,"7":9,"8":3,"9":7,"10":5,"11":5,"12":5,"13":2,"14":4,"15":4,"16":6,"17":4,"18":1,"19":3,"20":3},"f":{"0":4,"1":9,"2":4,"3":3,"4":7,"5":2,"6":4,"7":4,"8":6,"9":4,"10":3},"b":{"0":[5,4],"1":[5,2],"2":[0],"3":[0],"4":[1,3]},"_coverageSchema":"1a1c01bbd47fc00a2c39e90264f33305004495a9","hash":"b572612c41f7122f0863d396de6317696d7c465e"}
,"/home/runner/work/agapp/agapp/mobile/src/utils/roles.ts": {"path":"/home/runner/work/agapp/agapp/mobile/src/utils/roles.ts","statementMap":{"0":{"start":{"line":3,"column":2},"end":{"line":6,"column":3}},"1":{"start":{"line":4,"column":4},"end":{"line":4,"column":58}},"2":{"start":{"line":4,"column":33},"end":{"line":4,"column":58}},"3":{"start":{"line":5,"column":4},"end":{"line":5,"column":68}},"4":{"start":{"line":5,"column":39},"end":{"line":5,"column":68}},"5":{"start":{"line":8,"column":2},"end":{"line":8,"column":62}},"6":{"start":{"line":8,"column":36},"end":{"line":8,"column":62}},"7":{"start":{"line":10,"column":19},"end":{"line":10,"column":43}},"8":{"start":{"line":11,"column":25},"end":{"line":11,"column":55}},"9":{"start":{"line":13,"column":2},"end":{"line":13,"column":60}},"10":{"start":{"line":13,"column":34},"end":{"line":13,"column":60}},"11":{"start":{"line":14,"column":2},"end":{"line":14,"column":51}},"12":{"start":{"line":14,"column":22},"end":{"line":14,"column":51}},"13":{"start":{"line":15,"column":2},"end":{"line":15,"column":27}}},"fnMap":{"0":{"name":"getRouteForRoles","decl":{"start":{"line":1,"column":16},"end":{"line":1,"column":32}},"loc":{"start":{"line":1,"column":97},"end":{"line":16,"column":1}},"line":1}},"branchMap":{"0":{"loc":{"start":{"line":3,"column":2},"end":{"line":6,"column":3}},"type":"if","locations":[{"start":{"line":3,"column":2},"end":{"line":6,"column":3}},{"start":{},"end":{}}],"line":3},"1":{"loc":{"start":{"line":4,"column":4},"end":{"line":4,"column":58}},"type":"if","locations":[{"start":{"line":4,"column":4},"end":{"line":4,"column":58}},{"start":{},"end":{}}],"line":4},"2":{"loc":{"start":{"line":5,"column":4},"end":{"line":5,"column":68}},"type":"if","locations":[{"start":{"line":5,"column":4},"end":{"line":5,"column":68}},{"start":{},"end":{}}],"line":5},"3":{"loc":{"start":{"line":8,"column":2},"end":{"line":8,"column":62}},"type":"if","locations":[{"start":{"line":8,"column":2},"end":{"line":8,"column":62}},{"start":{},"end":{}}],"line":8},"4":{"loc":{"start":{"line":8,"column":6},"end":{"line":8,"column":34}},"type":"binary-expr","locations":[{"start":{"line":8,"column":6},"end":{"line":8,"column":12}},{"start":{"line":8,"column":16},"end":{"line":8,"column":34}}],"line":8},"5":{"loc":{"start":{"line":13,"column":2},"end":{"line":13,"column":60}},"type":"if","locations":[{"start":{"line":13,"column":2},"end":{"line":13,"column":60}},{"start":{},"end":{}}],"line":13},"6":{"loc":{"start":{"line":13,"column":6},"end":{"line":13,"column":32}},"type":"binary-expr","locations":[{"start":{"line":13,"column":6},"end":{"line":13,"column":14}},{"start":{"line":13,"column":18},"end":{"line":13,"column":32}}],"line":13},"7":{"loc":{"start":{"line":14,"column":2},"end":{"line":14,"column":51}},"type":"if","locations":[{"start":{"line":14,"column":2},"end":{"line":14,"column":51}},{"start":{},"end":{}}],"line":14}},"s":{"0":11,"1":5,"2":3,"3":2,"4":2,"5":6,"6":3,"7":3,"8":3,"9":3,"10":1,"11":2,"12":1,"13":1},"f":{"0":11},"b":{"0":[5,6],"1":[3,2],"2":[2,0],"3":[3,3],"4":[6,4],"5":[1,2],"6":[3,2],"7":[1,1]},"_coverageSchema":"1a1c01bbd47fc00a2c39e90264f33305004495a9","hash":"e695365dab5a8df1d0813e16d1d1dd1867a74393"}
,"/home/runner/work/agapp/agapp/mobile/src/utils/text.ts": {"path":"/home/runner/work/agapp/agapp/mobile/src/utils/text.ts","statementMap":{"0":{"start":{"line":6,"column":2},"end":{"line":8,"column":3}},"1":{"start":{"line":7,"column":4},"end":{"line":7,"column":16}},"2":{"start":{"line":10,"column":2},"end":{"line":10,"column":46}},"3":{"start":{"line":14,"column":2},"end":{"line":14,"column":54}},"4":{"start":{"line":18,"column":2},"end":{"line":22,"column":29}}},"fnMap":{"0":{"name":"truncateText","decl":{"start":{"line":5,"column":16},"end":{"line":5,"column":28}},"loc":{"start":{"line":5,"column":70},"end":{"line":11,"column":1}},"line":5},"1":{"name":"capitalizeFirstLetter","decl":{"start":{"line":13,"column":16},"end":{"line":13,"column":37}},"loc":{"start":{"line":13,"column":60},"end":{"line":15,"column":1}},"line":13},"2":{"name":"slugify","decl":{"start":{"line":17,"column":16},"end":{"line":17,"column":23}},"loc":{"start":{"line":17,"column":46},"end":{"line":23,"column":1}},"line":17}},"branchMap":{"0":{"loc":{"start":{"line":6,"column":2},"end":{"line":8,"column":3}},"type":"if","locations":[{"start":{"line":6,"column":2},"end":{"line":8,"column":3}},{"start":{},"end":{}}],"line":6}},"s":{"0":6,"1":4,"2":2,"3":5,"4":9},"f":{"0":6,"1":5,"2":9},"b":{"0":[4,2]},"_coverageSchema":"1a1c01bbd47fc00a2c39e90264f33305004495a9","hash":"2e0198c3d0b36553d105bf28319d48f9e08ab178"}
,"/home/runner/work/agapp/agapp/mobile/src/utils/validators.ts": {"path":"/home/runner/work/agapp/agapp/mobile/src/utils/validators.ts","statementMap":{"0":{"start":{"line":6,"column":2},"end":{"line":6,"column":25}},"1":{"start":{"line":6,"column":12},"end":{"line":6,"column":25}},"2":{"start":{"line":9,"column":19},"end":{"line":9,"column":41}},"3":{"start":{"line":12,"column":2},"end":{"line":12,"column":43}},"4":{"start":{"line":12,"column":30},"end":{"line":12,"column":43}},"5":{"start":{"line":15,"column":2},"end":{"line":15,"column":47}},"6":{"start":{"line":15,"column":34},"end":{"line":15,"column":47}},"7":{"start":{"line":19,"column":2},"end":{"line":19,"column":14}},"8":{"start":{"line":23,"column":2},"end":{"line":23,"column":27}},"9":{"start":{"line":23,"column":14},"end":{"line":23,"column":27}},"10":{"start":{"line":25,"column":21},"end":{"line":25,"column":49}},"11":{"start":{"line":26,"column":2},"end":{"line":26,"column":32}},"12":{"start":{"line":30,"column":2},"end":{"line":30,"column":27}},"13":{"start":{"line":30,"column":14},"end":{"line":30,"column":27}},"14":{"start":{"line":32,"column":21},"end":{"line":32,"column":45}},"15":{"start":{"line":33,"column":2},"end":{"line":33,"column":60}},"16":{"start":{"line":37,"column":2},"end":{"line":37,"column":30}}},"fnMap":{"0":{"name":"validateCPF","decl":{"start":{"line":5,"column":16},"end":{"line":5,"column":27}},"loc":{"start":{"line":5,"column":50},"end":{"line":20,"column":1}},"line":5},"1":{"name":"validateEmail","decl":{"start":{"line":22,"column":16},"end":{"line":22,"column":29}},"loc":{"start":{"line":22,"column":54},"end":{"line":27,"column":1}},"line":22},"2":{"name":"validatePhone","decl":{"start":{"line":29,"column":16},"end":{"line":29,"column":29}},"loc":{"start":{"line":29,"column":54},"end":{"line":34,"column":1}},"line":29},"3":{"name":"validatePassword","decl":{"start":{"line":36,"column":16},"end":{"line":36,"column":32}},"loc":{"start":{"line":36,"column":60},"end":{"line":38,"column":1}},"line":36}},"branchMap":{"0":{"loc":{"start":{"line":6,"column":2},"end":{"line":6,"column":25}},"type":"if","locations":[{"start":{"line":6,"column":2},"end":{"line":6,"column":25}},{"start":{},"end":{}}],"line":6},"1":{"loc":{"start":{"line":12,"column":2},"end":{"line":12,"column":43}},"type":"if","locations":[{"start":{"line":12,"column":2},"end":{"line":12,"column":43}},{"start":{},"end":{}}],"line":12},"2":{"loc":{"start":{"line":15,"column":2},"end":{"line":15,"column":47}},"type":"if","locations":[{"start":{"line":15,"column":2},"end":{"line":15,"column":47}},{"start":{},"end":{}}],"line":15},"3":{"loc":{"start":{"line":23,"column":2},"end":{"line":23,"column":27}},"type":"if","locations":[{"start":{"line":23,"column":2},"end":{"line":23,"column":27}},{"start":{},"end":{}}],"line":23},"4":{"loc":{"start":{"line":30,"column":2},"end":{"line":30,"column":27}},"type":"if","locations":[{"start":{"line":30,"column":2},"end":{"line":30,"column":27}},{"start":{},"end":{}}],"line":30},"5":{"loc":{"start":{"line":33,"column":9},"end":{"line":33,"column":59}},"type":"binary-expr","locations":[{"start":{"line":33,"column":9},"end":{"line":33,"column":32}},{"start":{"line":33,"column":36},"end":{"line":33,"column":59}}],"line":33}},"s":{"0":15,"1":4,"2":11,"3":11,"4":3,"5":8,"6":3,"7":5,"8":17,"9":4,"10":13,"11":13,"12":10,"13":3,"14":7,"15":7,"16":6},"f":{"0":15,"1":17,"2":10,"3":6},"b":{"0":[4,11],"1":[3,8],"2":[3,5],"3":[4,13],"4":[3,7],"5":[7,5]},"_coverageSchema":"1a1c01bbd47fc00a2c39e90264f33305004495a9","hash":"083d49d84b63276bb3289774c3dd4d9c7fa7f930"}
}
