TN:
SF:src/constants.ts
FNF:0
FNH:0
DA:2,0
LF:1
LH:0
BRF:0
BRH:0
end_of_record
TN:
SF:src/api/auth.ts
FN:13,loginWithEmail
FN:45,signUpWithEmail
FN:55,loginWithGoogle
FN:68,fetchCurrentUser
FN:79,registerFcmToken
FN:93,completeProfile
FNF:6
FNH:6
FNDA:3,loginWithEmail
FNDA:2,signUpWithEmail
FNDA:2,loginWithGoogle
FNDA:2,fetchCurrentUser
FNDA:2,registerFcmToken
FNDA:2,completeProfile
DA:14,3
DA:15,3
DA:20,3
DA:21,1
DA:24,3
DA:25,3
DA:26,0
DA:29,3
DA:34,2
DA:35,0
DA:36,0
DA:38,2
DA:40,1
DA:41,1
DA:46,2
DA:47,2
DA:48,1
DA:50,1
DA:51,1
DA:56,2
DA:57,2
DA:58,1
DA:59,1
DA:60,1
DA:61,1
DA:63,1
DA:64,1
DA:69,2
DA:70,2
DA:73,1
DA:75,1
DA:80,2
DA:81,2
DA:86,1
DA:88,1
DA:89,1
DA:94,2
DA:95,2
DA:100,1
DA:102,1
DA:103,1
DA:105,1
LF:42
LH:39
BRDA:20,0,0,1
BRDA:20,0,1,2
BRDA:25,1,0,0
BRDA:25,1,1,3
BRDA:34,2,0,0
BRDA:34,2,1,2
BRDA:41,3,0,1
BRDA:41,3,1,0
BRDA:51,4,0,1
BRDA:51,4,1,0
BRDA:59,5,0,1
BRDA:59,5,1,0
BRDA:60,6,0,1
BRDA:60,6,1,0
BRDA:64,7,0,1
BRDA:64,7,1,0
BRDA:89,8,0,1
BRDA:89,8,1,0
BRDA:103,9,0,1
BRDA:103,9,1,0
BRDA:104,10,0,0
BRDA:104,10,1,0
BRF:22
BRH:11
end_of_record
TN:
SF:src/api/axiosClient.ts
FN:8,(anonymous_0)
FN:57,(anonymous_1)
FN:68,(anonymous_2)
FN:87,(anonymous_3)
FN:94,(anonymous_4)
FN:104,(anonymous_5)
FNF:6
FNH:0
FNDA:0,(anonymous_0)
FNDA:0,(anonymous_1)
FNDA:0,(anonymous_2)
FNDA:0,(anonymous_3)
FNDA:0,(anonymous_4)
FNDA:0,(anonymous_5)
DA:8,3
DA:9,0
DA:10,0
DA:12,0
DA:13,0
DA:14,0
DA:15,0
DA:16,0
DA:17,0
DA:19,0
DA:20,0
DA:22,0
DA:25,0
DA:26,0
DA:28,0
DA:29,0
DA:33,0
DA:35,0
DA:37,0
DA:42,3
DA:45,3
DA:54,3
DA:59,0
DA:67,3
DA:69,0
DA:71,0
DA:73,0
DA:74,0
DA:75,0
DA:77,0
DA:78,0
DA:82,0
DA:85,0
DA:88,0
DA:93,3
DA:96,0
DA:97,0
DA:98,0
DA:99,0
DA:102,0
DA:105,0
DA:108,0
DA:109,0
DA:116,0
DA:117,0
DA:118,0
DA:121,0
DA:123,0
DA:124,0
DA:127,0
DA:128,0
DA:133,0
LF:52
LH:6
BRDA:10,0,0,0
BRDA:10,0,1,0
BRDA:14,1,0,0
BRDA:14,1,1,0
BRDA:25,2,0,0
BRDA:25,2,1,0
BRDA:25,2,2,0
BRDA:26,3,0,0
BRDA:26,3,1,0
BRDA:26,4,0,0
BRDA:26,4,1,0
BRDA:42,5,0,3
BRDA:42,5,1,3
BRDA:60,6,0,0
BRDA:60,6,1,0
BRDA:61,7,0,0
BRDA:61,7,1,0
BRDA:73,8,0,0
BRDA:73,8,1,0
BRDA:73,9,0,0
BRDA:73,9,1,0
BRDA:75,10,0,0
BRDA:75,10,1,0
BRDA:97,11,0,0
BRDA:97,11,1,0
BRDA:108,12,0,0
BRDA:108,12,1,0
BRDA:108,13,0,0
BRDA:108,13,1,0
BRDA:117,14,0,0
BRDA:117,14,1,0
BRDA:127,15,0,0
BRDA:127,15,1,0
BRF:33
BRH:2
end_of_record
TN:
SF:src/api/categories.ts
FN:32,getCategories
FN:38,getSubcategoriesWithParent
FN:42,(anonymous_2)
FN:45,(anonymous_3)
FN:61,getSearchSuggestions
FNF:5
FNH:0
FNDA:0,getCategories
FNDA:0,getSubcategoriesWithParent
FNDA:0,(anonymous_2)
FNDA:0,(anonymous_3)
FNDA:0,getSearchSuggestions
DA:33,0
DA:34,0
DA:35,0
DA:39,0
DA:40,0
DA:42,0
DA:43,0
DA:44,0
DA:45,0
DA:46,0
DA:58,0
DA:62,0
DA:63,0
DA:66,0
DA:71,0
DA:72,0
DA:73,0
DA:74,0
DA:77,0
LF:19
LH:0
BRDA:34,0,0,0
BRDA:34,0,1,0
BRDA:43,1,0,0
BRDA:43,1,1,0
BRDA:43,1,2,0
BRDA:44,2,0,0
BRDA:44,2,1,0
BRDA:49,3,0,0
BRDA:49,3,1,0
BRDA:61,4,0,0
BRDA:62,5,0,0
BRDA:62,5,1,0
BRDA:62,6,0,0
BRDA:62,6,1,0
BRDA:72,7,0,0
BRDA:72,7,1,0
BRF:16
BRH:0
end_of_record
TN:
SF:src/api/config.ts
FNF:0
FNH:0
DA:1,0
LF:1
LH:0
BRDA:1,0,0,0
BRDA:1,0,1,0
BRF:2
BRH:0
end_of_record
TN:
SF:src/api/contacts.ts
FN:49,getContactCostPreview
FN:64,createContactForProject
FN:80,getContactHistory
FN:96,getContactDetails
FN:109,sendContactMessage
FN:129,updateContactStatus
FNF:6
FNH:3
FNDA:3,getContactCostPreview
FNDA:3,createContactForProject
FNDA:0,getContactHistory
FNDA:0,getContactDetails
FNDA:1,sendContactMessage
FNDA:0,updateContactStatus
DA:52,3
DA:53,3
DA:57,3
DA:58,3
DA:68,3
DA:69,3
DA:73,3
DA:74,1
DA:81,0
DA:82,0
DA:86,0
DA:90,0
DA:97,0
DA:98,0
DA:102,0
DA:103,0
DA:113,1
DA:114,1
DA:118,1
DA:123,1
DA:133,0
DA:134,0
DA:138,0
DA:143,0
LF:24
LH:12
BRDA:53,0,0,3
BRDA:53,0,1,0
BRDA:69,1,0,3
BRDA:69,1,1,0
BRDA:80,2,0,0
BRDA:82,3,0,0
BRDA:82,3,1,0
BRDA:98,4,0,0
BRDA:98,4,1,0
BRDA:114,5,0,1
BRDA:114,5,1,0
BRDA:134,6,0,0
BRDA:134,6,1,0
BRF:13
BRH:3
end_of_record
TN:
SF:src/api/payments.ts
FN:28,(anonymous_0)
FN:33,(anonymous_1)
FN:38,(anonymous_2)
FNF:3
FNH:0
FNDA:0,(anonymous_0)
FNDA:0,(anonymous_1)
FNDA:0,(anonymous_2)
DA:28,0
DA:29,0
DA:30,0
DA:33,0
DA:34,0
DA:35,0
DA:38,0
DA:39,0
DA:43,0
LF:9
LH:0
BRDA:35,0,0,0
BRDA:35,0,1,0
BRF:2
BRH:0
end_of_record
TN:
SF:src/api/professional.ts
FN:10,getProfessionalStats
FN:14,getCreditsByProfessional
FN:19,getContactedProjects
FNF:3
FNH:0
FNDA:0,getProfessionalStats
FNDA:0,getCreditsByProfessional
FNDA:0,getContactedProjects
DA:11,0
DA:12,0
DA:15,0
DA:16,0
DA:20,0
DA:21,0
LF:6
LH:0
BRDA:19,0,0,0
BRDA:19,1,0,0
BRF:2
BRH:0
end_of_record
TN:
SF:src/api/projects.ts
FN:104,createProject
FN:135,updateProject
FN:167,deleteProject
FN:185,getProjects
FN:202,getMyProjects
FN:214,getProject
FN:220,geocodeAddress
FN:225,reverseGeocode
FN:234,getRecommendedCategories
FN:240,getNearbyCombinedProjects
FN:261,evaluateProject
FNF:11
FNH:0
FNDA:0,createProject
FNDA:0,updateProject
FNDA:0,deleteProject
FNDA:0,getProjects
FNDA:0,getMyProjects
FNDA:0,getProject
FNDA:0,geocodeAddress
FNDA:0,reverseGeocode
FNDA:0,getRecommendedCategories
FNDA:0,getNearbyCombinedProjects
FNDA:0,evaluateProject
DA:106,0
DA:107,0
DA:112,0
DA:113,0
DA:114,0
DA:121,0
DA:122,0
DA:123,0
DA:131,0
DA:132,0
DA:137,0
DA:138,0
DA:143,0
DA:144,0
DA:145,0
DA:151,0
DA:152,0
DA:153,0
DA:160,0
DA:161,0
DA:169,0
DA:170,0
DA:174,0
DA:175,0
DA:176,0
DA:179,0
DA:195,0
DA:196,0
DA:203,0
DA:204,0
DA:205,0
DA:207,0
DA:208,0
DA:215,0
DA:216,0
DA:221,0
DA:222,0
DA:226,0
DA:227,0
DA:235,0
DA:236,0
DA:241,0
DA:245,0
DA:249,0
DA:265,0
DA:266,0
DA:270,0
DA:275,0
LF:48
LH:0
BRDA:107,0,0,0
BRDA:107,0,1,0
BRDA:113,1,0,0
BRDA:113,1,1,0
BRDA:113,2,0,0
BRDA:113,2,1,0
BRDA:121,3,0,0
BRDA:121,3,1,0
BRDA:122,4,0,0
BRDA:122,4,1,0
BRDA:127,5,0,0
BRDA:127,5,1,0
BRDA:127,6,0,0
BRDA:127,6,1,0
BRDA:138,7,0,0
BRDA:138,7,1,0
BRDA:144,8,0,0
BRDA:144,8,1,0
BRDA:144,9,0,0
BRDA:144,9,1,0
BRDA:151,10,0,0
BRDA:151,10,1,0
BRDA:152,11,0,0
BRDA:152,11,1,0
BRDA:156,12,0,0
BRDA:156,12,1,0
BRDA:156,13,0,0
BRDA:156,13,1,0
BRDA:170,14,0,0
BRDA:170,14,1,0
BRDA:174,15,0,0
BRDA:174,15,1,0
BRDA:175,16,0,0
BRDA:175,16,1,0
BRDA:204,17,0,0
BRDA:204,17,1,0
BRDA:241,18,0,0
BRDA:241,18,1,0
BRDA:266,19,0,0
BRDA:266,19,1,0
BRF:40
BRH:0
end_of_record
TN:
SF:src/api/users.ts
FN:26,getProfessionalSettings
FN:33,updateProfessionalSettings
FN:43,getUserPublic
FNF:3
FNH:3
FNDA:1,getProfessionalSettings
FNDA:2,updateProfessionalSettings
FNDA:2,getUserPublic
DA:27,1
DA:30,1
DA:37,2
DA:40,2
DA:44,2
DA:45,2
LF:6
LH:6
BRF:0
BRH:0
end_of_record
TN:
SF:src/components/AdBanner.tsx
FN:21,AdBanner
FN:25,(anonymous_1)
FN:27,(anonymous_2)
FN:31,(anonymous_3)
FN:49,(anonymous_4)
FN:63,(anonymous_5)
FN:105,(anonymous_6)
FNF:7
FNH:0
FNDA:0,AdBanner
FNDA:0,(anonymous_1)
FNDA:0,(anonymous_2)
FNDA:0,(anonymous_3)
FNDA:0,(anonymous_4)
FNDA:0,(anonymous_5)
FNDA:0,(anonymous_6)
DA:22,0
DA:23,0
DA:24,0
DA:25,0
DA:27,0
DA:28,0
DA:31,0
DA:32,0
DA:33,0
DA:39,0
DA:40,0
DA:43,0
DA:45,0
DA:49,0
DA:50,0
DA:52,0
DA:53,0
DA:59,0
DA:63,0
DA:64,0
DA:67,0
DA:68,0
DA:69,0
DA:70,0
DA:72,0
DA:73,0
DA:77,0
DA:78,0
DA:85,0
DA:86,0
DA:90,0
DA:106,0
DA:107,0
DA:108,0
DA:129,0
DA:145,0
LF:36
LH:0
BRDA:39,0,0,0
BRDA:39,0,1,0
BRDA:50,1,0,0
BRDA:50,1,1,0
BRDA:67,2,0,0
BRDA:67,2,1,0
BRDA:69,3,0,0
BRDA:69,3,1,0
BRDA:72,4,0,0
BRDA:72,4,1,0
BRDA:72,5,0,0
BRDA:72,5,1,0
BRDA:77,6,0,0
BRDA:77,6,1,0
BRDA:85,7,0,0
BRDA:85,7,1,0
BRDA:108,8,0,0
BRDA:108,8,1,0
BRF:18
BRH:0
end_of_record
TN:
SF:src/components/AddressAutocomplete.tsx
FN:26,AddressAutocomplete
FN:34,(anonymous_1)
FN:36,(anonymous_2)
FN:42,(anonymous_3)
FN:45,(anonymous_4)
FN:48,fetchSuggestions
FN:62,(anonymous_6)
FN:74,(anonymous_7)
FN:75,(anonymous_8)
FN:78,(anonymous_9)
FN:90,handleSelect
FN:102,(anonymous_11)
FN:117,(anonymous_12)
FN:118,(anonymous_13)
FNF:14
FNH:0
FNDA:0,AddressAutocomplete
FNDA:0,(anonymous_1)
FNDA:0,(anonymous_2)
FNDA:0,(anonymous_3)
FNDA:0,(anonymous_4)
FNDA:0,fetchSuggestions
FNDA:0,(anonymous_6)
FNDA:0,(anonymous_7)
FNDA:0,(anonymous_8)
FNDA:0,(anonymous_9)
FNDA:0,handleSelect
FNDA:0,(anonymous_11)
FNDA:0,(anonymous_12)
FNDA:0,(anonymous_13)
DA:27,0
DA:28,0
DA:29,0
DA:30,0
DA:31,0
DA:32,0
DA:34,0
DA:36,0
DA:37,0
DA:38,0
DA:39,0
DA:40,0
DA:42,0
DA:43,0
DA:45,0
DA:49,0
DA:50,0
DA:51,0
DA:53,0
DA:54,0
DA:55,0
DA:56,0
DA:57,0
DA:58,0
DA:59,0
DA:60,0
DA:61,0
DA:62,0
DA:63,0
DA:64,0
DA:71,0
DA:73,0
DA:74,0
DA:75,0
DA:77,0
DA:78,0
DA:79,0
DA:80,0
DA:82,0
DA:84,0
DA:85,0
DA:86,0
DA:91,0
DA:92,0
DA:93,0
DA:94,0
DA:97,0
DA:103,0
DA:104,0
DA:118,0
DA:133,0
LF:51
LH:0
BRDA:28,0,0,0
BRDA:28,0,1,0
BRDA:34,1,0,0
BRDA:34,1,1,0
BRDA:37,2,0,0
BRDA:37,2,1,0
BRDA:38,3,0,0
BRDA:38,3,1,0
BRDA:38,4,0,0
BRDA:38,4,1,0
BRDA:54,5,0,0
BRDA:54,5,1,0
BRDA:58,6,0,0
BRDA:58,6,1,0
BRDA:59,7,0,0
BRDA:59,7,1,0
BRDA:59,8,0,0
BRDA:59,8,1,0
BRDA:60,9,0,0
BRDA:60,9,1,0
BRDA:60,10,0,0
BRDA:60,10,1,0
BRDA:63,11,0,0
BRDA:63,11,1,0
BRDA:79,12,0,0
BRDA:79,12,1,0
BRDA:79,13,0,0
BRDA:79,13,1,0
BRDA:79,14,0,0
BRDA:79,14,1,0
BRDA:80,15,0,0
BRDA:80,15,1,0
BRDA:80,16,0,0
BRDA:80,16,1,0
BRDA:80,17,0,0
BRDA:80,17,1,0
BRDA:80,17,2,0
BRDA:80,18,0,0
BRDA:80,18,1,0
BRDA:80,19,0,0
BRDA:80,19,1,0
BRDA:80,20,0,0
BRDA:80,20,1,0
BRDA:80,21,0,0
BRDA:80,21,1,0
BRDA:80,22,0,0
BRDA:80,22,1,0
BRDA:80,23,0,0
BRDA:80,23,1,0
BRDA:82,24,0,0
BRDA:82,24,1,0
BRDA:100,25,0,0
BRDA:100,25,1,0
BRDA:104,26,0,0
BRDA:104,26,1,0
BRDA:112,27,0,0
BRDA:112,27,1,0
BRDA:115,28,0,0
BRDA:115,28,1,0
BRDA:122,29,0,0
BRDA:122,29,1,0
BRF:61
BRH:0
end_of_record
TN:
SF:src/components/AddressSearch.tsx
FN:16,AddressSearch
FN:23,handleSearch
FN:36,handleSelect
FN:84,(anonymous_3)
FN:85,(anonymous_4)
FN:89,(anonymous_5)
FN:90,(anonymous_6)
FNF:7
FNH:0
FNDA:0,AddressSearch
FNDA:0,handleSearch
FNDA:0,handleSelect
FNDA:0,(anonymous_3)
FNDA:0,(anonymous_4)
FNDA:0,(anonymous_5)
FNDA:0,(anonymous_6)
DA:17,0
DA:18,0
DA:19,0
DA:20,0
DA:21,0
DA:24,0
DA:25,0
DA:26,0
DA:27,0
DA:28,0
DA:30,0
DA:32,0
DA:38,0
DA:39,0
DA:41,0
DA:42,0
DA:43,0
DA:44,0
DA:45,0
DA:46,0
DA:47,0
DA:48,0
DA:51,0
DA:52,0
DA:55,0
DA:56,0
DA:57,0
DA:59,0
DA:63,0
DA:84,0
DA:86,0
DA:89,0
DA:90,0
DA:105,0
LF:34
LH:0
BRDA:16,0,0,0
BRDA:16,1,0,0
BRDA:24,2,0,0
BRDA:24,2,1,0
BRDA:24,3,0,0
BRDA:24,3,1,0
BRDA:24,3,2,0
BRDA:28,4,0,0
BRDA:28,4,1,0
BRDA:38,5,0,0
BRDA:38,5,1,0
BRDA:38,6,0,0
BRDA:38,6,1,0
BRDA:38,7,0,0
BRDA:38,7,1,0
BRDA:38,8,0,0
BRDA:38,8,1,0
BRDA:38,9,0,0
BRDA:38,9,1,0
BRDA:43,10,0,0
BRDA:43,10,1,0
BRDA:43,11,0,0
BRDA:43,11,1,0
BRDA:46,12,0,0
BRDA:46,12,1,0
BRDA:47,13,0,0
BRDA:47,13,1,0
BRDA:72,14,0,0
BRDA:72,14,1,0
BRDA:72,14,2,0
BRDA:72,14,3,0
BRDA:76,15,0,0
BRDA:76,15,1,0
BRDA:78,16,0,0
BRDA:78,16,1,0
BRDA:78,17,0,0
BRDA:78,17,1,0
BRDA:84,18,0,0
BRDA:84,18,1,0
BRDA:87,19,0,0
BRDA:87,19,1,0
BRDA:87,20,0,0
BRDA:87,20,1,0
BRDA:88,21,0,0
BRDA:88,21,1,0
BRDA:88,22,0,0
BRDA:88,22,1,0
BRDA:88,23,0,0
BRDA:88,23,1,0
BRF:49
BRH:0
end_of_record
TN:
SF:src/components/BannerAd.tsx
FN:25,BannerAd
FN:42,(anonymous_1)
FN:48,(anonymous_2)
FN:80,(anonymous_3)
FN:86,(anonymous_4)
FN:87,(anonymous_5)
FN:93,(anonymous_6)
FN:98,(anonymous_7)
FN:100,(anonymous_8)
FN:116,(anonymous_9)
FN:127,(anonymous_10)
FNF:11
FNH:0
FNDA:0,BannerAd
FNDA:0,(anonymous_1)
FNDA:0,(anonymous_2)
FNDA:0,(anonymous_3)
FNDA:0,(anonymous_4)
FNDA:0,(anonymous_5)
FNDA:0,(anonymous_6)
FNDA:0,(anonymous_7)
FNDA:0,(anonymous_8)
FNDA:0,(anonymous_9)
FNDA:0,(anonymous_10)
DA:26,0
DA:27,0
DA:28,0
DA:29,0
DA:30,0
DA:31,0
DA:32,0
DA:35,0
DA:42,0
DA:43,0
DA:44,0
DA:45,0
DA:48,0
DA:49,0
DA:52,0
DA:53,0
DA:59,0
DA:60,0
DA:64,0
DA:65,0
DA:72,0
DA:80,0
DA:86,0
DA:88,0
DA:89,0
DA:90,0
DA:91,0
DA:94,0
DA:99,0
DA:100,0
DA:102,0
DA:118,0
DA:119,0
DA:120,0
DA:121,0
DA:122,0
DA:123,0
DA:124,0
DA:154,0
LF:39
LH:0
BRDA:25,0,0,0
BRDA:25,1,0,0
BRDA:52,2,0,0
BRDA:52,2,1,0
BRDA:59,3,0,0
BRDA:59,3,1,0
BRDA:64,4,0,0
BRDA:64,4,1,0
BRDA:74,5,0,0
BRDA:74,5,1,0
BRDA:74,6,0,0
BRDA:74,6,1,0
BRDA:89,7,0,0
BRDA:89,7,1,0
BRDA:99,8,0,0
BRDA:99,8,1,0
BRDA:111,9,0,0
BRDA:111,9,1,0
BRDA:118,10,0,0
BRDA:118,10,1,0
BRDA:118,11,0,0
BRDA:118,11,1,0
BRDA:120,12,0,0
BRDA:120,12,1,0
BRDA:120,13,0,0
BRDA:120,13,1,0
BRDA:123,14,0,0
BRDA:123,14,1,0
BRDA:137,15,0,0
BRDA:137,15,1,0
BRF:30
BRH:0
end_of_record
TN:
SF:src/components/CategoryGrid.tsx
FN:9,CategoryGrid
FN:13,(anonymous_1)
FN:16,(anonymous_2)
FN:17,(anonymous_3)
FN:19,(anonymous_4)
FN:22,(anonymous_5)
FN:35,(anonymous_6)
FN:36,(anonymous_7)
FN:41,(anonymous_8)
FNF:9
FNH:0
FNDA:0,CategoryGrid
FNDA:0,(anonymous_1)
FNDA:0,(anonymous_2)
FNDA:0,(anonymous_3)
FNDA:0,(anonymous_4)
FNDA:0,(anonymous_5)
FNDA:0,(anonymous_6)
FNDA:0,(anonymous_7)
FNDA:0,(anonymous_8)
DA:10,0
DA:11,0
DA:13,0
DA:14,0
DA:15,0
DA:16,0
DA:17,0
DA:19,0
DA:22,0
DA:23,0
DA:24,0
DA:26,0
DA:29,0
DA:35,0
DA:37,0
DA:38,0
DA:41,0
DA:62,0
LF:18
LH:0
BRDA:16,0,0,0
BRDA:16,0,1,0
BRDA:17,1,0,0
BRDA:17,1,1,0
BRDA:23,2,0,0
BRDA:23,2,1,0
BRDA:23,3,0,0
BRDA:23,3,1,0
BRDA:35,4,0,0
BRDA:35,4,1,0
BRDA:46,5,0,0
BRDA:46,5,1,0
BRF:12
BRH:0
end_of_record
TN:
SF:src/components/ConfirmContactModal.tsx
FN:14,ConfirmContactModal
FN:25,(anonymous_1)
FN:129,getReasonLabel
FNF:3
FNH:0
FNDA:0,ConfirmContactModal
FNDA:0,(anonymous_1)
FNDA:0,getReasonLabel
DA:21,0
DA:22,0
DA:23,0
DA:25,0
DA:26,0
DA:27,0
DA:28,0
DA:29,0
DA:31,0
DA:35,0
DA:36,0
DA:39,0
DA:40,0
DA:42,0
DA:130,0
DA:132,0
DA:134,0
DA:136,0
DA:138,0
DA:140,0
DA:142,0
DA:146,0
LF:22
LH:0
BRDA:19,0,0,0
BRDA:28,1,0,0
BRDA:28,1,1,0
BRDA:29,2,0,0
BRDA:29,2,1,0
BRDA:35,3,0,0
BRDA:35,3,1,0
BRDA:47,4,0,0
BRDA:47,4,1,0
BRDA:65,5,0,0
BRDA:65,5,1,0
BRDA:87,6,0,0
BRDA:87,6,1,0
BRDA:94,7,0,0
BRDA:94,7,1,0
BRDA:109,8,0,0
BRDA:109,8,1,0
BRDA:130,9,0,0
BRDA:130,9,1,0
BRDA:130,9,2,0
BRDA:130,9,3,0
BRDA:130,9,4,0
BRDA:130,9,5,0
BRF:23
BRH:0
end_of_record
TN:
SF:src/components/DynamicIcon.tsx
FN:28,DynamicIcon
FNF:1
FNH:0
FNDA:0,DynamicIcon
DA:38,0
DA:39,0
DA:40,0
DA:41,0
DA:44,0
DA:48,0
DA:50,0
DA:54,0
DA:57,0
DA:61,0
DA:66,0
DA:73,0
LF:12
LH:0
BRDA:31,0,0,0
BRDA:32,1,0,0
BRDA:33,2,0,0
BRDA:38,3,0,0
BRDA:38,3,1,0
BRDA:40,4,0,0
BRDA:40,4,1,0
BRDA:41,5,0,0
BRDA:41,5,1,0
BRDA:41,5,2,0
BRDA:41,5,3,0
BRDA:41,5,4,0
BRDA:41,5,5,0
BRDA:41,5,6,0
BRDA:41,5,7,0
BRDA:41,5,8,0
BRDA:41,5,9,0
BRF:17
BRH:0
end_of_record
TN:
SF:src/components/EditAddressModal.tsx
FN:14,EditAddressModal
FN:24,(anonymous_1)
FN:37,handleSave
FN:65,(anonymous_3)
FNF:4
FNH:0
FNDA:0,EditAddressModal
FNDA:0,(anonymous_1)
FNDA:0,handleSave
FNDA:0,(anonymous_3)
DA:15,0
DA:16,0
DA:17,0
DA:18,0
DA:19,0
DA:20,0
DA:21,0
DA:22,0
DA:24,0
DA:25,0
DA:26,0
DA:27,0
DA:28,0
DA:29,0
DA:30,0
DA:31,0
DA:32,0
DA:33,0
DA:38,0
DA:41,0
DA:65,0
DA:79,0
LF:22
LH:0
BRDA:25,0,0,0
BRDA:25,0,1,0
BRDA:25,1,0,0
BRDA:25,1,1,0
BRDA:26,2,0,0
BRDA:26,2,1,0
BRDA:27,3,0,0
BRDA:27,3,1,0
BRDA:28,4,0,0
BRDA:28,4,1,0
BRDA:29,5,0,0
BRDA:29,5,1,0
BRDA:30,6,0,0
BRDA:30,6,1,0
BRDA:31,7,0,0
BRDA:31,7,1,0
BRDA:32,8,0,0
BRDA:32,8,1,0
BRDA:33,9,0,0
BRDA:33,9,1,0
BRDA:38,10,0,0
BRDA:38,10,1,0
BRDA:38,11,0,0
BRDA:38,11,1,0
BRDA:38,12,0,0
BRDA:38,12,1,0
BRDA:38,13,0,0
BRDA:38,13,1,0
BRDA:38,14,0,0
BRDA:38,14,1,0
BRDA:38,14,2,0
BRDA:38,15,0,0
BRDA:38,15,1,0
BRDA:38,15,2,0
BRDA:38,16,0,0
BRDA:38,16,1,0
BRDA:38,16,2,0
BRDA:38,17,0,0
BRDA:38,17,1,0
BRDA:38,17,2,0
BRDA:62,18,0,0
BRDA:62,18,1,0
BRF:42
BRH:0
end_of_record
TN:
SF:src/components/EvaluationModal.tsx
FN:14,EvaluationModal
FN:26,(anonymous_1)
FN:43,(anonymous_2)
FN:46,(anonymous_3)
FN:52,(anonymous_4)
FN:106,(anonymous_5)
FN:114,(anonymous_6)
FN:141,getRatingLabel
FNF:8
FNH:0
FNDA:0,EvaluationModal
FNDA:0,(anonymous_1)
FNDA:0,(anonymous_2)
FNDA:0,(anonymous_3)
FNDA:0,(anonymous_4)
FNDA:0,(anonymous_5)
FNDA:0,(anonymous_6)
FNDA:0,getRatingLabel
DA:21,0
DA:22,0
DA:23,0
DA:24,0
DA:26,0
DA:27,0
DA:28,0
DA:31,0
DA:32,0
DA:33,0
DA:35,0
DA:36,0
DA:37,0
DA:39,0
DA:43,0
DA:44,0
DA:47,0
DA:52,0
DA:60,0
DA:106,0
DA:114,0
DA:142,0
DA:144,0
DA:146,0
DA:148,0
DA:150,0
DA:152,0
DA:154,0
DA:158,0
LF:29
LH:0
BRDA:19,0,0,0
BRDA:27,1,0,0
BRDA:27,1,1,0
BRDA:33,2,0,0
BRDA:33,2,1,0
BRDA:49,3,0,0
BRDA:49,3,1,0
BRDA:51,4,0,0
BRDA:51,4,1,0
BRDA:76,5,0,0
BRDA:76,5,1,0
BRDA:105,6,0,0
BRDA:105,6,1,0
BRDA:113,7,0,0
BRDA:113,7,1,0
BRDA:130,8,0,0
BRDA:130,8,1,0
BRDA:142,9,0,0
BRDA:142,9,1,0
BRDA:142,9,2,0
BRDA:142,9,3,0
BRDA:142,9,4,0
BRDA:142,9,5,0
BRF:23
BRH:0
end_of_record
TN:
SF:src/components/ImageAdCarousel.tsx
FN:21,ImageAdCarousel
FN:26,(anonymous_1)
FN:40,(anonymous_2)
FN:59,(anonymous_3)
FN:69,(anonymous_4)
FNF:5
FNH:0
FNDA:0,ImageAdCarousel
FNDA:0,(anonymous_1)
FNDA:0,(anonymous_2)
FNDA:0,(anonymous_3)
FNDA:0,(anonymous_4)
DA:5,0
DA:22,0
DA:23,0
DA:26,0
DA:27,0
DA:28,0
DA:29,0
DA:30,0
DA:31,0
DA:32,0
DA:35,0
DA:40,0
DA:41,0
DA:42,0
DA:43,0
DA:48,0
DA:49,0
DA:52,0
DA:60,0
DA:61,0
DA:62,0
DA:63,0
DA:70,0
DA:99,0
LF:24
LH:0
BRDA:28,0,0,0
BRDA:28,0,1,0
BRDA:31,1,0,0
BRDA:31,1,1,0
BRDA:48,2,0,0
BRDA:48,2,1,0
BRDA:48,3,0,0
BRDA:48,3,1,0
BRDA:61,4,0,0
BRDA:61,4,1,0
BRDA:71,5,0,0
BRDA:71,5,1,0
BRDA:72,6,0,0
BRDA:72,6,1,0
BRF:14
BRH:0
end_of_record
TN:
SF:src/components/LocationAvatar.tsx
FN:17,LocationAvatar
FN:18,(anonymous_1)
FN:19,(anonymous_2)
FN:20,(anonymous_3)
FN:21,(anonymous_4)
FN:23,(anonymous_5)
FN:24,(anonymous_6)
FN:30,(anonymous_7)
FN:31,findCachedPhoto
FN:40,(anonymous_9)
FN:50,(anonymous_10)
FN:52,(anonymous_11)
FN:56,(anonymous_12)
FN:64,(anonymous_13)
FN:72,(anonymous_14)
FN:92,(anonymous_15)
FN:92,(anonymous_16)
FN:110,(anonymous_17)
FN:119,(anonymous_18)
FNF:19
FNH:0
FNDA:0,LocationAvatar
FNDA:0,(anonymous_1)
FNDA:0,(anonymous_2)
FNDA:0,(anonymous_3)
FNDA:0,(anonymous_4)
FNDA:0,(anonymous_5)
FNDA:0,(anonymous_6)
FNDA:0,(anonymous_7)
FNDA:0,findCachedPhoto
FNDA:0,(anonymous_9)
FNDA:0,(anonymous_10)
FNDA:0,(anonymous_11)
FNDA:0,(anonymous_12)
FNDA:0,(anonymous_13)
FNDA:0,(anonymous_14)
FNDA:0,(anonymous_15)
FNDA:0,(anonymous_16)
FNDA:0,(anonymous_17)
FNDA:0,(anonymous_18)
DA:18,0
DA:19,0
DA:20,0
DA:21,0
DA:23,0
DA:24,0
DA:25,0
DA:26,0
DA:28,0
DA:30,0
DA:32,0
DA:33,0
DA:34,0
DA:35,0
DA:36,0
DA:37,0
DA:39,0
DA:40,0
DA:41,0
DA:42,0
DA:44,0
DA:47,0
DA:50,0
DA:51,0
DA:52,0
DA:56,0
DA:57,0
DA:58,0
DA:60,0
DA:64,0
DA:65,0
DA:66,0
DA:67,0
DA:69,0
DA:72,0
DA:76,0
DA:77,0
DA:78,0
DA:80,0
DA:83,0
DA:84,0
DA:86,0
DA:91,0
DA:92,0
DA:110,0
DA:120,0
DA:121,0
DA:122,0
DA:128,0
DA:135,0
DA:136,0
DA:143,0
DA:150,0
LF:53
LH:0
BRDA:25,0,0,0
BRDA:25,0,1,0
BRDA:25,1,0,0
BRDA:25,1,1,0
BRDA:35,2,0,0
BRDA:35,2,1,0
BRDA:40,3,0,0
BRDA:40,3,1,0
BRDA:40,3,2,0
BRDA:41,4,0,0
BRDA:41,4,1,0
BRDA:47,5,0,0
BRDA:47,5,1,0
BRDA:47,6,0,0
BRDA:47,6,1,0
BRDA:51,7,0,0
BRDA:51,7,1,0
BRDA:51,8,0,0
BRDA:51,8,1,0
BRDA:65,9,0,0
BRDA:65,9,1,0
BRDA:72,10,0,0
BRDA:72,10,1,0
BRDA:76,11,0,0
BRDA:76,11,1,0
BRDA:77,12,0,0
BRDA:77,12,1,0
BRDA:92,13,0,0
BRDA:92,13,1,0
BRDA:96,14,0,0
BRDA:96,14,1,0
BRDA:100,15,0,0
BRDA:100,15,1,0
BRDA:101,16,0,0
BRDA:101,16,1,0
BRDA:110,17,0,0
BRDA:110,17,1,0
BRDA:115,18,0,0
BRDA:115,18,1,0
BRDA:120,19,0,0
BRDA:120,19,1,0
BRDA:120,19,2,0
BRDA:120,19,3,0
BRDA:121,20,0,0
BRDA:121,20,1,0
BRDA:135,21,0,0
BRDA:135,21,1,0
BRF:47
BRH:0
end_of_record
TN:
SF:src/components/MapPinPicker.tsx
FN:13,MapPinPicker
FN:19,(anonymous_1)
FN:56,(anonymous_2)
FN:58,(anonymous_3)
FN:72,(anonymous_4)
FN:72,(anonymous_5)
FN:80,(anonymous_6)
FN:80,(anonymous_7)
FN:84,(anonymous_8)
FN:86,(anonymous_9)
FN:93,(anonymous_10)
FNF:11
FNH:0
FNDA:0,MapPinPicker
FNDA:0,(anonymous_1)
FNDA:0,(anonymous_2)
FNDA:0,(anonymous_3)
FNDA:0,(anonymous_4)
FNDA:0,(anonymous_5)
FNDA:0,(anonymous_6)
FNDA:0,(anonymous_7)
FNDA:0,(anonymous_8)
FNDA:0,(anonymous_9)
FNDA:0,(anonymous_10)
DA:14,0
DA:19,0
DA:20,0
DA:21,0
DA:26,0
DA:28,0
DA:29,0
DA:30,0
DA:34,0
DA:35,0
DA:36,0
DA:40,0
DA:44,0
DA:45,0
DA:47,0
DA:56,0
DA:58,0
DA:72,0
DA:80,0
DA:85,0
DA:86,0
DA:93,0
DA:100,0
LF:23
LH:0
BRDA:15,0,0,0
BRDA:15,0,1,0
BRDA:20,1,0,0
BRDA:20,1,1,0
BRDA:26,2,0,0
BRDA:26,2,1,0
BRDA:29,3,0,0
BRDA:29,3,1,0
BRDA:35,4,0,0
BRDA:35,4,1,0
BRDA:35,5,0,0
BRDA:35,5,1,0
BRDA:35,5,2,0
BRDA:35,5,3,0
BRDA:35,5,4,0
BRDA:35,5,5,0
BRDA:44,6,0,0
BRDA:44,6,1,0
BRDA:45,7,0,0
BRDA:45,7,1,0
BRDA:51,8,0,0
BRDA:51,8,1,0
BRDA:72,9,0,0
BRDA:72,9,1,0
BRDA:80,10,0,0
BRDA:80,10,1,0
BRF:26
BRH:0
end_of_record
TN:
SF:src/components/MyProjectsCarousel.tsx
FN:17,MyProjectsCarousel
FN:25,(anonymous_1)
FN:42,(anonymous_2)
FN:50,(anonymous_3)
FN:88,(anonymous_4)
FN:95,(anonymous_5)
FN:108,(anonymous_6)
FN:137,(anonymous_7)
FNF:8
FNH:0
FNDA:0,MyProjectsCarousel
FNDA:0,(anonymous_1)
FNDA:0,(anonymous_2)
FNDA:0,(anonymous_3)
FNDA:0,(anonymous_4)
FNDA:0,(anonymous_5)
FNDA:0,(anonymous_6)
FNDA:0,(anonymous_7)
DA:18,0
DA:19,0
DA:20,0
DA:21,0
DA:22,0
DA:23,0
DA:25,0
DA:26,0
DA:27,0
DA:31,0
DA:32,0
DA:34,0
DA:36,0
DA:41,0
DA:43,0
DA:48,0
DA:50,0
DA:51,0
DA:56,0
DA:57,0
DA:64,0
DA:89,0
DA:95,0
DA:108,0
DA:138,0
DA:147,0
LF:26
LH:0
BRDA:51,0,0,0
BRDA:51,0,1,0
BRDA:51,1,0,0
BRDA:51,1,1,0
BRDA:56,2,0,0
BRDA:56,2,1,0
BRDA:83,3,0,0
BRDA:83,3,1,0
BRDA:104,4,0,0
BRDA:104,4,1,0
BRDA:112,5,0,0
BRDA:112,5,1,0
BRDA:121,6,0,0
BRDA:121,6,1,0
BRDA:128,7,0,0
BRDA:128,7,1,0
BRF:16
BRH:0
end_of_record
TN:
SF:src/components/NearbySummary.tsx
FN:14,NearbySummary
FN:17,(anonymous_1)
FN:18,(anonymous_2)
FN:19,(anonymous_3)
FN:21,(anonymous_4)
FN:22,(anonymous_5)
FN:23,(anonymous_6)
FN:24,(anonymous_7)
FN:25,(anonymous_8)
FN:26,(anonymous_9)
FN:33,(anonymous_10)
FN:39,(anonymous_11)
FN:54,(anonymous_12)
FN:58,(anonymous_13)
FN:65,(anonymous_14)
FN:73,openRadiusModal
FN:80,handleRefresh
FN:89,saveRadius
FN:150,(anonymous_18)
FN:161,(anonymous_19)
FN:168,(anonymous_20)
FN:183,(anonymous_21)
FNF:22
FNH:0
FNDA:0,NearbySummary
FNDA:0,(anonymous_1)
FNDA:0,(anonymous_2)
FNDA:0,(anonymous_3)
FNDA:0,(anonymous_4)
FNDA:0,(anonymous_5)
FNDA:0,(anonymous_6)
FNDA:0,(anonymous_7)
FNDA:0,(anonymous_8)
FNDA:0,(anonymous_9)
FNDA:0,(anonymous_10)
FNDA:0,(anonymous_11)
FNDA:0,(anonymous_12)
FNDA:0,(anonymous_13)
FNDA:0,(anonymous_14)
FNDA:0,openRadiusModal
FNDA:0,handleRefresh
FNDA:0,saveRadius
FNDA:0,(anonymous_18)
FNDA:0,(anonymous_19)
FNDA:0,(anonymous_20)
FNDA:0,(anonymous_21)
DA:15,0
DA:16,0
DA:17,0
DA:18,0
DA:19,0
DA:21,0
DA:22,0
DA:23,0
DA:24,0
DA:25,0
DA:26,0
DA:28,0
DA:29,0
DA:30,0
DA:31,0
DA:33,0
DA:36,0
DA:37,0
DA:39,0
DA:40,0
DA:46,0
DA:52,0
DA:53,0
DA:54,0
DA:58,0
DA:59,0
DA:60,0
DA:65,0
DA:66,0
DA:67,0
DA:70,0
DA:74,0
DA:75,0
DA:76,0
DA:77,0
DA:81,0
DA:82,0
DA:84,0
DA:90,0
DA:91,0
DA:92,0
DA:93,0
DA:97,0
DA:99,0
DA:100,0
DA:101,0
DA:103,0
DA:105,0
DA:108,0
DA:111,0
DA:113,0
DA:150,0
DA:161,0
DA:170,0
DA:171,0
DA:172,0
DA:173,0
DA:174,0
DA:183,0
DA:205,0
LF:60
LH:0
BRDA:33,0,0,0
BRDA:33,0,1,0
BRDA:59,1,0,0
BRDA:59,1,1,0
BRDA:66,2,0,0
BRDA:66,2,1,0
BRDA:67,3,0,0
BRDA:67,3,1,0
BRDA:70,4,0,0
BRDA:70,4,1,0
BRDA:74,5,0,0
BRDA:74,5,1,0
BRDA:75,6,0,0
BRDA:75,6,1,0
BRDA:81,7,0,0
BRDA:81,7,1,0
BRDA:82,8,0,0
BRDA:82,8,1,0
BRDA:84,9,0,0
BRDA:84,9,1,0
BRDA:91,10,0,0
BRDA:91,10,1,0
BRDA:91,11,0,0
BRDA:91,11,1,0
BRDA:91,11,2,0
BRDA:99,12,0,0
BRDA:99,12,1,0
BRDA:139,13,0,0
BRDA:139,13,1,0
BRDA:146,14,0,0
BRDA:146,14,1,0
BRDA:170,15,0,0
BRDA:170,15,1,0
BRDA:170,16,0,0
BRDA:170,16,1,0
BRDA:170,16,2,0
BRDA:173,17,0,0
BRDA:173,17,1,0
BRDA:181,18,0,0
BRDA:181,18,1,0
BRDA:188,19,0,0
BRDA:188,19,1,0
BRDA:188,19,2,0
BRF:43
BRH:0
end_of_record
TN:
SF:src/components/ProfessionalStatsCard.tsx
FN:10,getDisplayedCredits
FN:14,ProfessionalStatsCard
FN:20,(anonymous_2)
FN:22,(anonymous_3)
FN:37,(anonymous_4)
FN:66,(anonymous_5)
FN:74,(anonymous_6)
FN:82,(anonymous_7)
FN:90,(anonymous_8)
FNF:9
FNH:1
FNDA:3,getDisplayedCredits
FNDA:0,ProfessionalStatsCard
FNDA:0,(anonymous_2)
FNDA:0,(anonymous_3)
FNDA:0,(anonymous_4)
FNDA:0,(anonymous_5)
FNDA:0,(anonymous_6)
FNDA:0,(anonymous_7)
FNDA:0,(anonymous_8)
DA:11,3
DA:15,0
DA:16,0
DA:17,0
DA:20,0
DA:22,0
DA:23,0
DA:24,0
DA:25,0
DA:26,0
DA:27,0
DA:29,0
DA:30,0
DA:32,0
DA:36,0
DA:38,0
DA:42,0
DA:104,1
LF:18
LH:2
BRDA:11,0,0,3
BRDA:11,0,1,2
BRDA:30,1,0,0
BRDA:30,1,1,0
BRDA:50,2,0,0
BRDA:50,2,1,0
BRDA:57,3,0,0
BRDA:57,3,1,0
BRDA:57,3,2,0
BRDA:64,4,0,0
BRDA:64,4,1,0
BRDA:64,4,2,0
BRDA:71,5,0,0
BRDA:71,5,1,0
BRDA:87,6,0,0
BRDA:87,6,1,0
BRDA:95,7,0,0
BRDA:95,7,1,0
BRF:18
BRH:2
end_of_record
TN:
SF:src/components/ProjectCard.tsx
FN:21,ProjectCard
FN:24,(anonymous_1)
FN:34,(anonymous_2)
FN:40,(anonymous_3)
FN:42,(anonymous_4)
FN:61,(anonymous_5)
FN:62,(anonymous_6)
FN:117,(anonymous_7)
FNF:8
FNH:0
FNDA:0,ProjectCard
FNDA:0,(anonymous_1)
FNDA:0,(anonymous_2)
FNDA:0,(anonymous_3)
FNDA:0,(anonymous_4)
FNDA:0,(anonymous_5)
FNDA:0,(anonymous_6)
FNDA:0,(anonymous_7)
DA:22,0
DA:24,0
DA:25,0
DA:26,0
DA:27,0
DA:34,0
DA:35,0
DA:36,0
DA:37,0
DA:40,0
DA:42,0
DA:44,0
DA:45,0
DA:47,0
DA:48,0
DA:49,0
DA:51,0
DA:54,0
DA:59,0
DA:61,0
DA:62,0
DA:65,0
DA:67,0
DA:118,0
DA:149,0
LF:25
LH:0
BRDA:21,0,0,0
BRDA:21,1,0,0
BRDA:21,2,0,0
BRDA:25,3,0,0
BRDA:25,3,1,0
BRDA:35,4,0,0
BRDA:35,4,1,0
BRDA:36,5,0,0
BRDA:36,5,1,0
BRDA:37,6,0,0
BRDA:37,6,1,0
BRDA:44,7,0,0
BRDA:44,7,1,0
BRDA:45,8,0,0
BRDA:45,8,1,0
BRDA:47,9,0,0
BRDA:47,9,1,0
BRDA:54,10,0,0
BRDA:54,10,1,0
BRDA:55,11,0,0
BRDA:55,11,1,0
BRDA:58,12,0,0
BRDA:58,12,1,0
BRDA:59,13,0,0
BRDA:59,13,1,0
BRDA:59,14,0,0
BRDA:59,14,1,0
BRDA:62,15,0,0
BRDA:62,15,1,0
BRDA:70,16,0,0
BRDA:70,16,1,0
BRDA:74,17,0,0
BRDA:74,17,1,0
BRDA:75,18,0,0
BRDA:75,18,1,0
BRDA:81,19,0,0
BRDA:81,19,1,0
BRDA:82,20,0,0
BRDA:82,20,1,0
BRDA:83,21,0,0
BRDA:83,21,1,0
BRDA:94,22,0,0
BRDA:94,22,1,0
BRDA:98,23,0,0
BRDA:98,23,1,0
BRDA:98,24,0,0
BRDA:98,24,1,0
BRDA:115,25,0,0
BRDA:115,25,1,0
BRDA:115,26,0,0
BRDA:115,26,1,0
BRDA:118,27,0,0
BRDA:118,27,1,0
BRDA:118,28,0,0
BRDA:118,28,1,0
BRDA:119,29,0,0
BRDA:119,29,1,0
BRDA:120,30,0,0
BRDA:120,30,1,0
BRDA:122,31,0,0
BRDA:122,31,1,0
BRDA:123,32,0,0
BRDA:123,32,1,0
BRDA:123,32,2,0
BRDA:128,33,0,0
BRDA:128,33,1,0
BRDA:130,34,0,0
BRDA:130,34,1,0
BRF:68
BRH:0
end_of_record
TN:
SF:src/components/PubliScreenAd.tsx
FN:35,PubliScreenAd
FN:43,(anonymous_1)
FN:48,(anonymous_2)
FN:102,(anonymous_3)
FN:104,(anonymous_4)
FN:105,(anonymous_5)
FN:111,(anonymous_6)
FN:112,(anonymous_7)
FN:112,(anonymous_8)
FNF:9
FNH:0
FNDA:0,PubliScreenAd
FNDA:0,(anonymous_1)
FNDA:0,(anonymous_2)
FNDA:0,(anonymous_3)
FNDA:0,(anonymous_4)
FNDA:0,(anonymous_5)
FNDA:0,(anonymous_6)
FNDA:0,(anonymous_7)
FNDA:0,(anonymous_8)
DA:36,0
DA:37,0
DA:38,0
DA:39,0
DA:40,0
DA:41,0
DA:43,0
DA:44,0
DA:45,0
DA:48,0
DA:49,0
DA:52,0
DA:53,0
DA:57,0
DA:58,0
DA:67,0
DA:68,0
DA:71,0
DA:72,0
DA:82,0
DA:102,0
DA:104,0
DA:106,0
DA:107,0
DA:108,0
DA:109,0
DA:112,0
DA:134,0
LF:28
LH:0
BRDA:35,0,0,0
BRDA:36,1,0,0
BRDA:36,1,1,0
BRDA:52,2,0,0
BRDA:52,2,1,0
BRDA:57,3,0,0
BRDA:57,3,1,0
BRDA:67,4,0,0
BRDA:67,4,1,0
BRDA:67,5,0,0
BRDA:67,5,1,0
BRDA:71,6,0,0
BRDA:71,6,1,0
BRDA:96,7,0,0
BRDA:96,7,1,0
BRDA:96,8,0,0
BRDA:96,8,1,0
BRDA:107,9,0,0
BRDA:107,9,1,0
BRDA:112,10,0,0
BRDA:112,10,1,0
BRDA:120,11,0,0
BRDA:120,11,1,0
BRF:23
BRH:0
end_of_record
TN:
SF:src/components/SocialButton.tsx
FN:18,SocialButton
FN:40,(anonymous_1)
FNF:2
FNH:0
FNDA:0,SocialButton
FNDA:0,(anonymous_1)
DA:29,0
DA:40,0
LF:2
LH:0
BRDA:25,0,0,0
BRDA:39,1,0,0
BRDA:39,1,1,0
BRF:3
BRH:0
end_of_record
TN:
SF:src/hooks/useAd.ts
FN:31,(anonymous_0)
FN:43,(anonymous_1)
FN:122,useAd
FN:133,(anonymous_3)
FN:138,(anonymous_4)
FN:170,(anonymous_5)
FN:195,(anonymous_6)
FN:204,(anonymous_7)
FN:213,(anonymous_8)
FN:228,(anonymous_9)
FN:243,(anonymous_10)
FN:245,(anonymous_11)
FN:326,(anonymous_12)
FN:343,useClearAdCache
FN:344,(anonymous_14)
FN:363,(anonymous_15)
FNF:16
FNH:0
FNDA:0,(anonymous_0)
FNDA:0,(anonymous_1)
FNDA:0,useAd
FNDA:0,(anonymous_3)
FNDA:0,(anonymous_4)
FNDA:0,(anonymous_5)
FNDA:0,(anonymous_6)
FNDA:0,(anonymous_7)
FNDA:0,(anonymous_8)
FNDA:0,(anonymous_9)
FNDA:0,(anonymous_10)
FNDA:0,(anonymous_11)
FNDA:0,(anonymous_12)
FNDA:0,useClearAdCache
FNDA:0,(anonymous_14)
FNDA:0,(anonymous_15)
DA:7,0
DA:8,0
DA:31,0
DA:32,0
DA:39,0
DA:43,0
DA:44,0
DA:45,0
DA:48,0
DA:51,0
DA:52,0
DA:57,0
DA:58,0
DA:60,0
DA:61,0
DA:62,0
DA:65,0
DA:66,0
DA:67,0
DA:68,0
DA:69,0
DA:71,0
DA:73,0
DA:78,0
DA:79,0
DA:80,0
DA:81,0
DA:85,0
DA:86,0
DA:87,0
DA:88,0
DA:89,0
DA:90,0
DA:93,0
DA:127,0
DA:128,0
DA:129,0
DA:130,0
DA:131,0
DA:133,0
DA:134,0
DA:137,0
DA:138,0
DA:139,0
DA:140,0
DA:142,0
DA:144,0
DA:150,0
DA:152,0
DA:158,0
DA:160,0
DA:167,0
DA:170,0
DA:171,0
DA:173,0
DA:174,0
DA:175,0
DA:177,0
DA:179,0
DA:182,0
DA:183,0
DA:187,0
DA:188,0
DA:190,0
DA:191,0
DA:195,0
DA:196,0
DA:198,0
DA:199,0
DA:201,0
DA:202,0
DA:204,0
DA:205,0
DA:207,0
DA:211,0
DA:213,0
DA:216,0
DA:224,0
DA:228,0
DA:229,0
DA:230,0
DA:231,0
DA:234,0
DA:235,0
DA:236,0
DA:239,0
DA:240,0
DA:242,0
DA:243,0
DA:245,0
DA:246,0
DA:247,0
DA:248,0
DA:249,0
DA:250,0
DA:252,0
DA:254,0
DA:255,0
DA:256,0
DA:257,0
DA:258,0
DA:264,0
DA:268,0
DA:271,0
DA:272,0
DA:273,0
DA:274,0
DA:278,0
DA:282,0
DA:286,0
DA:288,0
DA:289,0
DA:290,0
DA:291,0
DA:292,0
DA:294,0
DA:295,0
DA:301,0
DA:303,0
DA:304,0
DA:305,0
DA:306,0
DA:310,0
DA:313,0
DA:315,0
DA:316,0
DA:318,0
DA:319,0
DA:320,0
DA:322,0
DA:326,0
DA:327,0
DA:330,0
DA:344,0
DA:345,0
DA:346,0
DA:348,0
DA:349,0
DA:351,0
DA:352,0
DA:353,0
DA:354,0
DA:355,0
DA:362,0
DA:363,0
DA:364,0
DA:366,0
DA:367,0
DA:368,0
DA:369,0
DA:370,0
DA:377,0
DA:381,0
LF:153
LH:0
BRDA:39,0,0,0
BRDA:39,0,1,0
BRDA:44,1,0,0
BRDA:44,1,1,0
BRDA:57,2,0,0
BRDA:57,2,1,0
BRDA:61,3,0,0
BRDA:61,3,1,0
BRDA:65,4,0,0
BRDA:65,4,1,0
BRDA:65,5,0,0
BRDA:65,5,1,0
BRDA:78,6,0,0
BRDA:78,6,1,0
BRDA:78,7,0,0
BRDA:78,7,1,0
BRDA:78,7,2,0
BRDA:80,8,0,0
BRDA:80,8,1,0
BRDA:86,9,0,0
BRDA:86,9,1,0
BRDA:86,10,0,0
BRDA:86,10,1,0
BRDA:87,11,0,0
BRDA:87,11,1,0
BRDA:90,12,0,0
BRDA:90,12,1,0
BRDA:93,13,0,0
BRDA:93,13,1,0
BRDA:124,14,0,0
BRDA:125,15,0,0
BRDA:134,16,0,0
BRDA:134,16,1,0
BRDA:137,17,0,0
BRDA:137,17,1,0
BRDA:140,18,0,0
BRDA:140,18,1,0
BRDA:142,19,0,0
BRDA:142,19,1,0
BRDA:142,20,0,0
BRDA:142,20,1,0
BRDA:150,21,0,0
BRDA:150,21,1,0
BRDA:150,22,0,0
BRDA:150,22,1,0
BRDA:158,23,0,0
BRDA:158,23,1,0
BRDA:171,24,0,0
BRDA:171,24,1,0
BRDA:177,25,0,0
BRDA:177,25,1,0
BRDA:182,26,0,0
BRDA:182,26,1,0
BRDA:196,27,0,0
BRDA:196,27,1,0
BRDA:202,28,0,0
BRDA:202,28,1,0
BRDA:205,29,0,0
BRDA:205,29,1,0
BRDA:211,30,0,0
BRDA:211,30,1,0
BRDA:229,31,0,0
BRDA:229,31,1,0
BRDA:240,32,0,0
BRDA:240,32,1,0
BRDA:242,33,0,0
BRDA:242,33,1,0
BRDA:242,34,0,0
BRDA:242,34,1,0
BRDA:246,35,0,0
BRDA:246,35,1,0
BRDA:252,36,0,0
BRDA:252,36,1,0
BRDA:271,37,0,0
BRDA:271,37,1,0
BRDA:286,38,0,0
BRDA:286,38,1,0
BRDA:286,39,0,0
BRDA:286,39,1,0
BRDA:292,40,0,0
BRDA:292,40,1,0
BRDA:346,41,0,0
BRDA:346,41,1,0
BRDA:354,42,0,0
BRDA:354,42,1,0
BRDA:369,43,0,0
BRDA:369,43,1,0
BRF:87
BRH:0
end_of_record
TN:
SF:src/hooks/useProfilePhoto.ts
FN:9,useProfilePhoto
FN:11,(anonymous_1)
FN:12,(anonymous_2)
FN:14,(anonymous_3)
FN:16,ensure
FN:24,(anonymous_5)
FN:61,(anonymous_6)
FNF:7
FNH:0
FNDA:0,useProfilePhoto
FNDA:0,(anonymous_1)
FNDA:0,(anonymous_2)
FNDA:0,(anonymous_3)
FNDA:0,ensure
FNDA:0,(anonymous_5)
FNDA:0,(anonymous_6)
DA:10,0
DA:11,0
DA:12,0
DA:14,0
DA:15,0
DA:17,0
DA:19,0
DA:21,0
DA:22,0
DA:23,0
DA:24,0
DA:25,0
DA:28,0
DA:29,0
DA:30,0
DA:32,0
DA:33,0
DA:35,0
DA:39,0
DA:40,0
DA:41,0
DA:42,0
DA:44,0
DA:48,0
DA:49,0
DA:50,0
DA:51,0
DA:52,0
DA:56,0
DA:60,0
DA:61,0
DA:64,0
LF:32
LH:0
BRDA:17,0,0,0
BRDA:17,0,1,0
BRDA:17,1,0,0
BRDA:17,1,1,0
BRDA:21,2,0,0
BRDA:21,2,1,0
BRDA:29,3,0,0
BRDA:29,3,1,0
BRDA:30,4,0,0
BRDA:30,4,1,0
BRDA:32,5,0,0
BRDA:32,5,1,0
BRDA:32,6,0,0
BRDA:32,6,1,0
BRDA:39,7,0,0
BRDA:39,7,1,0
BRDA:40,8,0,0
BRDA:40,8,1,0
BRDA:41,9,0,0
BRDA:41,9,1,0
BRDA:41,10,0,0
BRDA:41,10,1,0
BRDA:49,11,0,0
BRDA:49,11,1,0
BRDA:49,12,0,0
BRDA:49,12,1,0
BRDA:51,13,0,0
BRDA:51,13,1,0
BRDA:51,14,0,0
BRDA:51,14,1,0
BRF:30
BRH:0
end_of_record
TN:
SF:src/screens/AdScreen.tsx
FN:25,AdScreen
FN:32,(anonymous_1)
FN:33,(anonymous_2)
FN:34,(anonymous_3)
FN:37,(anonymous_4)
FN:76,(anonymous_5)
FN:100,(anonymous_6)
FN:103,(anonymous_7)
FN:160,(anonymous_8)
FN:164,(anonymous_9)
FN:174,(anonymous_10)
FN:202,(anonymous_11)
FN:213,(anonymous_12)
FN:229,(anonymous_13)
FN:256,(anonymous_14)
FN:279,(anonymous_15)
FNF:16
FNH:0
FNDA:0,AdScreen
FNDA:0,(anonymous_1)
FNDA:0,(anonymous_2)
FNDA:0,(anonymous_3)
FNDA:0,(anonymous_4)
FNDA:0,(anonymous_5)
FNDA:0,(anonymous_6)
FNDA:0,(anonymous_7)
FNDA:0,(anonymous_8)
FNDA:0,(anonymous_9)
FNDA:0,(anonymous_10)
FNDA:0,(anonymous_11)
FNDA:0,(anonymous_12)
FNDA:0,(anonymous_13)
FNDA:0,(anonymous_14)
FNDA:0,(anonymous_15)
DA:26,0
DA:27,0
DA:28,0
DA:29,0
DA:30,0
DA:31,0
DA:32,0
DA:33,0
DA:34,0
DA:37,0
DA:39,0
DA:41,0
DA:42,0
DA:43,0
DA:44,0
DA:46,0
DA:47,0
DA:48,0
DA:52,0
DA:53,0
DA:56,0
DA:57,0
DA:58,0
DA:61,0
DA:62,0
DA:63,0
DA:66,0
DA:68,0
DA:69,0
DA:73,0
DA:76,0
DA:77,0
DA:78,0
DA:79,0
DA:82,0
DA:88,0
DA:90,0
DA:92,0
DA:94,0
DA:95,0
DA:98,0
DA:99,0
DA:100,0
DA:103,0
DA:105,0
DA:106,0
DA:108,0
DA:109,0
DA:110,0
DA:113,0
DA:120,0
DA:123,0
DA:124,0
DA:125,0
DA:135,0
DA:137,0
DA:138,0
DA:139,0
DA:140,0
DA:144,0
DA:145,0
DA:146,0
DA:147,0
DA:148,0
DA:151,0
DA:152,0
DA:153,0
DA:154,0
DA:156,0
DA:160,0
DA:161,0
DA:164,0
DA:165,0
DA:167,0
DA:168,0
DA:170,0
DA:174,0
DA:175,0
DA:176,0
DA:177,0
DA:181,0
DA:182,0
DA:191,0
DA:193,0
DA:194,0
DA:203,0
DA:204,0
DA:205,0
DA:214,0
DA:215,0
DA:226,0
DA:229,0
DA:231,0
DA:235,0
DA:236,0
DA:244,0
DA:246,0
DA:257,0
DA:258,0
DA:259,0
DA:268,0
DA:280,0
DA:296,0
DA:297,0
DA:300,0
LF:105
LH:0
BRDA:39,0,0,0
BRDA:39,0,1,0
BRDA:42,1,0,0
BRDA:42,1,1,0
BRDA:46,2,0,0
BRDA:46,2,1,0
BRDA:56,3,0,0
BRDA:56,3,1,0
BRDA:56,4,0,0
BRDA:56,4,1,0
BRDA:61,5,0,0
BRDA:61,5,1,0
BRDA:66,6,0,0
BRDA:66,6,1,0
BRDA:88,7,0,0
BRDA:88,7,1,0
BRDA:98,8,0,0
BRDA:98,8,1,0
BRDA:98,9,0,0
BRDA:98,9,1,0
BRDA:98,9,2,0
BRDA:98,9,3,0
BRDA:101,10,0,0
BRDA:101,10,1,0
BRDA:102,11,0,0
BRDA:102,11,1,0
BRDA:105,12,0,0
BRDA:105,12,1,0
BRDA:114,13,0,0
BRDA:114,13,1,0
BRDA:115,14,0,0
BRDA:115,14,1,0
BRDA:123,15,0,0
BRDA:123,15,1,0
BRDA:123,16,0,0
BRDA:123,16,1,0
BRDA:130,17,0,0
BRDA:130,17,1,0
BRDA:131,18,0,0
BRDA:131,18,1,0
BRDA:132,19,0,0
BRDA:132,19,1,0
BRDA:144,20,0,0
BRDA:144,20,1,0
BRDA:152,21,0,0
BRDA:152,21,1,0
BRDA:165,22,0,0
BRDA:165,22,1,0
BRDA:176,23,0,0
BRDA:176,23,1,0
BRDA:176,24,0,0
BRDA:176,24,1,0
BRDA:181,25,0,0
BRDA:181,25,1,0
BRDA:191,26,0,0
BRDA:191,26,1,0
BRDA:193,27,0,0
BRDA:193,27,1,0
BRDA:193,28,0,0
BRDA:193,28,1,0
BRDA:235,29,0,0
BRDA:235,29,1,0
BRDA:235,30,0,0
BRDA:235,30,1,0
BRDA:235,30,2,0
BRDA:244,31,0,0
BRDA:244,31,1,0
BRDA:244,32,0,0
BRDA:244,32,1,0
BRDA:252,33,0,0
BRDA:252,33,1,0
BRDA:259,34,0,0
BRDA:259,34,1,0
BRDA:262,35,0,0
BRDA:262,35,1,0
BRF:75
BRH:0
end_of_record
TN:
SF:src/screens/AllProjectsScreen.tsx
FN:10,AllProjectsScreen
FN:17,(anonymous_1)
FN:19,(anonymous_2)
FN:34,(anonymous_3)
FN:37,(anonymous_4)
FN:40,(anonymous_5)
FN:43,(anonymous_6)
FN:46,(anonymous_7)
FN:63,(anonymous_8)
FNF:9
FNH:0
FNDA:0,AllProjectsScreen
FNDA:0,(anonymous_1)
FNDA:0,(anonymous_2)
FNDA:0,(anonymous_3)
FNDA:0,(anonymous_4)
FNDA:0,(anonymous_5)
FNDA:0,(anonymous_6)
FNDA:0,(anonymous_7)
FNDA:0,(anonymous_8)
DA:11,0
DA:12,0
DA:13,0
DA:14,0
DA:16,0
DA:17,0
DA:18,0
DA:19,0
DA:20,0
DA:21,0
DA:22,0
DA:23,0
DA:24,0
DA:25,0
DA:26,0
DA:27,0
DA:29,0
DA:31,0
DA:34,0
DA:37,0
DA:38,0
DA:39,0
DA:40,0
DA:43,0
DA:44,0
DA:46,0
DA:47,0
DA:50,0
DA:54,0
DA:63,0
DA:72,0
LF:31
LH:0
BRDA:24,0,0,0
BRDA:24,0,1,0
BRDA:25,1,0,0
BRDA:25,1,1,0
BRDA:27,2,0,0
BRDA:27,2,1,0
BRDA:31,3,0,0
BRDA:31,3,1,0
BRDA:38,4,0,0
BRDA:38,4,1,0
BRDA:39,5,0,0
BRDA:39,5,1,0
BRDA:40,6,0,0
BRDA:40,6,1,0
BRDA:40,7,0,0
BRDA:40,7,1,0
BRDA:40,8,0,0
BRDA:40,8,1,0
BRDA:44,9,0,0
BRDA:44,9,1,0
BRDA:44,9,2,0
BRDA:47,10,0,0
BRDA:47,10,1,0
BRDA:50,11,0,0
BRDA:50,11,1,0
BRDA:58,12,0,0
BRDA:58,12,1,0
BRDA:63,13,0,0
BRDA:63,13,1,0
BRF:29
BRH:0
end_of_record
TN:
SF:src/screens/CardProjeto.tsx
FN:10,CardProjeto
FNF:1
FNH:0
FNDA:0,CardProjeto
DA:12,0
LF:1
LH:0
BRDA:17,0,0,0
BRDA:17,0,1,0
BRDA:20,1,0,0
BRDA:20,1,1,0
BRDA:21,2,0,0
BRDA:21,2,1,0
BRF:6
BRH:0
end_of_record
TN:
SF:src/screens/CompleteProfileScreen.tsx
FN:11,CompleteProfileScreen
FN:35,(anonymous_1)
FN:44,(anonymous_2)
FN:56,(anonymous_3)
FN:132,(anonymous_4)
FN:157,(anonymous_5)
FN:177,(anonymous_6)
FN:186,(anonymous_7)
FN:203,(anonymous_8)
FNF:9
FNH:0
FNDA:0,CompleteProfileScreen
FNDA:0,(anonymous_1)
FNDA:0,(anonymous_2)
FNDA:0,(anonymous_3)
FNDA:0,(anonymous_4)
FNDA:0,(anonymous_5)
FNDA:0,(anonymous_6)
FNDA:0,(anonymous_7)
FNDA:0,(anonymous_8)
DA:12,0
DA:13,0
DA:14,0
DA:15,0
DA:16,0
DA:17,0
DA:19,0
DA:20,0
DA:22,0
DA:23,0
DA:24,0
DA:25,0
DA:26,0
DA:27,0
DA:28,0
DA:29,0
DA:30,0
DA:31,0
DA:32,0
DA:33,0
DA:35,0
DA:36,0
DA:37,0
DA:39,0
DA:44,0
DA:45,0
DA:47,0
DA:49,0
DA:50,0
DA:51,0
DA:52,0
DA:56,0
DA:57,0
DA:58,0
DA:60,0
DA:61,0
DA:62,0
DA:64,0
DA:65,0
DA:66,0
DA:68,0
DA:69,0
DA:70,0
DA:74,0
DA:75,0
DA:76,0
DA:77,0
DA:80,0
DA:81,0
DA:82,0
DA:84,0
DA:91,0
DA:92,0
DA:95,0
DA:97,0
DA:100,0
DA:101,0
DA:103,0
DA:105,0
DA:107,0
DA:108,0
DA:109,0
DA:110,0
DA:113,0
DA:114,0
DA:115,0
DA:116,0
DA:120,0
DA:121,0
DA:124,0
DA:125,0
DA:129,0
DA:132,0
DA:134,0
DA:135,0
DA:136,0
DA:138,0
DA:142,0
DA:157,0
DA:177,0
DA:186,0
DA:203,0
LF:82
LH:0
BRDA:19,0,0,0
BRDA:19,0,1,0
BRDA:20,1,0,0
BRDA:20,1,1,0
BRDA:36,2,0,0
BRDA:36,2,1,0
BRDA:45,3,0,0
BRDA:45,3,1,0
BRDA:47,4,0,0
BRDA:47,4,1,0
BRDA:49,5,0,0
BRDA:49,5,1,0
BRDA:50,6,0,0
BRDA:50,6,1,0
BRDA:51,7,0,0
BRDA:51,7,1,0
BRDA:52,8,0,0
BRDA:52,8,1,0
BRDA:57,9,0,0
BRDA:57,9,1,0
BRDA:58,10,0,0
BRDA:58,10,1,0
BRDA:60,11,0,0
BRDA:60,11,1,0
BRDA:64,12,0,0
BRDA:64,12,1,0
BRDA:68,13,0,0
BRDA:68,13,1,0
BRDA:74,14,0,0
BRDA:74,14,1,0
BRDA:74,14,2,0
BRDA:75,15,0,0
BRDA:75,15,1,0
BRDA:75,16,0,0
BRDA:75,16,1,0
BRDA:91,17,0,0
BRDA:91,17,1,0
BRDA:95,18,0,0
BRDA:95,18,1,0
BRDA:100,19,0,0
BRDA:100,19,1,0
BRDA:100,20,0,0
BRDA:100,20,1,0
BRDA:108,21,0,0
BRDA:108,21,1,0
BRDA:115,22,0,0
BRDA:115,22,1,0
BRDA:134,23,0,0
BRDA:134,23,1,0
BRDA:135,24,0,0
BRDA:135,24,1,0
BRDA:177,25,0,0
BRDA:177,25,1,0
BRDA:186,26,0,0
BRDA:186,26,1,0
BRDA:191,27,0,0
BRDA:191,27,1,0
BRDA:191,28,0,0
BRDA:191,28,1,0
BRDA:191,29,0,0
BRDA:191,29,1,0
BRDA:197,30,0,0
BRDA:197,30,1,0
BRF:63
BRH:0
end_of_record
TN:
SF:src/screens/ContactDetailScreen.tsx
FN:28,ContactDetailScreen
FN:50,(anonymous_1)
FN:56,(anonymous_2)
FN:71,(anonymous_3)
FN:90,(anonymous_4)
FN:97,(anonymous_5)
FN:102,(anonymous_6)
FN:107,(anonymous_7)
FN:120,(anonymous_8)
FN:124,(anonymous_9)
FN:128,(anonymous_10)
FN:135,(anonymous_11)
FN:143,(anonymous_12)
FN:153,(anonymous_13)
FN:163,(anonymous_14)
FN:163,(anonymous_15)
FN:170,(anonymous_16)
FN:190,(anonymous_17)
FN:195,(anonymous_18)
FN:214,(anonymous_19)
FN:312,(anonymous_20)
FN:314,(anonymous_21)
FN:347,(anonymous_22)
FN:356,(anonymous_23)
FN:360,(anonymous_24)
FNF:25
FNH:0
FNDA:0,ContactDetailScreen
FNDA:0,(anonymous_1)
FNDA:0,(anonymous_2)
FNDA:0,(anonymous_3)
FNDA:0,(anonymous_4)
FNDA:0,(anonymous_5)
FNDA:0,(anonymous_6)
FNDA:0,(anonymous_7)
FNDA:0,(anonymous_8)
FNDA:0,(anonymous_9)
FNDA:0,(anonymous_10)
FNDA:0,(anonymous_11)
FNDA:0,(anonymous_12)
FNDA:0,(anonymous_13)
FNDA:0,(anonymous_14)
FNDA:0,(anonymous_15)
FNDA:0,(anonymous_16)
FNDA:0,(anonymous_17)
FNDA:0,(anonymous_18)
FNDA:0,(anonymous_19)
FNDA:0,(anonymous_20)
FNDA:0,(anonymous_21)
FNDA:0,(anonymous_22)
FNDA:0,(anonymous_23)
FNDA:0,(anonymous_24)
DA:29,0
DA:30,0
DA:31,0
DA:32,0
DA:34,0
DA:35,0
DA:36,0
DA:37,0
DA:38,0
DA:39,0
DA:40,0
DA:41,0
DA:42,0
DA:43,0
DA:44,0
DA:46,0
DA:47,0
DA:48,0
DA:50,0
DA:51,0
DA:52,0
DA:53,0
DA:56,0
DA:57,0
DA:58,0
DA:59,0
DA:60,0
DA:61,0
DA:64,0
DA:65,0
DA:66,0
DA:69,0
DA:71,0
DA:72,0
DA:76,0
DA:79,0
DA:80,0
DA:82,0
DA:86,0
DA:90,0
DA:91,0
DA:93,0
DA:94,0
DA:95,0
DA:97,0
DA:98,0
DA:99,0
DA:102,0
DA:103,0
DA:104,0
DA:107,0
DA:108,0
DA:109,0
DA:110,0
DA:112,0
DA:114,0
DA:120,0
DA:121,0
DA:123,0
DA:125,0
DA:126,0
DA:128,0
DA:131,0
DA:135,0
DA:136,0
DA:139,0
DA:143,0
DA:144,0
DA:146,0
DA:153,0
DA:154,0
DA:155,0
DA:157,0
DA:158,0
DA:161,0
DA:163,0
DA:164,0
DA:166,0
DA:170,0
DA:175,0
DA:177,0
DA:178,0
DA:179,0
DA:180,0
DA:181,0
DA:182,0
DA:184,0
DA:185,0
DA:186,0
DA:190,0
DA:191,0
DA:192,0
DA:195,0
DA:196,0
DA:197,0
DA:198,0
DA:199,0
DA:201,0
DA:202,0
DA:203,0
DA:204,0
DA:206,0
DA:214,0
DA:215,0
DA:217,0
DA:221,0
DA:262,0
DA:263,0
DA:271,0
DA:272,0
DA:279,0
DA:312,0
DA:314,0
DA:347,0
DA:356,0
DA:360,0
DA:369,0
LF:117
LH:0
BRDA:51,0,0,0
BRDA:51,0,1,0
BRDA:61,1,0,0
BRDA:61,1,1,0
BRDA:69,2,0,0
BRDA:69,2,1,0
BRDA:69,3,0,0
BRDA:69,3,1,0
BRDA:91,4,0,0
BRDA:91,4,1,0
BRDA:112,5,0,0
BRDA:112,5,1,0
BRDA:112,6,0,0
BRDA:112,6,1,0
BRDA:118,7,0,0
BRDA:118,7,1,0
BRDA:121,8,0,0
BRDA:121,8,1,0
BRDA:121,9,0,0
BRDA:121,9,1,0
BRDA:126,10,0,0
BRDA:126,10,1,0
BRDA:144,11,0,0
BRDA:144,11,1,0
BRDA:144,12,0,0
BRDA:144,12,1,0
BRDA:144,12,2,0
BRDA:148,13,0,0
BRDA:148,13,1,0
BRDA:175,14,0,0
BRDA:175,14,1,0
BRDA:201,15,0,0
BRDA:201,15,1,0
BRDA:203,16,0,0
BRDA:203,16,1,0
BRDA:217,17,0,0
BRDA:217,17,1,0
BRDA:223,18,0,0
BRDA:223,18,1,0
BRDA:231,19,0,0
BRDA:231,19,1,0
BRDA:237,20,0,0
BRDA:237,20,1,0
BRDA:243,21,0,0
BRDA:243,21,1,0
BRDA:251,22,0,0
BRDA:251,22,1,0
BRDA:262,23,0,0
BRDA:262,23,1,0
BRDA:271,24,0,0
BRDA:271,24,1,0
BRDA:282,25,0,0
BRDA:282,25,1,0
BRDA:283,26,0,0
BRDA:283,26,1,0
BRDA:286,27,0,0
BRDA:286,27,1,0
BRDA:297,28,0,0
BRDA:297,28,1,0
BRDA:338,29,0,0
BRDA:338,29,1,0
BRDA:339,30,0,0
BRDA:339,30,1,0
BRDA:339,31,0,0
BRDA:339,31,1,0
BRDA:344,32,0,0
BRDA:344,32,1,0
BRF:67
BRH:0
end_of_record
TN:
SF:src/screens/ContactedProjectsScreen.tsx
FN:8,ContactedProjectsScreen
FN:13,(anonymous_1)
FN:27,(anonymous_2)
FN:52,(anonymous_3)
FN:53,(anonymous_4)
FN:54,(anonymous_5)
FN:56,(anonymous_6)
FNF:7
FNH:0
FNDA:0,ContactedProjectsScreen
FNDA:0,(anonymous_1)
FNDA:0,(anonymous_2)
FNDA:0,(anonymous_3)
FNDA:0,(anonymous_4)
FNDA:0,(anonymous_5)
FNDA:0,(anonymous_6)
DA:9,0
DA:10,0
DA:11,0
DA:13,0
DA:14,0
DA:15,0
DA:16,0
DA:17,0
DA:18,0
DA:20,0
DA:22,0
DA:26,0
DA:28,0
DA:32,0
DA:33,0
DA:40,0
DA:41,0
DA:48,0
DA:52,0
DA:54,0
DA:57,0
DA:66,0
LF:22
LH:0
BRDA:20,0,0,0
BRDA:20,0,1,0
BRDA:32,1,0,0
BRDA:32,1,1,0
BRDA:40,2,0,0
BRDA:40,2,1,0
BRDA:52,3,0,0
BRDA:52,3,1,0
BRF:8
BRH:0
end_of_record
TN:
SF:src/screens/CreateProjectScreen.tsx
FN:36,CreateProjectScreen
FN:84,(anonymous_1)
FN:88,(anonymous_2)
FN:93,(anonymous_3)
FN:129,(anonymous_4)
FN:188,(anonymous_5)
FN:209,(anonymous_6)
FN:217,(anonymous_7)
FN:299,(anonymous_8)
FN:330,(anonymous_9)
FN:361,(anonymous_10)
FN:425,(anonymous_11)
FN:429,(anonymous_12)
FN:485,(anonymous_13)
FN:485,(anonymous_14)
FN:496,(anonymous_15)
FN:496,(anonymous_16)
FN:504,(anonymous_17)
FN:504,(anonymous_18)
FN:512,(anonymous_19)
FN:512,(anonymous_20)
FN:520,(anonymous_21)
FN:520,(anonymous_22)
FN:527,(anonymous_23)
FN:527,(anonymous_24)
FN:536,(anonymous_25)
FN:536,(anonymous_26)
FN:544,(anonymous_27)
FN:544,(anonymous_28)
FN:548,(anonymous_29)
FN:555,(anonymous_30)
FN:556,(anonymous_31)
FN:564,(anonymous_32)
FN:565,(anonymous_33)
FN:598,(anonymous_34)
FN:599,(anonymous_35)
FN:606,(anonymous_36)
FN:628,(anonymous_37)
FN:629,(anonymous_38)
FNF:39
FNH:0
FNDA:0,CreateProjectScreen
FNDA:0,(anonymous_1)
FNDA:0,(anonymous_2)
FNDA:0,(anonymous_3)
FNDA:0,(anonymous_4)
FNDA:0,(anonymous_5)
FNDA:0,(anonymous_6)
FNDA:0,(anonymous_7)
FNDA:0,(anonymous_8)
FNDA:0,(anonymous_9)
FNDA:0,(anonymous_10)
FNDA:0,(anonymous_11)
FNDA:0,(anonymous_12)
FNDA:0,(anonymous_13)
FNDA:0,(anonymous_14)
FNDA:0,(anonymous_15)
FNDA:0,(anonymous_16)
FNDA:0,(anonymous_17)
FNDA:0,(anonymous_18)
FNDA:0,(anonymous_19)
FNDA:0,(anonymous_20)
FNDA:0,(anonymous_21)
FNDA:0,(anonymous_22)
FNDA:0,(anonymous_23)
FNDA:0,(anonymous_24)
FNDA:0,(anonymous_25)
FNDA:0,(anonymous_26)
FNDA:0,(anonymous_27)
FNDA:0,(anonymous_28)
FNDA:0,(anonymous_29)
FNDA:0,(anonymous_30)
FNDA:0,(anonymous_31)
FNDA:0,(anonymous_32)
FNDA:0,(anonymous_33)
FNDA:0,(anonymous_34)
FNDA:0,(anonymous_35)
FNDA:0,(anonymous_36)
FNDA:0,(anonymous_37)
FNDA:0,(anonymous_38)
DA:37,0
DA:38,0
DA:39,0
DA:42,0
DA:43,0
DA:44,0
DA:45,0
DA:46,0
DA:49,0
DA:53,0
DA:64,0
DA:65,0
DA:66,0
DA:73,0
DA:74,0
DA:77,0
DA:78,0
DA:79,0
DA:82,0
DA:83,0
DA:84,0
DA:86,0
DA:88,0
DA:89,0
DA:93,0
DA:94,0
DA:95,0
DA:96,0
DA:97,0
DA:98,0
DA:99,0
DA:102,0
DA:103,0
DA:104,0
DA:105,0
DA:106,0
DA:108,0
DA:109,0
DA:110,0
DA:111,0
DA:112,0
DA:129,0
DA:130,0
DA:131,0
DA:134,0
DA:135,0
DA:136,0
DA:140,0
DA:144,0
DA:149,0
DA:155,0
DA:166,0
DA:170,0
DA:174,0
DA:175,0
DA:177,0
DA:178,0
DA:180,0
DA:188,0
DA:189,0
DA:190,0
DA:191,0
DA:193,0
DA:194,0
DA:195,0
DA:197,0
DA:198,0
DA:199,0
DA:202,0
DA:203,0
DA:204,0
DA:206,0
DA:209,0
DA:210,0
DA:211,0
DA:212,0
DA:214,0
DA:217,0
DA:218,0
DA:221,0
DA:222,0
DA:223,0
DA:224,0
DA:225,0
DA:228,0
DA:229,0
DA:232,0
DA:234,0
DA:236,0
DA:237,0
DA:249,0
DA:261,0
DA:262,0
DA:263,0
DA:264,0
DA:266,0
DA:267,0
DA:273,0
DA:275,0
DA:276,0
DA:277,0
DA:279,0
DA:280,0
DA:281,0
DA:283,0
DA:285,0
DA:289,0
DA:291,0
DA:300,0
DA:302,0
DA:310,0
DA:317,0
DA:319,0
DA:320,0
DA:321,0
DA:322,0
DA:325,0
DA:326,0
DA:327,0
DA:328,0
DA:330,0
DA:331,0
DA:332,0
DA:333,0
DA:334,0
DA:335,0
DA:336,0
DA:338,0
DA:339,0
DA:342,0
DA:344,0
DA:348,0
DA:361,0
DA:425,0
DA:429,0
DA:485,0
DA:496,0
DA:504,0
DA:512,0
DA:520,0
DA:527,0
DA:536,0
DA:544,0
DA:548,0
DA:555,0
DA:556,0
DA:564,0
DA:567,0
DA:568,0
DA:569,0
DA:570,0
DA:598,0
DA:601,0
DA:602,0
DA:606,0
DA:618,0
DA:619,0
DA:620,0
DA:628,0
DA:630,0
DA:631,0
DA:634,0
DA:635,0
DA:636,0
DA:637,0
DA:638,0
DA:649,0
DA:651,0
DA:652,0
DA:655,0
DA:663,0
LF:171
LH:0
BRDA:39,0,0,0
BRDA:39,0,1,0
BRDA:46,1,0,0
BRDA:46,1,1,0
BRDA:94,2,0,0
BRDA:94,2,1,0
BRDA:95,3,0,0
BRDA:95,3,1,0
BRDA:96,4,0,0
BRDA:96,4,1,0
BRDA:97,5,0,0
BRDA:97,5,1,0
BRDA:98,6,0,0
BRDA:98,6,1,0
BRDA:99,7,0,0
BRDA:99,7,1,0
BRDA:102,8,0,0
BRDA:102,8,1,0
BRDA:103,9,0,0
BRDA:103,9,1,0
BRDA:105,10,0,0
BRDA:105,10,1,0
BRDA:108,11,0,0
BRDA:108,11,1,0
BRDA:110,12,0,0
BRDA:110,12,1,0
BRDA:110,13,0,0
BRDA:110,13,1,0
BRDA:111,14,0,0
BRDA:111,14,1,0
BRDA:113,15,0,0
BRDA:113,15,1,0
BRDA:114,16,0,0
BRDA:114,16,1,0
BRDA:115,17,0,0
BRDA:115,17,1,0
BRDA:116,18,0,0
BRDA:116,18,1,0
BRDA:117,19,0,0
BRDA:117,19,1,0
BRDA:118,20,0,0
BRDA:118,20,1,0
BRDA:119,21,0,0
BRDA:119,21,1,0
BRDA:120,22,0,0
BRDA:120,22,1,0
BRDA:121,23,0,0
BRDA:121,23,1,0
BRDA:135,24,0,0
BRDA:135,24,1,0
BRDA:155,25,0,0
BRDA:155,25,1,0
BRDA:156,26,0,0
BRDA:156,26,1,0
BRDA:157,27,0,0
BRDA:157,27,1,0
BRDA:158,28,0,0
BRDA:158,28,1,0
BRDA:159,29,0,0
BRDA:159,29,1,0
BRDA:159,29,2,0
BRDA:160,30,0,0
BRDA:160,30,1,0
BRDA:161,31,0,0
BRDA:161,31,1,0
BRDA:162,32,0,0
BRDA:162,32,1,0
BRDA:166,33,0,0
BRDA:166,33,1,0
BRDA:167,34,0,0
BRDA:167,34,1,0
BRDA:167,35,0,0
BRDA:167,35,1,0
BRDA:167,36,0,0
BRDA:167,36,1,0
BRDA:167,37,0,0
BRDA:167,37,1,0
BRDA:167,37,2,0
BRDA:167,38,0,0
BRDA:167,38,1,0
BRDA:167,39,0,0
BRDA:167,39,1,0
BRDA:167,40,0,0
BRDA:167,40,1,0
BRDA:189,41,0,0
BRDA:189,41,1,0
BRDA:193,42,0,0
BRDA:193,42,1,0
BRDA:197,43,0,0
BRDA:197,43,1,0
BRDA:202,44,0,0
BRDA:202,44,1,0
BRDA:202,45,0,0
BRDA:202,45,1,0
BRDA:210,46,0,0
BRDA:210,46,1,0
BRDA:210,47,0,0
BRDA:210,47,1,0
BRDA:218,48,0,0
BRDA:218,48,1,0
BRDA:222,49,0,0
BRDA:222,49,1,0
BRDA:234,50,0,0
BRDA:234,50,1,0
BRDA:239,51,0,0
BRDA:239,51,1,0
BRDA:240,52,0,0
BRDA:240,52,1,0
BRDA:241,53,0,0
BRDA:241,53,1,0
BRDA:242,54,0,0
BRDA:242,54,1,0
BRDA:243,55,0,0
BRDA:243,55,1,0
BRDA:244,56,0,0
BRDA:244,56,1,0
BRDA:252,57,0,0
BRDA:252,57,1,0
BRDA:252,58,0,0
BRDA:252,58,1,0
BRDA:263,59,0,0
BRDA:263,59,1,0
BRDA:263,60,0,0
BRDA:263,60,1,0
BRDA:266,61,0,0
BRDA:266,61,1,0
BRDA:266,62,0,0
BRDA:266,62,1,0
BRDA:273,63,0,0
BRDA:273,63,1,0
BRDA:275,64,0,0
BRDA:275,64,1,0
BRDA:276,65,0,0
BRDA:276,65,1,0
BRDA:279,66,0,0
BRDA:279,66,1,0
BRDA:289,67,0,0
BRDA:289,67,1,0
BRDA:289,67,2,0
BRDA:292,68,0,0
BRDA:292,68,1,0
BRDA:293,69,0,0
BRDA:293,69,1,0
BRDA:300,70,0,0
BRDA:300,70,1,0
BRDA:306,71,0,0
BRDA:306,71,1,0
BRDA:306,71,2,0
BRDA:319,72,0,0
BRDA:319,72,1,0
BRDA:326,73,0,0
BRDA:326,73,1,0
BRDA:326,74,0,0
BRDA:326,74,1,0
BRDA:328,75,0,0
BRDA:328,75,1,0
BRDA:330,76,0,0
BRDA:330,76,1,0
BRDA:330,76,2,0
BRDA:331,77,0,0
BRDA:331,77,1,0
BRDA:333,78,0,0
BRDA:333,78,1,0
BRDA:333,79,0,0
BRDA:333,79,1,0
BRDA:335,80,0,0
BRDA:335,80,1,0
BRDA:335,81,0,0
BRDA:335,81,1,0
BRDA:338,82,0,0
BRDA:338,82,1,0
BRDA:352,83,0,0
BRDA:352,83,1,0
BRDA:365,84,0,0
BRDA:365,84,1,0
BRDA:428,85,0,0
BRDA:428,85,1,0
BRDA:452,86,0,0
BRDA:452,86,1,0
BRDA:452,86,2,0
BRDA:454,87,0,0
BRDA:454,87,1,0
BRDA:455,88,0,0
BRDA:455,88,1,0
BRDA:459,89,0,0
BRDA:459,89,1,0
BRDA:464,90,0,0
BRDA:464,90,1,0
BRDA:478,91,0,0
BRDA:478,91,1,0
BRDA:478,91,2,0
BRDA:484,92,0,0
BRDA:484,92,1,0
BRDA:495,93,0,0
BRDA:495,93,1,0
BRDA:503,94,0,0
BRDA:503,94,1,0
BRDA:511,95,0,0
BRDA:511,95,1,0
BRDA:519,96,0,0
BRDA:519,96,1,0
BRDA:526,97,0,0
BRDA:526,97,1,0
BRDA:535,98,0,0
BRDA:535,98,1,0
BRDA:543,99,0,0
BRDA:543,99,1,0
BRDA:568,100,0,0
BRDA:568,100,1,0
BRDA:568,101,0,0
BRDA:568,101,1,0
BRDA:568,102,0,0
BRDA:568,102,1,0
BRDA:568,103,0,0
BRDA:568,103,1,0
BRDA:568,104,0,0
BRDA:568,104,1,0
BRDA:568,105,0,0
BRDA:568,105,1,0
BRDA:588,106,0,0
BRDA:588,106,1,0
BRDA:601,107,0,0
BRDA:601,107,1,0
BRDA:601,108,0,0
BRDA:601,108,1,0
BRDA:607,109,0,0
BRDA:607,109,1,0
BRDA:607,109,2,0
BRDA:607,109,3,0
BRDA:607,109,4,0
BRDA:608,110,0,0
BRDA:608,110,1,0
BRDA:608,110,2,0
BRDA:609,111,0,0
BRDA:609,111,1,0
BRDA:609,111,2,0
BRDA:610,112,0,0
BRDA:610,112,1,0
BRDA:610,112,2,0
BRDA:611,113,0,0
BRDA:611,113,1,0
BRDA:611,113,2,0
BRDA:611,113,3,0
BRDA:612,114,0,0
BRDA:612,114,1,0
BRDA:612,114,2,0
BRDA:613,115,0,0
BRDA:613,115,1,0
BRDA:613,115,2,0
BRDA:614,116,0,0
BRDA:614,116,1,0
BRDA:614,116,2,0
BRDA:615,117,0,0
BRDA:615,117,1,0
BRDA:618,118,0,0
BRDA:618,118,1,0
BRDA:618,118,2,0
BRDA:618,118,3,0
BRDA:627,119,0,0
BRDA:627,119,1,0
BRDA:636,120,0,0
BRDA:636,120,1,0
BRDA:639,121,0,0
BRDA:639,121,1,0
BRDA:639,121,2,0
BRDA:640,122,0,0
BRDA:640,122,1,0
BRDA:641,123,0,0
BRDA:641,123,1,0
BRDA:643,124,0,0
BRDA:643,124,1,0
BRDA:643,124,2,0
BRDA:644,125,0,0
BRDA:644,125,1,0
BRDA:645,126,0,0
BRDA:645,126,1,0
BRDA:646,127,0,0
BRDA:646,127,1,0
BRDA:649,128,0,0
BRDA:649,128,1,0
BRDA:649,129,0,0
BRDA:649,129,1,0
BRF:282
BRH:0
end_of_record
TN:
SF:src/screens/EditProjectScreen.tsx
FN:29,EditProjectScreen
FN:79,(anonymous_1)
FN:115,(anonymous_2)
FN:136,(anonymous_3)
FN:144,(anonymous_4)
FN:208,(anonymous_5)
FN:228,(anonymous_6)
FN:259,(anonymous_7)
FN:323,(anonymous_8)
FN:327,(anonymous_9)
FN:383,(anonymous_10)
FN:383,(anonymous_11)
FN:394,(anonymous_12)
FN:394,(anonymous_13)
FN:402,(anonymous_14)
FN:402,(anonymous_15)
FN:410,(anonymous_16)
FN:410,(anonymous_17)
FN:418,(anonymous_18)
FN:418,(anonymous_19)
FN:425,(anonymous_20)
FN:425,(anonymous_21)
FN:434,(anonymous_22)
FN:434,(anonymous_23)
FN:442,(anonymous_24)
FN:442,(anonymous_25)
FN:446,(anonymous_26)
FN:453,(anonymous_27)
FN:454,(anonymous_28)
FN:462,(anonymous_29)
FN:463,(anonymous_30)
FN:496,(anonymous_31)
FN:497,(anonymous_32)
FN:504,(anonymous_33)
FN:526,(anonymous_34)
FN:527,(anonymous_35)
FNF:36
FNH:0
FNDA:0,EditProjectScreen
FNDA:0,(anonymous_1)
FNDA:0,(anonymous_2)
FNDA:0,(anonymous_3)
FNDA:0,(anonymous_4)
FNDA:0,(anonymous_5)
FNDA:0,(anonymous_6)
FNDA:0,(anonymous_7)
FNDA:0,(anonymous_8)
FNDA:0,(anonymous_9)
FNDA:0,(anonymous_10)
FNDA:0,(anonymous_11)
FNDA:0,(anonymous_12)
FNDA:0,(anonymous_13)
FNDA:0,(anonymous_14)
FNDA:0,(anonymous_15)
FNDA:0,(anonymous_16)
FNDA:0,(anonymous_17)
FNDA:0,(anonymous_18)
FNDA:0,(anonymous_19)
FNDA:0,(anonymous_20)
FNDA:0,(anonymous_21)
FNDA:0,(anonymous_22)
FNDA:0,(anonymous_23)
FNDA:0,(anonymous_24)
FNDA:0,(anonymous_25)
FNDA:0,(anonymous_26)
FNDA:0,(anonymous_27)
FNDA:0,(anonymous_28)
FNDA:0,(anonymous_29)
FNDA:0,(anonymous_30)
FNDA:0,(anonymous_31)
FNDA:0,(anonymous_32)
FNDA:0,(anonymous_33)
FNDA:0,(anonymous_34)
FNDA:0,(anonymous_35)
DA:30,0
DA:31,0
DA:32,0
DA:35,0
DA:36,0
DA:37,0
DA:38,0
DA:39,0
DA:42,0
DA:46,0
DA:57,0
DA:58,0
DA:59,0
DA:66,0
DA:67,0
DA:70,0
DA:71,0
DA:72,0
DA:75,0
DA:76,0
DA:79,0
DA:80,0
DA:81,0
DA:82,0
DA:83,0
DA:84,0
DA:85,0
DA:88,0
DA:89,0
DA:90,0
DA:91,0
DA:92,0
DA:94,0
DA:95,0
DA:96,0
DA:97,0
DA:98,0
DA:115,0
DA:116,0
DA:117,0
DA:118,0
DA:120,0
DA:121,0
DA:122,0
DA:124,0
DA:125,0
DA:126,0
DA:129,0
DA:130,0
DA:131,0
DA:133,0
DA:136,0
DA:137,0
DA:138,0
DA:139,0
DA:141,0
DA:144,0
DA:145,0
DA:148,0
DA:149,0
DA:150,0
DA:151,0
DA:152,0
DA:155,0
DA:156,0
DA:159,0
DA:161,0
DA:163,0
DA:164,0
DA:176,0
DA:185,0
DA:186,0
DA:187,0
DA:188,0
DA:190,0
DA:191,0
DA:195,0
DA:196,0
DA:197,0
DA:198,0
DA:200,0
DA:202,0
DA:209,0
DA:215,0
DA:217,0
DA:218,0
DA:219,0
DA:220,0
DA:223,0
DA:224,0
DA:225,0
DA:226,0
DA:228,0
DA:229,0
DA:230,0
DA:231,0
DA:232,0
DA:233,0
DA:234,0
DA:236,0
DA:237,0
DA:240,0
DA:242,0
DA:246,0
DA:259,0
DA:323,0
DA:327,0
DA:383,0
DA:394,0
DA:402,0
DA:410,0
DA:418,0
DA:425,0
DA:434,0
DA:442,0
DA:446,0
DA:453,0
DA:454,0
DA:462,0
DA:465,0
DA:466,0
DA:467,0
DA:468,0
DA:496,0
DA:499,0
DA:500,0
DA:504,0
DA:516,0
DA:517,0
DA:518,0
DA:526,0
DA:528,0
DA:529,0
DA:532,0
DA:533,0
DA:534,0
DA:535,0
DA:536,0
DA:547,0
DA:549,0
DA:550,0
DA:553,0
DA:561,0
LF:143
LH:0
BRDA:80,0,0,0
BRDA:80,0,1,0
BRDA:81,1,0,0
BRDA:81,1,1,0
BRDA:82,2,0,0
BRDA:82,2,1,0
BRDA:83,3,0,0
BRDA:83,3,1,0
BRDA:84,4,0,0
BRDA:84,4,1,0
BRDA:85,5,0,0
BRDA:85,5,1,0
BRDA:88,6,0,0
BRDA:88,6,1,0
BRDA:89,7,0,0
BRDA:89,7,1,0
BRDA:91,8,0,0
BRDA:91,8,1,0
BRDA:94,9,0,0
BRDA:94,9,1,0
BRDA:96,10,0,0
BRDA:96,10,1,0
BRDA:96,11,0,0
BRDA:96,11,1,0
BRDA:97,12,0,0
BRDA:97,12,1,0
BRDA:99,13,0,0
BRDA:99,13,1,0
BRDA:100,14,0,0
BRDA:100,14,1,0
BRDA:101,15,0,0
BRDA:101,15,1,0
BRDA:102,16,0,0
BRDA:102,16,1,0
BRDA:103,17,0,0
BRDA:103,17,1,0
BRDA:104,18,0,0
BRDA:104,18,1,0
BRDA:105,19,0,0
BRDA:105,19,1,0
BRDA:106,20,0,0
BRDA:106,20,1,0
BRDA:107,21,0,0
BRDA:107,21,1,0
BRDA:116,22,0,0
BRDA:116,22,1,0
BRDA:120,23,0,0
BRDA:120,23,1,0
BRDA:124,24,0,0
BRDA:124,24,1,0
BRDA:129,25,0,0
BRDA:129,25,1,0
BRDA:129,26,0,0
BRDA:129,26,1,0
BRDA:137,27,0,0
BRDA:137,27,1,0
BRDA:137,28,0,0
BRDA:137,28,1,0
BRDA:145,29,0,0
BRDA:145,29,1,0
BRDA:149,30,0,0
BRDA:149,30,1,0
BRDA:161,31,0,0
BRDA:161,31,1,0
BRDA:166,32,0,0
BRDA:166,32,1,0
BRDA:167,33,0,0
BRDA:167,33,1,0
BRDA:168,34,0,0
BRDA:168,34,1,0
BRDA:169,35,0,0
BRDA:169,35,1,0
BRDA:170,36,0,0
BRDA:170,36,1,0
BRDA:171,37,0,0
BRDA:171,37,1,0
BRDA:179,38,0,0
BRDA:179,38,1,0
BRDA:187,39,0,0
BRDA:187,39,1,0
BRDA:187,40,0,0
BRDA:187,40,1,0
BRDA:190,41,0,0
BRDA:190,41,1,0
BRDA:190,42,0,0
BRDA:190,42,1,0
BRDA:195,43,0,0
BRDA:195,43,1,0
BRDA:196,44,0,0
BRDA:196,44,1,0
BRDA:217,45,0,0
BRDA:217,45,1,0
BRDA:224,46,0,0
BRDA:224,46,1,0
BRDA:224,47,0,0
BRDA:224,47,1,0
BRDA:226,48,0,0
BRDA:226,48,1,0
BRDA:228,49,0,0
BRDA:228,49,1,0
BRDA:228,49,2,0
BRDA:229,50,0,0
BRDA:229,50,1,0
BRDA:231,51,0,0
BRDA:231,51,1,0
BRDA:231,52,0,0
BRDA:231,52,1,0
BRDA:233,53,0,0
BRDA:233,53,1,0
BRDA:233,54,0,0
BRDA:233,54,1,0
BRDA:236,55,0,0
BRDA:236,55,1,0
BRDA:250,56,0,0
BRDA:250,56,1,0
BRDA:265,57,0,0
BRDA:265,57,1,0
BRDA:326,58,0,0
BRDA:326,58,1,0
BRDA:350,59,0,0
BRDA:350,59,1,0
BRDA:350,59,2,0
BRDA:352,60,0,0
BRDA:352,60,1,0
BRDA:353,61,0,0
BRDA:353,61,1,0
BRDA:357,62,0,0
BRDA:357,62,1,0
BRDA:362,63,0,0
BRDA:362,63,1,0
BRDA:376,64,0,0
BRDA:376,64,1,0
BRDA:376,64,2,0
BRDA:382,65,0,0
BRDA:382,65,1,0
BRDA:393,66,0,0
BRDA:393,66,1,0
BRDA:401,67,0,0
BRDA:401,67,1,0
BRDA:409,68,0,0
BRDA:409,68,1,0
BRDA:417,69,0,0
BRDA:417,69,1,0
BRDA:424,70,0,0
BRDA:424,70,1,0
BRDA:433,71,0,0
BRDA:433,71,1,0
BRDA:441,72,0,0
BRDA:441,72,1,0
BRDA:466,73,0,0
BRDA:466,73,1,0
BRDA:466,74,0,0
BRDA:466,74,1,0
BRDA:466,75,0,0
BRDA:466,75,1,0
BRDA:466,76,0,0
BRDA:466,76,1,0
BRDA:466,77,0,0
BRDA:466,77,1,0
BRDA:466,78,0,0
BRDA:466,78,1,0
BRDA:499,79,0,0
BRDA:499,79,1,0
BRDA:499,80,0,0
BRDA:499,80,1,0
BRDA:505,81,0,0
BRDA:505,81,1,0
BRDA:505,81,2,0
BRDA:505,81,3,0
BRDA:505,81,4,0
BRDA:506,82,0,0
BRDA:506,82,1,0
BRDA:506,82,2,0
BRDA:507,83,0,0
BRDA:507,83,1,0
BRDA:507,83,2,0
BRDA:508,84,0,0
BRDA:508,84,1,0
BRDA:508,84,2,0
BRDA:509,85,0,0
BRDA:509,85,1,0
BRDA:509,85,2,0
BRDA:509,85,3,0
BRDA:510,86,0,0
BRDA:510,86,1,0
BRDA:510,86,2,0
BRDA:511,87,0,0
BRDA:511,87,1,0
BRDA:511,87,2,0
BRDA:512,88,0,0
BRDA:512,88,1,0
BRDA:512,88,2,0
BRDA:513,89,0,0
BRDA:513,89,1,0
BRDA:516,90,0,0
BRDA:516,90,1,0
BRDA:516,90,2,0
BRDA:516,90,3,0
BRDA:525,91,0,0
BRDA:525,91,1,0
BRDA:534,92,0,0
BRDA:534,92,1,0
BRDA:537,93,0,0
BRDA:537,93,1,0
BRDA:537,93,2,0
BRDA:538,94,0,0
BRDA:538,94,1,0
BRDA:539,95,0,0
BRDA:539,95,1,0
BRDA:541,96,0,0
BRDA:541,96,1,0
BRDA:541,96,2,0
BRDA:542,97,0,0
BRDA:542,97,1,0
BRDA:543,98,0,0
BRDA:543,98,1,0
BRDA:544,99,0,0
BRDA:544,99,1,0
BRDA:547,100,0,0
BRDA:547,100,1,0
BRDA:547,101,0,0
BRDA:547,101,1,0
BRF:222
BRH:0
end_of_record
TN:
SF:src/screens/LoginScreen.tsx
FN:16,LoginScreen
FN:18,(anonymous_1)
FN:19,(anonymous_2)
FN:20,(anonymous_3)
FN:36,(anonymous_4)
FN:37,(anonymous_5)
FN:47,(anonymous_6)
FN:100,(anonymous_7)
FN:139,(anonymous_8)
FN:149,(anonymous_9)
FN:236,(anonymous_10)
FN:290,(anonymous_11)
FN:345,(anonymous_12)
FN:355,(anonymous_13)
FN:360,(anonymous_14)
FN:368,(anonymous_15)
FN:370,(anonymous_16)
FN:435,(anonymous_17)
FN:439,(anonymous_18)
FN:443,(anonymous_19)
FN:444,(anonymous_20)
FN:445,(anonymous_21)
FN:472,(anonymous_22)
FNF:23
FNH:0
FNDA:0,LoginScreen
FNDA:0,(anonymous_1)
FNDA:0,(anonymous_2)
FNDA:0,(anonymous_3)
FNDA:0,(anonymous_4)
FNDA:0,(anonymous_5)
FNDA:0,(anonymous_6)
FNDA:0,(anonymous_7)
FNDA:0,(anonymous_8)
FNDA:0,(anonymous_9)
FNDA:0,(anonymous_10)
FNDA:0,(anonymous_11)
FNDA:0,(anonymous_12)
FNDA:0,(anonymous_13)
FNDA:0,(anonymous_14)
FNDA:0,(anonymous_15)
FNDA:0,(anonymous_16)
FNDA:0,(anonymous_17)
FNDA:0,(anonymous_18)
FNDA:0,(anonymous_19)
FNDA:0,(anonymous_20)
FNDA:0,(anonymous_21)
FNDA:0,(anonymous_22)
DA:17,0
DA:18,0
DA:19,0
DA:20,0
DA:22,0
DA:23,0
DA:24,0
DA:25,0
DA:26,0
DA:27,0
DA:28,0
DA:29,0
DA:30,0
DA:31,0
DA:34,0
DA:36,0
DA:37,0
DA:38,0
DA:39,0
DA:40,0
DA:45,0
DA:47,0
DA:48,0
DA:49,0
DA:51,0
DA:52,0
DA:53,0
DA:54,0
DA:55,0
DA:58,0
DA:59,0
DA:60,0
DA:61,0
DA:65,0
DA:66,0
DA:69,0
DA:70,0
DA:72,0
DA:73,0
DA:74,0
DA:76,0
DA:77,0
DA:79,0
DA:81,0
DA:82,0
DA:83,0
DA:86,0
DA:88,0
DA:92,0
DA:97,0
DA:100,0
DA:101,0
DA:102,0
DA:103,0
DA:104,0
DA:105,0
DA:107,0
DA:108,0
DA:109,0
DA:111,0
DA:112,0
DA:113,0
DA:114,0
DA:115,0
DA:117,0
DA:120,0
DA:122,0
DA:123,0
DA:124,0
DA:125,0
DA:127,0
DA:128,0
DA:129,0
DA:130,0
DA:133,0
DA:136,0
DA:139,0
DA:140,0
DA:141,0
DA:145,0
DA:149,0
DA:151,0
DA:152,0
DA:153,0
DA:156,0
DA:158,0
DA:159,0
DA:161,0
DA:162,0
DA:163,0
DA:165,0
DA:166,0
DA:168,0
DA:169,0
DA:170,0
DA:172,0
DA:176,0
DA:177,0
DA:178,0
DA:179,0
DA:182,0
DA:183,0
DA:186,0
DA:188,0
DA:189,0
DA:190,0
DA:191,0
DA:193,0
DA:194,0
DA:195,0
DA:196,0
DA:197,0
DA:201,0
DA:202,0
DA:203,0
DA:204,0
DA:207,0
DA:208,0
DA:209,0
DA:210,0
DA:213,0
DA:216,0
DA:217,0
DA:219,0
DA:221,0
DA:222,0
DA:223,0
DA:225,0
DA:229,0
DA:230,0
DA:232,0
DA:236,0
DA:237,0
DA:238,0
DA:239,0
DA:241,0
DA:242,0
DA:243,0
DA:244,0
DA:246,0
DA:247,0
DA:250,0
DA:251,0
DA:253,0
DA:254,0
DA:255,0
DA:257,0
DA:258,0
DA:259,0
DA:262,0
DA:264,0
DA:265,0
DA:266,0
DA:267,0
DA:269,0
DA:270,0
DA:275,0
DA:276,0
DA:279,0
DA:283,0
DA:285,0
DA:286,0
DA:287,0
DA:290,0
DA:293,0
DA:294,0
DA:295,0
DA:296,0
DA:299,0
DA:302,0
DA:304,0
DA:305,0
DA:307,0
DA:311,0
DA:345,0
DA:355,0
DA:360,0
DA:368,0
DA:370,0
DA:436,0
DA:437,0
DA:440,0
DA:441,0
DA:443,0
DA:444,0
DA:446,0
DA:472,0
DA:485,0
LF:188
LH:0
BRDA:38,0,0,0
BRDA:38,0,1,0
BRDA:49,1,0,0
BRDA:49,1,1,0
BRDA:51,2,0,0
BRDA:51,2,1,0
BRDA:58,3,0,0
BRDA:58,3,1,0
BRDA:58,4,0,0
BRDA:58,4,1,0
BRDA:65,5,0,0
BRDA:65,5,1,0
BRDA:76,6,0,0
BRDA:76,6,1,0
BRDA:79,7,0,0
BRDA:79,7,1,0
BRDA:81,8,0,0
BRDA:81,8,1,0
BRDA:81,9,0,0
BRDA:81,9,1,0
BRDA:81,10,0,0
BRDA:81,10,1,0
BRDA:81,11,0,0
BRDA:81,11,1,0
BRDA:92,12,0,0
BRDA:92,12,1,0
BRDA:94,13,0,0
BRDA:94,13,1,0
BRDA:109,14,0,0
BRDA:109,14,1,0
BRDA:111,15,0,0
BRDA:111,15,1,0
BRDA:111,16,0,0
BRDA:111,16,1,0
BRDA:111,16,2,0
BRDA:114,17,0,0
BRDA:114,17,1,0
BRDA:122,18,0,0
BRDA:122,18,1,0
BRDA:151,19,0,0
BRDA:151,19,1,0
BRDA:161,20,0,0
BRDA:161,20,1,0
BRDA:161,21,0,0
BRDA:161,21,1,0
BRDA:165,22,0,0
BRDA:165,22,1,0
BRDA:165,23,0,0
BRDA:165,23,1,0
BRDA:168,24,0,0
BRDA:168,24,1,0
BRDA:169,25,0,0
BRDA:169,25,1,0
BRDA:169,26,0,0
BRDA:169,26,1,0
BRDA:169,26,2,0
BRDA:169,26,3,0
BRDA:177,27,0,0
BRDA:177,27,1,0
BRDA:177,28,0,0
BRDA:177,28,1,0
BRDA:177,28,2,0
BRDA:182,29,0,0
BRDA:182,29,1,0
BRDA:182,30,0,0
BRDA:182,30,1,0
BRDA:188,31,0,0
BRDA:188,31,1,0
BRDA:188,32,0,0
BRDA:188,32,1,0
BRDA:193,33,0,0
BRDA:193,33,1,0
BRDA:193,34,0,0
BRDA:193,34,1,0
BRDA:195,35,0,0
BRDA:195,35,1,0
BRDA:195,36,0,0
BRDA:195,36,1,0
BRDA:196,37,0,0
BRDA:196,37,1,0
BRDA:197,38,0,0
BRDA:197,38,1,0
BRDA:203,39,0,0
BRDA:203,39,1,0
BRDA:209,40,0,0
BRDA:209,40,1,0
BRDA:222,41,0,0
BRDA:222,41,1,0
BRDA:222,42,0,0
BRDA:222,42,1,0
BRDA:230,43,0,0
BRDA:230,43,1,0
BRDA:246,44,0,0
BRDA:246,44,1,0
BRDA:254,45,0,0
BRDA:254,45,1,0
BRDA:255,46,0,0
BRDA:255,46,1,0
BRDA:258,47,0,0
BRDA:258,47,1,0
BRDA:259,48,0,0
BRDA:259,48,1,0
BRDA:262,49,0,0
BRDA:262,49,1,0
BRDA:262,50,0,0
BRDA:262,50,1,0
BRDA:262,50,2,0
BRDA:264,51,0,0
BRDA:264,51,1,0
BRDA:264,51,2,0
BRDA:264,51,3,0
BRDA:264,51,4,0
BRDA:265,52,0,0
BRDA:265,52,1,0
BRDA:267,53,0,0
BRDA:267,53,1,0
BRDA:275,54,0,0
BRDA:275,54,1,0
BRDA:286,55,0,0
BRDA:286,55,1,0
BRDA:287,56,0,0
BRDA:287,56,1,0
BRDA:295,57,0,0
BRDA:295,57,1,0
BRDA:305,58,0,0
BRDA:305,58,1,0
BRDA:319,59,0,0
BRDA:319,59,1,0
BRDA:345,60,0,0
BRDA:345,60,1,0
BRDA:348,61,0,0
BRDA:348,61,1,0
BRDA:363,62,0,0
BRDA:363,62,1,0
BRDA:363,63,0,0
BRDA:363,63,1,0
BRDA:363,63,2,0
BRDA:365,64,0,0
BRDA:365,64,1,0
BRDA:369,65,0,0
BRDA:369,65,1,0
BRDA:377,66,0,0
BRDA:377,66,1,0
BRF:143
BRH:0
end_of_record
TN:
SF:src/screens/ProfileSelectionScreen.tsx
FN:10,ProfileSelectionScreen
FN:12,(anonymous_1)
FN:14,(anonymous_2)
FN:63,(anonymous_3)
FN:80,(anonymous_4)
FNF:5
FNH:0
FNDA:0,ProfileSelectionScreen
FNDA:0,(anonymous_1)
FNDA:0,(anonymous_2)
FNDA:0,(anonymous_3)
FNDA:0,(anonymous_4)
DA:11,0
DA:12,0
DA:14,0
DA:15,0
DA:18,0
DA:19,0
DA:21,0
DA:23,0
DA:24,0
DA:25,0
DA:27,0
DA:28,0
DA:31,0
DA:36,0
DA:37,0
DA:40,0
DA:63,0
DA:80,0
DA:102,0
LF:19
LH:0
BRDA:18,0,0,0
BRDA:18,0,1,0
BRDA:19,1,0,0
BRDA:19,1,1,0
BRDA:25,2,0,0
BRDA:25,2,1,0
BRDA:36,3,0,0
BRDA:36,3,1,0
BRDA:48,4,0,0
BRDA:48,4,1,0
BRF:10
BRH:0
end_of_record
TN:
SF:src/screens/ProjectClientDetailScreen.tsx
FN:17,(anonymous_0)
FN:30,(anonymous_1)
FN:32,(anonymous_2)
FN:46,(anonymous_3)
FN:49,(anonymous_4)
FN:50,(anonymous_5)
FN:52,(anonymous_6)
FN:54,(anonymous_7)
FN:62,(anonymous_8)
FN:64,(anonymous_9)
FN:98,(anonymous_10)
FN:121,(anonymous_11)
FN:134,(anonymous_12)
FN:147,(anonymous_13)
FN:152,(anonymous_14)
FN:157,(anonymous_15)
FN:162,(anonymous_16)
FN:276,(anonymous_17)
FN:296,(anonymous_18)
FN:343,(anonymous_19)
FN:361,(anonymous_20)
FNF:21
FNH:0
FNDA:0,(anonymous_0)
FNDA:0,(anonymous_1)
FNDA:0,(anonymous_2)
FNDA:0,(anonymous_3)
FNDA:0,(anonymous_4)
FNDA:0,(anonymous_5)
FNDA:0,(anonymous_6)
FNDA:0,(anonymous_7)
FNDA:0,(anonymous_8)
FNDA:0,(anonymous_9)
FNDA:0,(anonymous_10)
FNDA:0,(anonymous_11)
FNDA:0,(anonymous_12)
FNDA:0,(anonymous_13)
FNDA:0,(anonymous_14)
FNDA:0,(anonymous_15)
FNDA:0,(anonymous_16)
FNDA:0,(anonymous_17)
FNDA:0,(anonymous_18)
FNDA:0,(anonymous_19)
FNDA:0,(anonymous_20)
DA:17,0
DA:18,0
DA:19,0
DA:20,0
DA:21,0
DA:22,0
DA:24,0
DA:25,0
DA:26,0
DA:28,0
DA:30,0
DA:31,0
DA:32,0
DA:33,0
DA:34,0
DA:35,0
DA:36,0
DA:37,0
DA:39,0
DA:41,0
DA:45,0
DA:46,0
DA:49,0
DA:50,0
DA:51,0
DA:52,0
DA:53,0
DA:55,0
DA:59,0
DA:62,0
DA:63,0
DA:64,0
DA:65,0
DA:68,0
DA:70,0
DA:72,0
DA:73,0
DA:75,0
DA:78,0
DA:80,0
DA:81,0
DA:83,0
DA:86,0
DA:88,0
DA:89,0
DA:90,0
DA:92,0
DA:97,0
DA:98,0
DA:101,0
DA:102,0
DA:109,0
DA:110,0
DA:117,0
DA:121,0
DA:122,0
DA:124,0
DA:126,0
DA:128,0
DA:130,0
DA:134,0
DA:135,0
DA:137,0
DA:139,0
DA:141,0
DA:143,0
DA:147,0
DA:148,0
DA:149,0
DA:152,0
DA:153,0
DA:154,0
DA:157,0
DA:158,0
DA:159,0
DA:162,0
DA:164,0
DA:165,0
DA:166,0
DA:167,0
DA:168,0
DA:171,0
DA:175,0
DA:277,0
DA:297,0
DA:343,0
DA:361,0
DA:369,0
LF:88
LH:0
BRDA:20,0,0,0
BRDA:20,0,1,0
BRDA:24,1,0,0
BRDA:24,1,1,0
BRDA:33,2,0,0
BRDA:33,2,1,0
BRDA:33,3,0,0
BRDA:33,3,1,0
BRDA:37,4,0,0
BRDA:37,4,1,0
BRDA:41,5,0,0
BRDA:41,5,1,0
BRDA:51,6,0,0
BRDA:51,6,1,0
BRDA:65,7,0,0
BRDA:65,7,1,0
BRDA:68,8,0,0
BRDA:68,8,1,0
BRDA:68,8,2,0
BRDA:68,8,3,0
BRDA:70,9,0,0
BRDA:70,9,1,0
BRDA:72,10,0,0
BRDA:72,10,1,0
BRDA:72,11,0,0
BRDA:72,11,1,0
BRDA:73,12,0,0
BRDA:73,12,1,0
BRDA:81,13,0,0
BRDA:81,13,1,0
BRDA:81,14,0,0
BRDA:81,14,1,0
BRDA:83,15,0,0
BRDA:83,15,1,0
BRDA:83,15,2,0
BRDA:83,16,0,0
BRDA:83,16,1,0
BRDA:86,17,0,0
BRDA:86,17,1,0
BRDA:88,18,0,0
BRDA:88,18,1,0
BRDA:89,19,0,0
BRDA:89,19,1,0
BRDA:89,20,0,0
BRDA:89,20,1,0
BRDA:90,21,0,0
BRDA:90,21,1,0
BRDA:90,22,0,0
BRDA:90,22,1,0
BRDA:101,23,0,0
BRDA:101,23,1,0
BRDA:109,24,0,0
BRDA:109,24,1,0
BRDA:117,25,0,0
BRDA:117,25,1,0
BRDA:117,25,2,0
BRDA:118,26,0,0
BRDA:118,26,1,0
BRDA:122,27,0,0
BRDA:122,27,1,0
BRDA:122,27,2,0
BRDA:122,27,3,0
BRDA:135,28,0,0
BRDA:135,28,1,0
BRDA:135,28,2,0
BRDA:135,28,3,0
BRDA:153,29,0,0
BRDA:153,29,1,0
BRDA:158,30,0,0
BRDA:158,30,1,0
BRDA:159,31,0,0
BRDA:159,31,1,0
BRDA:164,32,0,0
BRDA:164,32,1,0
BRDA:204,33,0,0
BRDA:204,33,1,0
BRDA:204,34,0,0
BRDA:204,34,1,0
BRDA:209,35,0,0
BRDA:209,35,1,0
BRDA:211,36,0,0
BRDA:211,36,1,0
BRDA:229,37,0,0
BRDA:229,37,1,0
BRDA:229,38,0,0
BRDA:229,38,1,0
BRDA:239,39,0,0
BRDA:239,39,1,0
BRDA:239,39,2,0
BRDA:243,40,0,0
BRDA:243,40,1,0
BRDA:243,40,2,0
BRDA:248,41,0,0
BRDA:248,41,1,0
BRDA:274,42,0,0
BRDA:274,42,1,0
BRDA:274,43,0,0
BRDA:274,43,1,0
BRDA:278,44,0,0
BRDA:278,44,1,0
BRDA:284,45,0,0
BRDA:284,45,1,0
BRDA:294,46,0,0
BRDA:294,46,1,0
BRDA:294,47,0,0
BRDA:294,47,1,0
BRDA:313,48,0,0
BRDA:313,48,1,0
BRDA:321,49,0,0
BRDA:321,49,1,0
BRDA:328,50,0,0
BRDA:328,50,1,0
BRDA:329,51,0,0
BRDA:329,51,1,0
BRF:114
BRH:0
end_of_record
TN:
SF:src/screens/ProjectProfessionalsDetailScreen.tsx
FN:17,ProjectProfessionalsDetailScreen
FN:37,(anonymous_1)
FN:39,(anonymous_2)
FN:54,(anonymous_3)
FN:58,(anonymous_4)
FN:63,(anonymous_5)
FN:89,(anonymous_6)
FN:112,(anonymous_7)
FN:126,(anonymous_8)
FN:155,(anonymous_9)
FN:177,(anonymous_10)
FN:197,(anonymous_11)
FN:210,(anonymous_12)
FN:219,(anonymous_13)
FN:220,(anonymous_14)
FN:222,(anonymous_15)
FN:222,(anonymous_16)
FN:228,(anonymous_17)
FN:230,(anonymous_18)
FN:257,(anonymous_19)
FN:280,(anonymous_20)
FN:293,(anonymous_21)
FN:306,(anonymous_22)
FN:311,(anonymous_23)
FN:316,(anonymous_24)
FN:464,(anonymous_25)
FN:501,(anonymous_26)
FN:509,(anonymous_27)
FN:513,(anonymous_28)
FNF:29
FNH:0
FNDA:0,ProjectProfessionalsDetailScreen
FNDA:0,(anonymous_1)
FNDA:0,(anonymous_2)
FNDA:0,(anonymous_3)
FNDA:0,(anonymous_4)
FNDA:0,(anonymous_5)
FNDA:0,(anonymous_6)
FNDA:0,(anonymous_7)
FNDA:0,(anonymous_8)
FNDA:0,(anonymous_9)
FNDA:0,(anonymous_10)
FNDA:0,(anonymous_11)
FNDA:0,(anonymous_12)
FNDA:0,(anonymous_13)
FNDA:0,(anonymous_14)
FNDA:0,(anonymous_15)
FNDA:0,(anonymous_16)
FNDA:0,(anonymous_17)
FNDA:0,(anonymous_18)
FNDA:0,(anonymous_19)
FNDA:0,(anonymous_20)
FNDA:0,(anonymous_21)
FNDA:0,(anonymous_22)
FNDA:0,(anonymous_23)
FNDA:0,(anonymous_24)
FNDA:0,(anonymous_25)
FNDA:0,(anonymous_26)
FNDA:0,(anonymous_27)
FNDA:0,(anonymous_28)
DA:18,0
DA:19,0
DA:20,0
DA:21,0
DA:22,0
DA:24,0
DA:25,0
DA:26,0
DA:27,0
DA:28,0
DA:29,0
DA:30,0
DA:31,0
DA:32,0
DA:33,0
DA:35,0
DA:37,0
DA:38,0
DA:39,0
DA:40,0
DA:41,0
DA:42,0
DA:43,0
DA:44,0
DA:46,0
DA:48,0
DA:53,0
DA:54,0
DA:58,0
DA:59,0
DA:60,0
DA:63,0
DA:64,0
DA:65,0
DA:66,0
DA:67,0
DA:70,0
DA:73,0
DA:76,0
DA:77,0
DA:78,0
DA:79,0
DA:82,0
DA:86,0
DA:89,0
DA:90,0
DA:91,0
DA:92,0
DA:93,0
DA:96,0
DA:98,0
DA:99,0
DA:101,0
DA:104,0
DA:105,0
DA:114,0
DA:115,0
DA:120,0
DA:123,0
DA:126,0
DA:127,0
DA:129,0
DA:130,0
DA:131,0
DA:140,0
DA:141,0
DA:142,0
DA:143,0
DA:146,0
DA:149,0
DA:150,0
DA:151,0
DA:155,0
DA:156,0
DA:159,0
DA:161,0
DA:162,0
DA:164,0
DA:165,0
DA:166,0
DA:167,0
DA:168,0
DA:169,0
DA:170,0
DA:178,0
DA:185,0
DA:186,0
DA:188,0
DA:190,0
DA:197,0
DA:202,0
DA:203,0
DA:206,0
DA:210,0
DA:211,0
DA:212,0
DA:213,0
DA:214,0
DA:216,0
DA:219,0
DA:220,0
DA:221,0
DA:222,0
DA:225,0
DA:228,0
DA:229,0
DA:230,0
DA:231,0
DA:232,0
DA:233,0
DA:234,0
DA:235,0
DA:237,0
DA:240,0
DA:241,0
DA:242,0
DA:243,0
DA:246,0
DA:247,0
DA:248,0
DA:249,0
DA:251,0
DA:256,0
DA:257,0
DA:260,0
DA:261,0
DA:268,0
DA:269,0
DA:276,0
DA:280,0
DA:281,0
DA:283,0
DA:285,0
DA:287,0
DA:289,0
DA:293,0
DA:294,0
DA:296,0
DA:298,0
DA:300,0
DA:302,0
DA:306,0
DA:307,0
DA:308,0
DA:311,0
DA:312,0
DA:313,0
DA:316,0
DA:317,0
DA:318,0
DA:322,0
DA:323,0
DA:324,0
DA:325,0
DA:327,0
DA:328,0
DA:330,0
DA:332,0
DA:466,0
DA:467,0
DA:501,0
DA:509,0
DA:513,0
DA:523,0
LF:164
LH:0
BRDA:20,0,0,0
BRDA:20,0,1,0
BRDA:24,1,0,0
BRDA:24,1,1,0
BRDA:40,2,0,0
BRDA:40,2,1,0
BRDA:40,3,0,0
BRDA:40,3,1,0
BRDA:44,4,0,0
BRDA:44,4,1,0
BRDA:48,5,0,0
BRDA:48,5,1,0
BRDA:59,6,0,0
BRDA:59,6,1,0
BRDA:59,7,0,0
BRDA:59,7,1,0
BRDA:59,7,2,0
BRDA:59,7,3,0
BRDA:70,8,0,0
BRDA:70,8,1,0
BRDA:77,9,0,0
BRDA:77,9,1,0
BRDA:90,10,0,0
BRDA:90,10,1,0
BRDA:96,11,0,0
BRDA:96,11,1,0
BRDA:104,12,0,0
BRDA:104,12,1,0
BRDA:127,13,0,0
BRDA:127,13,1,0
BRDA:127,14,0,0
BRDA:127,14,1,0
BRDA:142,15,0,0
BRDA:142,15,1,0
BRDA:161,16,0,0
BRDA:161,16,1,0
BRDA:162,17,0,0
BRDA:162,17,1,0
BRDA:164,18,0,0
BRDA:164,18,1,0
BRDA:164,19,0,0
BRDA:164,19,1,0
BRDA:169,20,0,0
BRDA:169,20,1,0
BRDA:185,21,0,0
BRDA:185,21,1,0
BRDA:188,22,0,0
BRDA:188,22,1,0
BRDA:221,23,0,0
BRDA:221,23,1,0
BRDA:231,24,0,0
BRDA:231,24,1,0
BRDA:232,25,0,0
BRDA:232,25,1,0
BRDA:232,25,2,0
BRDA:232,25,3,0
BRDA:233,26,0,0
BRDA:233,26,1,0
BRDA:234,27,0,0
BRDA:234,27,1,0
BRDA:234,28,0,0
BRDA:234,28,1,0
BRDA:235,29,0,0
BRDA:235,29,1,0
BRDA:242,30,0,0
BRDA:242,30,1,0
BRDA:242,31,0,0
BRDA:242,31,1,0
BRDA:243,32,0,0
BRDA:243,32,1,0
BRDA:243,32,2,0
BRDA:243,33,0,0
BRDA:243,33,1,0
BRDA:246,34,0,0
BRDA:246,34,1,0
BRDA:247,35,0,0
BRDA:247,35,1,0
BRDA:248,36,0,0
BRDA:248,36,1,0
BRDA:248,37,0,0
BRDA:248,37,1,0
BRDA:249,38,0,0
BRDA:249,38,1,0
BRDA:249,39,0,0
BRDA:249,39,1,0
BRDA:260,40,0,0
BRDA:260,40,1,0
BRDA:268,41,0,0
BRDA:268,41,1,0
BRDA:276,42,0,0
BRDA:276,42,1,0
BRDA:276,42,2,0
BRDA:277,43,0,0
BRDA:277,43,1,0
BRDA:281,44,0,0
BRDA:281,44,1,0
BRDA:281,44,2,0
BRDA:281,44,3,0
BRDA:294,45,0,0
BRDA:294,45,1,0
BRDA:294,45,2,0
BRDA:294,45,3,0
BRDA:312,46,0,0
BRDA:312,46,1,0
BRDA:317,47,0,0
BRDA:317,47,1,0
BRDA:318,48,0,0
BRDA:318,48,1,0
BRDA:322,49,0,0
BRDA:322,49,1,0
BRDA:323,50,0,0
BRDA:323,50,1,0
BRDA:323,50,2,0
BRDA:323,50,3,0
BRDA:323,50,4,0
BRDA:323,50,5,0
BRDA:324,51,0,0
BRDA:324,51,1,0
BRDA:324,51,2,0
BRDA:324,51,3,0
BRDA:325,52,0,0
BRDA:325,52,1,0
BRDA:327,53,0,0
BRDA:327,53,1,0
BRDA:327,53,2,0
BRDA:328,54,0,0
BRDA:328,54,1,0
BRDA:328,54,2,0
BRDA:330,55,0,0
BRDA:330,55,1,0
BRDA:330,56,0,0
BRDA:330,56,1,0
BRDA:362,57,0,0
BRDA:362,57,1,0
BRDA:362,58,0,0
BRDA:362,58,1,0
BRDA:367,59,0,0
BRDA:367,59,1,0
BRDA:369,60,0,0
BRDA:369,60,1,0
BRDA:387,61,0,0
BRDA:387,61,1,0
BRDA:387,62,0,0
BRDA:387,62,1,0
BRDA:397,63,0,0
BRDA:397,63,1,0
BRDA:397,64,0,0
BRDA:397,64,1,0
BRDA:397,64,2,0
BRDA:401,65,0,0
BRDA:401,65,1,0
BRDA:406,66,0,0
BRDA:406,66,1,0
BRDA:406,67,0,0
BRDA:406,67,1,0
BRDA:406,67,2,0
BRDA:415,68,0,0
BRDA:415,68,1,0
BRDA:433,69,0,0
BRDA:433,69,1,0
BRDA:438,70,0,0
BRDA:438,70,1,0
BRDA:445,71,0,0
BRDA:445,71,1,0
BRDA:446,72,0,0
BRDA:446,72,1,0
BRDA:456,73,0,0
BRDA:456,73,1,0
BRDA:456,73,2,0
BRDA:456,73,3,0
BRDA:458,74,0,0
BRDA:458,74,1,0
BRDA:460,75,0,0
BRDA:460,75,1,0
BRDA:461,76,0,0
BRDA:461,76,1,0
BRDA:481,77,0,0
BRDA:481,77,1,0
BRF:178
BRH:0
end_of_record
TN:
SF:src/screens/ProjectsListScreen.tsx
FN:10,ProjectsListScreen
FN:12,(anonymous_1)
FN:13,(anonymous_2)
FN:17,(anonymous_3)
FN:20,(anonymous_4)
FN:29,(anonymous_5)
FN:36,(anonymous_6)
FN:37,(anonymous_7)
FN:42,(anonymous_8)
FNF:9
FNH:0
FNDA:0,ProjectsListScreen
FNDA:0,(anonymous_1)
FNDA:0,(anonymous_2)
FNDA:0,(anonymous_3)
FNDA:0,(anonymous_4)
FNDA:0,(anonymous_5)
FNDA:0,(anonymous_6)
FNDA:0,(anonymous_7)
FNDA:0,(anonymous_8)
DA:11,0
DA:12,0
DA:13,0
DA:14,0
DA:15,0
DA:17,0
DA:18,0
DA:20,0
DA:21,0
DA:24,0
DA:29,0
DA:36,0
DA:38,0
DA:43,0
DA:54,0
LF:15
LH:0
BRDA:15,0,0,0
BRDA:15,0,1,0
BRDA:18,1,0,0
BRDA:18,1,1,0
BRDA:18,1,2,0
BRDA:36,2,0,0
BRDA:36,2,1,0
BRDA:39,3,0,0
BRDA:39,3,1,0
BRF:9
BRH:0
end_of_record
TN:
SF:src/screens/SearchResultsScreen.tsx
FN:8,SearchResultsScreen
FN:14,(anonymous_1)
FN:16,(anonymous_2)
FN:23,(anonymous_3)
FN:25,(anonymous_4)
FN:35,(anonymous_5)
FN:38,(anonymous_6)
FN:45,(anonymous_7)
FN:52,(anonymous_8)
FN:64,(anonymous_9)
FN:65,(anonymous_10)
FN:74,(anonymous_11)
FN:80,(anonymous_12)
FNF:13
FNH:0
FNDA:0,SearchResultsScreen
FNDA:0,(anonymous_1)
FNDA:0,(anonymous_2)
FNDA:0,(anonymous_3)
FNDA:0,(anonymous_4)
FNDA:0,(anonymous_5)
FNDA:0,(anonymous_6)
FNDA:0,(anonymous_7)
FNDA:0,(anonymous_8)
FNDA:0,(anonymous_9)
FNDA:0,(anonymous_10)
FNDA:0,(anonymous_11)
FNDA:0,(anonymous_12)
DA:9,0
DA:10,0
DA:11,0
DA:12,0
DA:14,0
DA:15,0
DA:16,0
DA:17,0
DA:18,0
DA:19,0
DA:20,0
DA:21,0
DA:22,0
DA:23,0
DA:24,0
DA:25,0
DA:27,0
DA:30,0
DA:32,0
DA:35,0
DA:38,0
DA:39,0
DA:45,0
DA:46,0
DA:52,0
DA:53,0
DA:56,0
DA:64,0
DA:66,0
DA:74,0
DA:80,0
DA:101,0
LF:32
LH:0
BRDA:20,0,0,0
BRDA:20,0,1,0
BRDA:22,1,0,0
BRDA:22,1,1,0
BRDA:24,2,0,0
BRDA:24,2,1,0
BRDA:32,3,0,0
BRDA:32,3,1,0
BRDA:64,4,0,0
BRDA:64,4,1,0
BRF:10
BRH:0
end_of_record
TN:
SF:src/screens/SignUpScreen.tsx
FN:10,SignUpScreen
FN:13,(anonymous_1)
FN:14,(anonymous_2)
FN:15,(anonymous_3)
FN:16,(anonymous_4)
FN:37,(anonymous_5)
FN:48,(anonymous_6)
FN:58,(anonymous_7)
FN:96,(anonymous_8)
FN:128,(anonymous_9)
FN:174,(anonymous_10)
FN:214,(anonymous_11)
FN:225,(anonymous_12)
FN:237,(anonymous_13)
FN:247,(anonymous_14)
FN:253,(anonymous_15)
FN:262,(anonymous_16)
FN:267,(anonymous_17)
FNF:18
FNH:0
FNDA:0,SignUpScreen
FNDA:0,(anonymous_1)
FNDA:0,(anonymous_2)
FNDA:0,(anonymous_3)
FNDA:0,(anonymous_4)
FNDA:0,(anonymous_5)
FNDA:0,(anonymous_6)
FNDA:0,(anonymous_7)
FNDA:0,(anonymous_8)
FNDA:0,(anonymous_9)
FNDA:0,(anonymous_10)
FNDA:0,(anonymous_11)
FNDA:0,(anonymous_12)
FNDA:0,(anonymous_13)
FNDA:0,(anonymous_14)
FNDA:0,(anonymous_15)
FNDA:0,(anonymous_16)
FNDA:0,(anonymous_17)
DA:11,0
DA:12,0
DA:13,0
DA:14,0
DA:15,0
DA:16,0
DA:19,0
DA:21,0
DA:22,0
DA:23,0
DA:24,0
DA:25,0
DA:28,0
DA:29,0
DA:30,0
DA:31,0
DA:32,0
DA:33,0
DA:34,0
DA:35,0
DA:37,0
DA:38,0
DA:39,0
DA:40,0
DA:45,0
DA:48,0
DA:49,0
DA:50,0
DA:51,0
DA:55,0
DA:58,0
DA:59,0
DA:60,0
DA:61,0
DA:63,0
DA:64,0
DA:65,0
DA:67,0
DA:68,0
DA:69,0
DA:73,0
DA:74,0
DA:75,0
DA:76,0
DA:78,0
DA:79,0
DA:80,0
DA:83,0
DA:84,0
DA:85,0
DA:87,0
DA:88,0
DA:89,0
DA:93,0
DA:96,0
DA:97,0
DA:100,0
DA:101,0
DA:102,0
DA:103,0
DA:104,0
DA:107,0
DA:108,0
DA:109,0
DA:110,0
DA:112,0
DA:118,0
DA:120,0
DA:121,0
DA:124,0
DA:125,0
DA:126,0
DA:127,0
DA:128,0
DA:129,0
DA:130,0
DA:131,0
DA:132,0
DA:134,0
DA:138,0
DA:140,0
DA:143,0
DA:147,0
DA:148,0
DA:149,0
DA:150,0
DA:152,0
DA:162,0
DA:163,0
DA:164,0
DA:166,0
DA:168,0
DA:170,0
DA:174,0
DA:175,0
DA:176,0
DA:177,0
DA:178,0
DA:179,0
DA:180,0
DA:184,0
DA:214,0
DA:225,0
DA:237,0
DA:247,0
DA:253,0
DA:262,0
DA:267,0
LF:108
LH:0
BRDA:39,0,0,0
BRDA:39,0,1,0
BRDA:50,1,0,0
BRDA:50,1,1,0
BRDA:59,2,0,0
BRDA:59,2,1,0
BRDA:63,3,0,0
BRDA:63,3,1,0
BRDA:63,4,0,0
BRDA:63,4,1,0
BRDA:67,5,0,0
BRDA:67,5,1,0
BRDA:67,6,0,0
BRDA:67,6,1,0
BRDA:73,7,0,0
BRDA:73,7,1,0
BRDA:74,8,0,0
BRDA:74,8,1,0
BRDA:74,9,0,0
BRDA:74,9,1,0
BRDA:78,10,0,0
BRDA:78,10,1,0
BRDA:83,11,0,0
BRDA:83,11,1,0
BRDA:87,12,0,0
BRDA:87,12,1,0
BRDA:97,13,0,0
BRDA:97,13,1,0
BRDA:100,14,0,0
BRDA:100,14,1,0
BRDA:101,15,0,0
BRDA:101,15,1,0
BRDA:110,16,0,0
BRDA:110,16,1,0
BRDA:115,17,0,0
BRDA:115,17,1,0
BRDA:118,18,0,0
BRDA:118,18,1,0
BRDA:129,19,0,0
BRDA:129,19,1,0
BRDA:129,20,0,0
BRDA:129,20,1,0
BRDA:131,21,0,0
BRDA:131,21,1,0
BRDA:131,22,0,0
BRDA:131,22,1,0
BRDA:138,23,0,0
BRDA:138,23,1,0
BRDA:150,24,0,0
BRDA:150,24,1,0
BRDA:157,25,0,0
BRDA:157,25,1,0
BRDA:168,26,0,0
BRDA:168,26,1,0
BRDA:175,27,0,0
BRDA:175,27,1,0
BRDA:175,28,0,0
BRDA:175,28,1,0
BRDA:176,29,0,0
BRDA:176,29,1,0
BRDA:177,30,0,0
BRDA:177,30,1,0
BRDA:178,31,0,0
BRDA:178,31,1,0
BRDA:179,32,0,0
BRDA:179,32,1,0
BRDA:180,33,0,0
BRDA:180,33,1,0
BRDA:187,34,0,0
BRDA:187,34,1,0
BRDA:191,35,0,0
BRDA:191,35,1,0
BRDA:237,36,0,0
BRDA:237,36,1,0
BRDA:239,37,0,0
BRDA:239,37,1,0
BRDA:247,38,0,0
BRDA:247,38,1,0
BRDA:252,39,0,0
BRDA:252,39,1,0
BRDA:256,40,0,0
BRDA:256,40,1,0
BRDA:259,41,0,0
BRDA:259,41,1,0
BRDA:266,42,0,0
BRDA:266,42,1,0
BRF:86
BRH:0
end_of_record
TN:
SF:src/screens/WelcomeCustomerScreen.tsx
FN:33,WelcomeCustomerScreen
FN:35,(anonymous_1)
FN:36,(anonymous_2)
FN:50,(anonymous_3)
FN:63,(anonymous_4)
FN:84,(anonymous_5)
FN:100,(anonymous_6)
FN:105,(anonymous_7)
FN:113,(anonymous_8)
FN:117,(anonymous_9)
FN:125,(anonymous_10)
FN:133,(anonymous_11)
FN:137,(anonymous_12)
FN:142,(anonymous_13)
FN:149,(anonymous_14)
FN:151,load
FN:166,(anonymous_16)
FN:170,(anonymous_17)
FN:178,(anonymous_18)
FN:186,(anonymous_19)
FN:193,(anonymous_20)
FN:247,(anonymous_21)
FN:248,(anonymous_22)
FN:251,(anonymous_23)
FNF:24
FNH:0
FNDA:0,WelcomeCustomerScreen
FNDA:0,(anonymous_1)
FNDA:0,(anonymous_2)
FNDA:0,(anonymous_3)
FNDA:0,(anonymous_4)
FNDA:0,(anonymous_5)
FNDA:0,(anonymous_6)
FNDA:0,(anonymous_7)
FNDA:0,(anonymous_8)
FNDA:0,(anonymous_9)
FNDA:0,(anonymous_10)
FNDA:0,(anonymous_11)
FNDA:0,(anonymous_12)
FNDA:0,(anonymous_13)
FNDA:0,(anonymous_14)
FNDA:0,load
FNDA:0,(anonymous_16)
FNDA:0,(anonymous_17)
FNDA:0,(anonymous_18)
FNDA:0,(anonymous_19)
FNDA:0,(anonymous_20)
FNDA:0,(anonymous_21)
FNDA:0,(anonymous_22)
FNDA:0,(anonymous_23)
DA:34,0
DA:35,0
DA:36,0
DA:37,0
DA:38,0
DA:39,0
DA:41,0
DA:42,0
DA:45,0
DA:46,0
DA:47,0
DA:48,0
DA:50,0
DA:51,0
DA:52,0
DA:53,0
DA:54,0
DA:56,0
DA:58,0
DA:63,0
DA:64,0
DA:65,0
DA:66,0
DA:67,0
DA:70,0
DA:71,0
DA:72,0
DA:73,0
DA:74,0
DA:76,0
DA:77,0
DA:79,0
DA:84,0
DA:85,0
DA:88,0
DA:89,0
DA:93,0
DA:94,0
DA:95,0
DA:96,0
DA:100,0
DA:101,0
DA:105,0
DA:106,0
DA:107,0
DA:109,0
DA:110,0
DA:111,0
DA:113,0
DA:114,0
DA:117,0
DA:121,0
DA:122,0
DA:125,0
DA:126,0
DA:127,0
DA:128,0
DA:129,0
DA:133,0
DA:134,0
DA:135,0
DA:137,0
DA:138,0
DA:139,0
DA:142,0
DA:145,0
DA:149,0
DA:150,0
DA:152,0
DA:153,0
DA:154,0
DA:155,0
DA:156,0
DA:158,0
DA:160,0
DA:162,0
DA:165,0
DA:166,0
DA:170,0
DA:172,0
DA:178,0
DA:179,0
DA:186,0
DA:193,0
DA:196,0
DA:247,0
DA:249,0
DA:251,0
DA:320,0
LF:89
LH:0
BRDA:64,0,0,0
BRDA:64,0,1,0
BRDA:64,1,0,0
BRDA:64,1,1,0
BRDA:88,2,0,0
BRDA:88,2,1,0
BRDA:93,3,0,0
BRDA:93,3,1,0
BRDA:93,4,0,0
BRDA:93,4,1,0
BRDA:107,5,0,0
BRDA:107,5,1,0
BRDA:115,6,0,0
BRDA:115,6,1,0
BRDA:115,6,2,0
BRDA:117,7,0,0
BRDA:117,7,1,0
BRDA:140,8,0,0
BRDA:140,8,1,0
BRDA:140,8,2,0
BRDA:142,9,0,0
BRDA:142,9,1,0
BRDA:155,10,0,0
BRDA:155,10,1,0
BRDA:193,11,0,0
BRDA:193,11,1,0
BRDA:239,12,0,0
BRDA:239,12,1,0
BRDA:243,13,0,0
BRDA:243,13,1,0
BRDA:243,13,2,0
BRDA:255,14,0,0
BRDA:255,14,1,0
BRDA:262,15,0,0
BRDA:262,15,1,0
BRDA:279,16,0,0
BRDA:279,16,1,0
BRDA:279,16,2,0
BRF:38
BRH:0
end_of_record
TN:
SF:src/screens/WelcomeProfessionalScreen.tsx
FN:21,WelcomeProfessionalScreen
FN:23,(anonymous_1)
FN:24,(anonymous_2)
FN:25,(anonymous_3)
FN:26,(anonymous_4)
FN:27,(anonymous_5)
FN:28,(anonymous_6)
FN:29,(anonymous_7)
FN:30,(anonymous_8)
FN:33,(anonymous_9)
FN:44,(anonymous_10)
FN:46,(anonymous_11)
FN:55,(anonymous_12)
FN:80,(anonymous_13)
FNF:14
FNH:0
FNDA:0,WelcomeProfessionalScreen
FNDA:0,(anonymous_1)
FNDA:0,(anonymous_2)
FNDA:0,(anonymous_3)
FNDA:0,(anonymous_4)
FNDA:0,(anonymous_5)
FNDA:0,(anonymous_6)
FNDA:0,(anonymous_7)
FNDA:0,(anonymous_8)
FNDA:0,(anonymous_9)
FNDA:0,(anonymous_10)
FNDA:0,(anonymous_11)
FNDA:0,(anonymous_12)
FNDA:0,(anonymous_13)
DA:23,0
DA:24,0
DA:25,0
DA:26,0
DA:27,0
DA:28,0
DA:29,0
DA:30,0
DA:31,0
DA:33,0
DA:34,0
DA:35,0
DA:36,0
DA:38,0
DA:43,0
DA:45,0
DA:46,0
DA:48,0
DA:49,0
DA:51,0
DA:55,0
DA:56,0
DA:61,0
DA:80,0
DA:101,0
LF:25
LH:0
BRDA:48,0,0,0
BRDA:48,0,1,0
BRDA:49,1,0,0
BRDA:49,1,1,0
BRDA:51,2,0,0
BRDA:51,2,1,0
BRF:6
BRH:0
end_of_record
TN:
SF:src/services/googleAuth.ts
FN:4,(anonymous_0)
FN:27,(anonymous_1)
FN:48,useGoogleAuth
FN:49,(anonymous_3)
FN:55,(anonymous_4)
FN:98,(anonymous_5)
FNF:6
FNH:0
FNDA:0,(anonymous_0)
FNDA:0,(anonymous_1)
FNDA:0,useGoogleAuth
FNDA:0,(anonymous_3)
FNDA:0,(anonymous_4)
FNDA:0,(anonymous_5)
DA:2,0
DA:4,0
DA:5,0
DA:6,0
DA:7,0
DA:9,0
DA:15,0
DA:17,0
DA:18,0
DA:19,0
DA:21,0
DA:22,0
DA:27,0
DA:28,0
DA:29,0
DA:30,0
DA:38,0
DA:39,0
DA:41,0
DA:46,0
DA:49,0
DA:50,0
DA:51,0
DA:54,0
DA:56,0
DA:57,0
DA:59,0
DA:62,0
DA:63,0
DA:69,0
DA:72,0
DA:74,0
DA:77,0
DA:78,0
DA:79,0
DA:81,0
DA:85,0
DA:86,0
DA:87,0
DA:89,0
DA:92,0
DA:94,0
DA:95,0
DA:99,0
DA:100,0
DA:101,0
DA:102,0
DA:104,0
LF:48
LH:0
BRDA:5,0,0,0
BRDA:5,0,1,0
BRDA:21,1,0,0
BRDA:21,1,1,0
BRDA:79,2,0,0
BRDA:79,2,1,0
BRDA:89,3,0,0
BRDA:89,3,1,0
BRF:8
BRH:0
end_of_record
TN:
SF:src/services/location.ts
FN:3,requestAndGetLocation
FN:12,geocodeAddress
FN:22,searchCEPByAddress
FNF:3
FNH:0
FNDA:0,requestAndGetLocation
FNDA:0,geocodeAddress
FNDA:0,searchCEPByAddress
DA:4,0
DA:5,0
DA:6,0
DA:8,0
DA:9,0
DA:13,0
DA:14,0
DA:15,0
DA:17,0
DA:18,0
DA:23,0
DA:24,0
DA:25,0
DA:26,0
DA:27,0
DA:29,0
DA:30,0
LF:17
LH:0
BRDA:5,0,0,0
BRDA:5,0,1,0
BRDA:27,1,0,0
BRDA:27,1,1,0
BRF:4
BRH:0
end_of_record
TN:
SF:src/services/notifications.ts
FN:6,registerForPushNotificationsAsync
FN:33,registerPushTokenOnServer
FN:50,(anonymous_2)
FNF:3
FNH:0
FNDA:0,registerForPushNotificationsAsync
FNDA:0,registerPushTokenOnServer
FNDA:0,(anonymous_2)
DA:7,0
DA:8,0
DA:9,0
DA:12,0
DA:13,0
DA:14,0
DA:15,0
DA:16,0
DA:18,0
DA:19,0
DA:20,0
DA:23,0
DA:24,0
DA:25,0
DA:26,0
DA:28,0
DA:29,0
DA:34,0
DA:35,0
DA:37,0
DA:38,0
DA:39,0
DA:40,0
DA:41,0
DA:43,0
DA:44,0
DA:49,0
DA:50,0
LF:28
LH:0
BRDA:7,0,0,0
BRDA:7,0,1,0
BRDA:14,1,0,0
BRDA:14,1,1,0
BRDA:18,2,0,0
BRDA:18,2,1,0
BRDA:35,3,0,0
BRDA:35,3,1,0
BRDA:38,4,0,0
BRDA:38,4,1,0
BRDA:38,4,2,0
BRDA:39,5,0,0
BRDA:39,5,1,0
BRDA:39,6,0,0
BRDA:39,6,1,0
BRDA:39,7,0,0
BRDA:39,7,1,0
BRF:17
BRH:0
end_of_record
TN:
SF:src/services/websocket.ts
FN:7,createWebsocket
FNF:1
FNH:0
FNDA:0,createWebsocket
DA:5,0
DA:8,0
DA:9,0
DA:10,0
DA:11,0
DA:12,0
LF:6
LH:0
BRDA:5,0,0,0
BRDA:5,0,1,0
BRDA:9,1,0,0
BRDA:9,1,1,0
BRF:4
BRH:0
end_of_record
TN:
SF:src/stores/authStore.ts
FN:76,(anonymous_0)
FN:81,(anonymous_1)
FN:92,(anonymous_2)
FN:104,(anonymous_3)
FN:105,(anonymous_4)
FN:106,(anonymous_5)
FN:107,(anonymous_6)
FN:119,(anonymous_7)
FN:150,(anonymous_8)
FN:157,(anonymous_9)
FN:165,(anonymous_10)
FN:173,(anonymous_11)
FN:173,(anonymous_12)
FNF:13
FNH:11
FNDA:2,(anonymous_0)
FNDA:5,(anonymous_1)
FNDA:4,(anonymous_2)
FNDA:4,(anonymous_3)
FNDA:3,(anonymous_4)
FNDA:2,(anonymous_5)
FNDA:1,(anonymous_6)
FNDA:0,(anonymous_7)
FNDA:2,(anonymous_8)
FNDA:28,(anonymous_9)
FNDA:0,(anonymous_10)
FNDA:2,(anonymous_11)
FNDA:2,(anonymous_12)
DA:72,2
DA:74,2
DA:76,2
DA:82,5
DA:84,5
DA:85,5
DA:86,5
DA:87,5
DA:89,0
DA:93,4
DA:95,4
DA:96,4
DA:97,4
DA:98,4
DA:100,0
DA:104,4
DA:105,3
DA:106,2
DA:108,1
DA:110,1
DA:111,1
DA:112,1
DA:114,0
DA:120,0
DA:121,0
DA:122,0
DA:123,0
DA:124,0
DA:126,0
DA:127,0
DA:128,0
DA:130,0
DA:131,0
DA:133,0
DA:134,0
DA:135,0
DA:137,0
DA:138,0
DA:151,2
DA:152,2
DA:154,0
DA:158,28
DA:160,28
DA:166,0
DA:167,0
DA:173,2
DA:174,2
DA:176,2
DA:177,2
DA:178,2
DA:180,0
LF:51
LH:29
BRDA:122,0,0,0
BRDA:122,0,1,0
BRDA:133,1,0,0
BRDA:133,1,1,0
BRDA:174,2,0,2
BRDA:174,2,1,0
BRF:6
BRH:1
end_of_record
TN:
SF:src/stores/locationStore.ts
FN:15,(anonymous_0)
FN:21,(anonymous_1)
FN:22,(anonymous_2)
FN:23,(anonymous_3)
FNF:4
FNH:4
FNDA:1,(anonymous_0)
FNDA:3,(anonymous_1)
FNDA:1,(anonymous_2)
FNDA:4,(anonymous_3)
DA:15,1
DA:21,3
DA:22,1
DA:24,4
DA:25,4
DA:26,4
DA:27,4
DA:28,1
DA:29,1
DA:32,3
DA:33,2
DA:34,0
DA:35,0
DA:38,2
DA:40,2
DA:41,2
DA:42,2
DA:43,2
DA:46,2
DA:48,2
DA:50,1
DA:51,1
LF:22
LH:20
BRDA:27,0,0,1
BRDA:27,0,1,3
BRDA:33,1,0,0
BRDA:33,1,1,2
BRDA:40,2,0,2
BRDA:40,2,1,1
BRDA:41,3,0,2
BRDA:41,3,1,1
BRDA:41,3,2,1
BRDA:42,4,0,2
BRDA:42,4,1,1
BRDA:43,5,0,1
BRDA:43,5,1,1
BRDA:43,6,0,2
BRDA:43,6,1,1
BRDA:43,7,0,1
BRDA:43,7,1,0
BRDA:43,8,0,1
BRDA:43,8,1,1
BRDA:51,9,0,1
BRDA:51,9,1,0
BRF:21
BRH:18
end_of_record
TN:
SF:src/stores/notificationStore.ts
FN:18,(anonymous_0)
FN:20,(anonymous_1)
FN:21,(anonymous_2)
FN:21,(anonymous_3)
FN:22,(anonymous_4)
FN:22,(anonymous_5)
FN:23,(anonymous_6)
FN:29,(anonymous_7)
FN:30,(anonymous_8)
FN:31,(anonymous_9)
FN:32,(anonymous_10)
FNF:11
FNH:0
FNDA:0,(anonymous_0)
FNDA:0,(anonymous_1)
FNDA:0,(anonymous_2)
FNDA:0,(anonymous_3)
FNDA:0,(anonymous_4)
FNDA:0,(anonymous_5)
FNDA:0,(anonymous_6)
FNDA:0,(anonymous_7)
FNDA:0,(anonymous_8)
FNDA:0,(anonymous_9)
FNDA:0,(anonymous_10)
DA:18,0
DA:20,0
DA:21,0
DA:22,0
DA:23,0
DA:29,0
DA:30,0
DA:31,0
DA:32,0
LF:9
LH:0
BRDA:21,0,0,0
BRDA:22,1,0,0
BRDA:30,2,0,0
BRDA:31,3,0,0
BRF:4
BRH:0
end_of_record
TN:
SF:src/stores/projectsNearbyStore.ts
FN:28,(anonymous_0)
FN:35,(anonymous_1)
FN:36,(anonymous_2)
FN:37,(anonymous_3)
FN:38,(anonymous_4)
FN:39,(anonymous_5)
FN:40,(anonymous_6)
FNF:7
FNH:0
FNDA:0,(anonymous_0)
FNDA:0,(anonymous_1)
FNDA:0,(anonymous_2)
FNDA:0,(anonymous_3)
FNDA:0,(anonymous_4)
FNDA:0,(anonymous_5)
FNDA:0,(anonymous_6)
DA:28,0
DA:35,0
DA:36,0
DA:37,0
DA:38,0
DA:39,0
DA:41,0
DA:42,0
DA:43,0
DA:44,0
DA:48,0
DA:53,0
DA:55,0
DA:56,0
DA:57,0
DA:61,0
DA:62,0
DA:63,0
DA:64,0
DA:65,0
DA:66,0
DA:71,0
DA:72,0
DA:76,0
DA:78,0
DA:79,0
DA:80,0
DA:81,0
DA:82,0
DA:84,0
DA:85,0
DA:86,0
DA:88,0
DA:93,0
DA:94,0
DA:95,0
DA:97,0
DA:98,0
DA:99,0
LF:39
LH:0
BRDA:40,0,0,0
BRDA:43,1,0,0
BRDA:43,1,1,0
BRDA:48,2,0,0
BRDA:48,2,1,0
BRDA:53,3,0,0
BRDA:53,3,1,0
BRDA:53,3,2,0
BRDA:62,4,0,0
BRDA:62,4,1,0
BRDA:62,5,0,0
BRDA:62,5,1,0
BRDA:62,5,2,0
BRDA:64,6,0,0
BRDA:64,6,1,0
BRDA:65,7,0,0
BRDA:65,7,1,0
BRDA:66,8,0,0
BRDA:66,8,1,0
BRDA:71,9,0,0
BRDA:71,9,1,0
BRDA:71,10,0,0
BRDA:71,10,1,0
BRDA:71,10,2,0
BRDA:79,11,0,0
BRDA:79,11,1,0
BRDA:80,12,0,0
BRDA:80,12,1,0
BRDA:81,13,0,0
BRDA:81,13,1,0
BRDA:82,14,0,0
BRDA:82,14,1,0
BRDA:84,15,0,0
BRDA:84,15,1,0
BRDA:85,16,0,0
BRDA:85,16,1,0
BRDA:93,17,0,0
BRDA:93,17,1,0
BRDA:98,18,0,0
BRDA:98,18,1,0
BRF:40
BRH:0
end_of_record
TN:
SF:src/stores/settingsStore.ts
FN:18,(anonymous_0)
FN:22,(anonymous_1)
FN:23,(anonymous_2)
FN:33,(anonymous_3)
FN:44,(anonymous_4)
FN:49,(anonymous_5)
FN:56,(anonymous_6)
FN:65,(anonymous_7)
FNF:8
FNH:0
FNDA:0,(anonymous_0)
FNDA:0,(anonymous_1)
FNDA:0,(anonymous_2)
FNDA:0,(anonymous_3)
FNDA:0,(anonymous_4)
FNDA:0,(anonymous_5)
FNDA:0,(anonymous_6)
FNDA:0,(anonymous_7)
DA:16,0
DA:18,0
DA:22,0
DA:24,0
DA:25,0
DA:26,0
DA:27,0
DA:29,0
DA:30,0
DA:34,0
DA:35,0
DA:36,0
DA:37,0
DA:38,0
DA:40,0
DA:41,0
DA:44,0
DA:50,0
DA:51,0
DA:53,0
DA:57,0
DA:59,0
DA:60,0
DA:66,0
DA:67,0
LF:25
LH:0
BRDA:30,0,0,0
BRDA:30,0,1,0
BRDA:41,1,0,0
BRDA:41,1,1,0
BRDA:59,2,0,0
BRDA:59,2,1,0
BRF:6
BRH:0
end_of_record
TN:
SF:src/theme/colors.ts
FNF:0
FNH:0
DA:1,1
LF:1
LH:1
BRF:0
BRH:0
end_of_record
TN:
SF:src/theme/fonts.ts
FNF:0
FNH:0
DA:1,0
LF:1
LH:0
BRF:0
BRH:0
end_of_record
TN:
SF:src/theme/index.ts
FNF:0
FNH:0
DA:5,0
DA:53,0
DA:101,0
DA:110,0
DA:118,0
LF:5
LH:0
BRF:0
BRH:0
end_of_record
TN:
SF:src/theme/styles.ts
FNF:0
FNH:0
DA:5,0
DA:14,0
DA:22,0
LF:3
LH:0
BRF:0
BRH:0
end_of_record
TN:
SF:src/utils/address.ts
FNF:0
FNH:0
DA:3,0
LF:1
LH:0
BRF:0
BRH:0
end_of_record
TN:
SF:src/utils/array.ts
FN:5,groupBy
FN:6,(anonymous_1)
FN:16,sortByDate
FN:21,(anonymous_3)
FN:29,uniqueBy
FN:31,(anonymous_5)
FN:41,chunk
FNF:7
FNH:7
FNDA:4,groupBy
FNDA:11,(anonymous_1)
FNDA:5,sortByDate
FNDA:13,(anonymous_3)
FNDA:3,uniqueBy
FNDA:6,(anonymous_5)
FNDA:4,chunk
DA:6,4
DA:7,11
DA:8,11
DA:9,7
DA:11,11
DA:12,11
DA:21,5
DA:22,13
DA:23,13
DA:25,13
DA:30,3
DA:31,3
DA:32,6
DA:33,6
DA:34,2
DA:36,4
DA:37,4
DA:42,4
DA:43,4
DA:44,7
DA:46,4
LF:21
LH:21
BRDA:8,0,0,7
BRDA:8,0,1,4
BRDA:19,1,0,2
BRDA:25,2,0,10
BRDA:25,2,1,3
BRDA:33,3,0,2
BRDA:33,3,1,4
BRF:7
BRH:7
end_of_record
TN:
SF:src/utils/cpf.ts
FN:1,onlyDigits
FN:5,isValidCPF
FN:12,(anonymous_2)
FN:12,(anonymous_3)
FN:15,(anonymous_4)
FNF:5
FNH:5
FNDA:14,onlyDigits
FNDA:12,isValidCPF
FNDA:3,(anonymous_2)
FNDA:33,(anonymous_3)
FNDA:6,(anonymous_4)
DA:2,14
DA:6,12
DA:7,9
DA:8,9
DA:10,6
DA:12,33
DA:13,3
DA:15,3
DA:16,6
DA:17,6
DA:18,57
DA:20,6
DA:21,6
DA:24,3
DA:25,3
DA:27,3
LF:16
LH:16
BRDA:2,0,0,14
BRDA:2,0,1,1
BRDA:6,1,0,3
BRDA:6,1,1,9
BRDA:8,2,0,3
BRDA:8,2,1,6
BRDA:10,3,0,3
BRDA:10,3,1,3
BRDA:21,4,0,1
BRDA:21,4,1,5
BRDA:27,5,0,3
BRDA:27,5,1,3
BRF:12
BRH:12
end_of_record
TN:
SF:src/utils/format.ts
FN:1,maskName
FN:10,(anonymous_1)
FN:15,maskPhone
FNF:3
FNH:0
FNDA:0,maskName
FNDA:0,(anonymous_1)
FNDA:0,maskPhone
DA:2,0
DA:3,0
DA:4,0
DA:6,0
DA:7,0
DA:8,0
DA:10,0
DA:12,0
DA:16,0
DA:17,0
DA:18,0
DA:19,0
DA:20,0
LF:13
LH:0
BRDA:2,0,0,0
BRDA:2,0,1,0
BRDA:4,1,0,0
BRDA:4,1,1,0
BRDA:7,2,0,0
BRDA:7,2,1,0
BRDA:8,3,0,0
BRDA:8,3,1,0
BRDA:16,4,0,0
BRDA:16,4,1,0
BRDA:18,5,0,0
BRDA:18,5,1,0
BRF:12
BRH:0
end_of_record
TN:
SF:src/utils/formatters.ts
FN:5,formatCurrency
FN:12,formatDate
FN:18,formatNumber
FN:22,formatRelativeTime
FNF:4
FNH:4
FNDA:6,formatCurrency
FNDA:2,formatDate
FNDA:3,formatNumber
FNDA:4,formatRelativeTime
DA:6,6
DA:13,2
DA:15,2
DA:19,3
DA:23,4
DA:24,4
DA:25,4
DA:27,4
DA:28,4
DA:29,4
DA:31,4
DA:32,2
DA:33,2
DA:34,1
DA:36,1
LF:15
LH:15
BRDA:13,0,0,1
BRDA:13,0,1,1
BRDA:23,1,0,1
BRDA:23,1,1,3
BRDA:31,2,0,2
BRDA:31,2,1,2
BRDA:33,3,0,1
BRDA:33,3,1,1
BRF:8
BRH:8
end_of_record
TN:
SF:src/utils/geo.ts
FN:14,calculateDistance
FN:35,toRad
FN:39,formatDistance
FNF:3
FNH:3
FNDA:6,calculateDistance
FNDA:24,toRad
FNDA:9,formatDistance
DA:18,6
DA:20,6
DA:21,6
DA:23,6
DA:24,6
DA:27,6
DA:30,6
DA:32,6
DA:36,24
DA:40,9
DA:41,5
DA:43,4
LF:12
LH:12
BRDA:40,0,0,5
BRDA:40,0,1,4
BRF:2
BRH:2
end_of_record
TN:
SF:src/utils/helpers.ts
FN:5,debounce
FN:11,executedFunction
FN:12,(anonymous_2)
FN:24,throttle
FN:30,executedFunction
FN:34,(anonymous_5)
FN:39,sleep
FN:40,(anonymous_7)
FN:43,retry
FN:48,(anonymous_9)
FN:52,(anonymous_10)
FNF:11
FNH:11
FNDA:4,debounce
FNDA:9,executedFunction
FNDA:4,(anonymous_2)
FNDA:3,throttle
FNDA:7,executedFunction
FNDA:2,(anonymous_5)
FNDA:4,sleep
FNDA:4,(anonymous_7)
FNDA:6,retry
FNDA:4,(anonymous_9)
FNDA:3,(anonymous_10)
DA:9,4
DA:11,4
DA:12,9
DA:13,4
DA:14,4
DA:17,9
DA:18,5
DA:20,9
DA:30,3
DA:31,7
DA:32,5
DA:33,5
DA:34,5
DA:40,4
DA:48,6
DA:49,4
DA:50,1
DA:52,3
LF:18
LH:18
BRDA:17,0,0,5
BRDA:17,0,1,4
BRDA:31,1,0,5
BRDA:31,1,1,2
BRDA:45,2,0,0
BRDA:46,3,0,0
BRDA:49,4,0,1
BRDA:49,4,1,3
BRF:8
BRH:6
end_of_record
TN:
SF:src/utils/roles.ts
FN:1,getRouteForRoles
FNF:1
FNH:1
FNDA:11,getRouteForRoles
DA:3,11
DA:4,5
DA:5,2
DA:8,6
DA:10,3
DA:11,3
DA:13,3
DA:14,2
DA:15,1
LF:9
LH:9
BRDA:3,0,0,5
BRDA:3,0,1,6
BRDA:4,1,0,3
BRDA:4,1,1,2
BRDA:5,2,0,2
BRDA:5,2,1,0
BRDA:8,3,0,3
BRDA:8,3,1,3
BRDA:8,4,0,6
BRDA:8,4,1,4
BRDA:13,5,0,1
BRDA:13,5,1,2
BRDA:13,6,0,3
BRDA:13,6,1,2
BRDA:14,7,0,1
BRDA:14,7,1,1
BRF:16
BRH:15
end_of_record
TN:
SF:src/utils/text.ts
FN:5,truncateText
FN:13,capitalizeFirstLetter
FN:17,slugify
FNF:3
FNH:3
FNDA:6,truncateText
FNDA:5,capitalizeFirstLetter
FNDA:9,slugify
DA:6,6
DA:7,4
DA:10,2
DA:14,5
DA:18,9
LF:5
LH:5
BRDA:6,0,0,4
BRDA:6,0,1,2
BRF:2
BRH:2
end_of_record
TN:
SF:src/utils/validators.ts
FN:5,validateCPF
FN:22,validateEmail
FN:29,validatePhone
FN:36,validatePassword
FNF:4
FNH:4
FNDA:15,validateCPF
FNDA:17,validateEmail
FNDA:10,validatePhone
FNDA:6,validatePassword
DA:6,15
DA:9,11
DA:12,11
DA:15,8
DA:19,5
DA:23,17
DA:25,13
DA:26,13
DA:30,10
DA:32,7
DA:33,7
DA:37,6
LF:12
LH:12
BRDA:6,0,0,4
BRDA:6,0,1,11
BRDA:12,1,0,3
BRDA:12,1,1,8
BRDA:15,2,0,3
BRDA:15,2,1,5
BRDA:23,3,0,4
BRDA:23,3,1,13
BRDA:30,4,0,3
BRDA:30,4,1,7
BRDA:33,5,0,7
BRDA:33,5,1,5
BRF:12
BRH:12
end_of_record
